{"/home/lucashaddad/workfolder/studying/tests/adil-messenger/src/app.module.ts": {"path":"/home/lucashaddad/workfolder/studying/tests/adil-messenger/src/app.module.ts","statementMap":{"0":{"start":{"line":1,"column":0},"end":{"line":1,"column":40}},"1":{"start":{"line":2,"column":0},"end":{"line":2,"column":46}},"2":{"start":{"line":3,"column":0},"end":{"line":3,"column":41}},"3":{"start":{"line":4,"column":0},"end":{"line":4,"column":60}},"4":{"start":{"line":5,"column":0},"end":{"line":5,"column":57}},"5":{"start":{"line":6,"column":0},"end":{"line":6,"column":51}},"6":{"start":{"line":7,"column":0},"end":{"line":7,"column":48}},"7":{"start":{"line":8,"column":0},"end":{"line":8,"column":61}},"8":{"start":{"line":9,"column":0},"end":{"line":9,"column":51}},"9":{"start":{"line":10,"column":0},"end":{"line":10,"column":59}},"10":{"start":{"line":11,"column":0},"end":{"line":11,"column":60}},"11":{"start":{"line":12,"column":0},"end":{"line":12,"column":53}},"12":{"start":{"line":38,"column":7},"end":{"line":38,"column":null}},"13":{"start":{"line":38,"column":13},"end":{"line":38,"column":22}},"14":{"start":{"line":38,"column":13},"end":{"line":38,"column":null}}},"fnMap":{},"branchMap":{},"s":{"0":0,"1":0,"2":0,"3":0,"4":0,"5":0,"6":0,"7":0,"8":0,"9":0,"10":0,"11":0,"12":0,"13":0,"14":0},"f":{},"b":{}}
,"/home/lucashaddad/workfolder/studying/tests/adil-messenger/src/auth/auth.controller.ts": {"path":"/home/lucashaddad/workfolder/studying/tests/adil-messenger/src/auth/auth.controller.ts","statementMap":{"0":{"start":{"line":1,"column":0},"end":{"line":1,"column":null}},"1":{"start":{"line":12,"column":0},"end":{"line":12,"column":null}},"2":{"start":{"line":19,"column":0},"end":{"line":19,"column":50}},"3":{"start":{"line":20,"column":0},"end":{"line":20,"column":60}},"4":{"start":{"line":21,"column":0},"end":{"line":21,"column":53}},"5":{"start":{"line":22,"column":0},"end":{"line":22,"column":70}},"6":{"start":{"line":23,"column":0},"end":{"line":23,"column":43}},"7":{"start":{"line":24,"column":0},"end":{"line":24,"column":49}},"8":{"start":{"line":25,"column":0},"end":{"line":25,"column":91}},"9":{"start":{"line":30,"column":7},"end":{"line":152,"column":null}},"10":{"start":{"line":31,"column":22},"end":{"line":31,"column":35}},"11":{"start":{"line":51,"column":19},"end":{"line":51,"column":63}},"12":{"start":{"line":52,"column":4},"end":{"line":52,"column":41}},"13":{"start":{"line":53,"column":4},"end":{"line":53,"column":18}},"14":{"start":{"line":74,"column":19},"end":{"line":74,"column":57}},"15":{"start":{"line":75,"column":4},"end":{"line":75,"column":41}},"16":{"start":{"line":76,"column":4},"end":{"line":76,"column":18}},"17":{"start":{"line":98,"column":4},"end":{"line":98,"column":29}},"18":{"start":{"line":99,"column":4},"end":{"line":99,"column":48}},"19":{"start":{"line":112,"column":22},"end":{"line":112,"column":64}},"20":{"start":{"line":113,"column":4},"end":{"line":113,"column":34}},"21":{"start":{"line":114,"column":4},"end":{"line":114,"column":25}},"22":{"start":{"line":126,"column":59},"end":{"line":126,"column":67}},"23":{"start":{"line":127,"column":4},"end":{"line":127,"column":23}},"24":{"start":{"line":148,"column":19},"end":{"line":148,"column":64}},"25":{"start":{"line":149,"column":4},"end":{"line":149,"column":41}},"26":{"start":{"line":150,"column":4},"end":{"line":150,"column":18}},"27":{"start":{"line":30,"column":13},"end":{"line":30,"column":27}},"28":{"start":{"line":47,"column":8},"end":{"line":54,"column":null}},"29":{"start":{"line":70,"column":8},"end":{"line":77,"column":null}},"30":{"start":{"line":94,"column":8},"end":{"line":100,"column":null}},"31":{"start":{"line":111,"column":8},"end":{"line":115,"column":null}},"32":{"start":{"line":125,"column":8},"end":{"line":128,"column":null}},"33":{"start":{"line":144,"column":8},"end":{"line":151,"column":null}},"34":{"start":{"line":30,"column":13},"end":{"line":152,"column":null}}},"fnMap":{"0":{"name":"(anonymous_4)","decl":{"start":{"line":31,"column":2},"end":{"line":31,"column":22}},"loc":{"start":{"line":31,"column":46},"end":{"line":31,"column":50}}},"1":{"name":"(anonymous_5)","decl":{"start":{"line":47,"column":2},"end":{"line":47,"column":7}},"loc":{"start":{"line":49,"column":43},"end":{"line":54,"column":3}}},"2":{"name":"(anonymous_6)","decl":{"start":{"line":70,"column":2},"end":{"line":70,"column":7}},"loc":{"start":{"line":72,"column":43},"end":{"line":77,"column":3}}},"3":{"name":"(anonymous_7)","decl":{"start":{"line":94,"column":2},"end":{"line":94,"column":7}},"loc":{"start":{"line":96,"column":43},"end":{"line":100,"column":3}}},"4":{"name":"(anonymous_8)","decl":{"start":{"line":111,"column":2},"end":{"line":111,"column":7}},"loc":{"start":{"line":111,"column":60},"end":{"line":115,"column":3}}},"5":{"name":"(anonymous_9)","decl":{"start":{"line":125,"column":2},"end":{"line":125,"column":7}},"loc":{"start":{"line":125,"column":33},"end":{"line":128,"column":3}}},"6":{"name":"(anonymous_10)","decl":{"start":{"line":144,"column":2},"end":{"line":144,"column":7}},"loc":{"start":{"line":146,"column":43},"end":{"line":151,"column":3}}}},"branchMap":{},"s":{"0":1,"1":1,"2":1,"3":1,"4":1,"5":1,"6":1,"7":1,"8":1,"9":1,"10":8,"11":2,"12":1,"13":1,"14":2,"15":1,"16":1,"17":1,"18":1,"19":1,"20":1,"21":1,"22":1,"23":1,"24":1,"25":1,"26":1,"27":1,"28":1,"29":1,"30":1,"31":1,"32":1,"33":1,"34":1},"f":{"0":8,"1":2,"2":2,"3":1,"4":1,"5":1,"6":1},"b":{}}
,"/home/lucashaddad/workfolder/studying/tests/adil-messenger/src/auth/auth.module.ts": {"path":"/home/lucashaddad/workfolder/studying/tests/adil-messenger/src/auth/auth.module.ts","statementMap":{"0":{"start":{"line":1,"column":0},"end":{"line":1,"column":40}},"1":{"start":{"line":2,"column":0},"end":{"line":2,"column":40}},"2":{"start":{"line":3,"column":0},"end":{"line":3,"column":50}},"3":{"start":{"line":4,"column":0},"end":{"line":4,"column":48}},"4":{"start":{"line":5,"column":0},"end":{"line":5,"column":61}},"5":{"start":{"line":6,"column":0},"end":{"line":6,"column":56}},"6":{"start":{"line":7,"column":0},"end":{"line":7,"column":50}},"7":{"start":{"line":8,"column":0},"end":{"line":8,"column":61}},"8":{"start":{"line":9,"column":0},"end":{"line":9,"column":65}},"9":{"start":{"line":10,"column":0},"end":{"line":10,"column":46}},"10":{"start":{"line":32,"column":7},"end":{"line":32,"column":null}},"11":{"start":{"line":32,"column":13},"end":{"line":32,"column":23}},"12":{"start":{"line":32,"column":13},"end":{"line":32,"column":null}},"13":{"start":{"line":19,"column":59},"end":{"line":24,"column":8}}},"fnMap":{"0":{"name":"(anonymous_1)","decl":{"start":{"line":19,"column":18},"end":{"line":19,"column":23}},"loc":{"start":{"line":19,"column":59},"end":{"line":24,"column":8}}}},"branchMap":{"0":{"loc":{"start":{"line":20,"column":16},"end":{"line":20,"column":101}},"type":"binary-expr","locations":[{"start":{"line":20,"column":16},"end":{"line":20,"column":55}},{"start":{"line":20,"column":59},"end":{"line":20,"column":101}}]}},"s":{"0":0,"1":0,"2":0,"3":0,"4":0,"5":0,"6":0,"7":0,"8":0,"9":0,"10":0,"11":0,"12":0,"13":0},"f":{"0":0},"b":{"0":[0,0]}}
,"/home/lucashaddad/workfolder/studying/tests/adil-messenger/src/auth/auth.service.ts": {"path":"/home/lucashaddad/workfolder/studying/tests/adil-messenger/src/auth/auth.service.ts","statementMap":{"0":{"start":{"line":1,"column":0},"end":{"line":1,"column":86}},"1":{"start":{"line":2,"column":0},"end":{"line":2,"column":41}},"2":{"start":{"line":3,"column":0},"end":{"line":3,"column":37}},"3":{"start":{"line":4,"column":0},"end":{"line":4,"column":51}},"4":{"start":{"line":5,"column":0},"end":{"line":5,"column":37}},"5":{"start":{"line":6,"column":0},"end":{"line":6,"column":46}},"6":{"start":{"line":13,"column":7},"end":{"line":114,"column":null}},"7":{"start":{"line":16,"column":12},"end":{"line":16,"column":28}},"8":{"start":{"line":17,"column":12},"end":{"line":17,"column":24}},"9":{"start":{"line":21,"column":17},"end":{"line":21,"column":72}},"10":{"start":{"line":23,"column":4},"end":{"line":25,"column":5}},"11":{"start":{"line":24,"column":6},"end":{"line":24,"column":18}},"12":{"start":{"line":27,"column":4},"end":{"line":27,"column":16}},"13":{"start":{"line":31,"column":52},"end":{"line":31,"column":63}},"14":{"start":{"line":34,"column":25},"end":{"line":36,"column":6}},"15":{"start":{"line":38,"column":4},"end":{"line":45,"column":5}},"16":{"start":{"line":39,"column":6},"end":{"line":41,"column":7}},"17":{"start":{"line":40,"column":8},"end":{"line":40,"column":64}},"18":{"start":{"line":42,"column":6},"end":{"line":44,"column":7}},"19":{"start":{"line":43,"column":8},"end":{"line":43,"column":62}},"20":{"start":{"line":48,"column":17},"end":{"line":53,"column":6}},"21":{"start":{"line":55,"column":4},"end":{"line":55,"column":41}},"22":{"start":{"line":58,"column":4},"end":{"line":58,"column":43}},"23":{"start":{"line":62,"column":32},"end":{"line":62,"column":40}},"24":{"start":{"line":64,"column":17},"end":{"line":64,"column":57}},"25":{"start":{"line":66,"column":4},"end":{"line":68,"column":5}},"26":{"start":{"line":67,"column":6},"end":{"line":67,"column":61}},"27":{"start":{"line":70,"column":4},"end":{"line":70,"column":43}},"28":{"start":{"line":74,"column":4},"end":{"line":74,"column":73}},"29":{"start":{"line":75,"column":4},"end":{"line":75,"column":50}},"30":{"start":{"line":79,"column":4},"end":{"line":79,"column":43}},"31":{"start":{"line":83,"column":22},"end":{"line":83,"column":53}},"32":{"start":{"line":84,"column":22},"end":{"line":84,"column":52}},"33":{"start":{"line":87,"column":4},"end":{"line":87,"column":79}},"34":{"start":{"line":89,"column":32},"end":{"line":93,"column":6}},"35":{"start":{"line":95,"column":24},"end":{"line":95,"column":53}},"36":{"start":{"line":97,"column":4},"end":{"line":108,"column":6}},"37":{"start":{"line":112,"column":4},"end":{"line":112,"column":43}},"38":{"start":{"line":13,"column":13},"end":{"line":13,"column":24}},"39":{"start":{"line":13,"column":13},"end":{"line":114,"column":null}}},"fnMap":{"0":{"name":"(anonymous_4)","decl":{"start":{"line":14,"column":2},"end":{"line":14,"column":null}},"loc":{"start":{"line":17,"column":34},"end":{"line":18,"column":6}}},"1":{"name":"(anonymous_5)","decl":{"start":{"line":20,"column":2},"end":{"line":20,"column":7}},"loc":{"start":{"line":20,"column":52},"end":{"line":28,"column":3}}},"2":{"name":"(anonymous_6)","decl":{"start":{"line":30,"column":2},"end":{"line":30,"column":7}},"loc":{"start":{"line":30,"column":41},"end":{"line":59,"column":3}}},"3":{"name":"(anonymous_7)","decl":{"start":{"line":61,"column":2},"end":{"line":61,"column":7}},"loc":{"start":{"line":61,"column":32},"end":{"line":71,"column":3}}},"4":{"name":"(anonymous_8)","decl":{"start":{"line":73,"column":2},"end":{"line":73,"column":7}},"loc":{"start":{"line":73,"column":29},"end":{"line":76,"column":3}}},"5":{"name":"(anonymous_9)","decl":{"start":{"line":78,"column":2},"end":{"line":78,"column":7}},"loc":{"start":{"line":78,"column":25},"end":{"line":80,"column":3}}},"6":{"name":"(anonymous_10)","decl":{"start":{"line":82,"column":10},"end":{"line":82,"column":15}},"loc":{"start":{"line":82,"column":47},"end":{"line":109,"column":3}}},"7":{"name":"(anonymous_11)","decl":{"start":{"line":111,"column":2},"end":{"line":111,"column":7}},"loc":{"start":{"line":111,"column":31},"end":{"line":113,"column":3}}}},"branchMap":{"0":{"loc":{"start":{"line":23,"column":4},"end":{"line":25,"column":5}},"type":"if","locations":[{"start":{"line":23,"column":4},"end":{"line":25,"column":5}}]},"1":{"loc":{"start":{"line":23,"column":8},"end":{"line":23,"column":53}},"type":"binary-expr","locations":[{"start":{"line":23,"column":8},"end":{"line":23,"column":12}},{"start":{"line":23,"column":16},"end":{"line":23,"column":53}}]},"2":{"loc":{"start":{"line":38,"column":4},"end":{"line":45,"column":5}},"type":"if","locations":[{"start":{"line":38,"column":4},"end":{"line":45,"column":5}}]},"3":{"loc":{"start":{"line":39,"column":6},"end":{"line":41,"column":7}},"type":"if","locations":[{"start":{"line":39,"column":6},"end":{"line":41,"column":7}}]},"4":{"loc":{"start":{"line":42,"column":6},"end":{"line":44,"column":7}},"type":"if","locations":[{"start":{"line":42,"column":6},"end":{"line":44,"column":7}}]},"5":{"loc":{"start":{"line":66,"column":4},"end":{"line":68,"column":5}},"type":"if","locations":[{"start":{"line":66,"column":4},"end":{"line":68,"column":5}}]}},"s":{"0":2,"1":2,"2":2,"3":2,"4":2,"5":2,"6":2,"7":11,"8":11,"9":6,"10":6,"11":2,"12":4,"13":5,"14":5,"15":5,"16":4,"17":2,"18":2,"19":2,"20":1,"21":1,"22":1,"23":3,"24":3,"25":3,"26":2,"27":1,"28":1,"29":1,"30":4,"31":3,"32":3,"33":3,"34":3,"35":3,"36":3,"37":1,"38":2,"39":2},"f":{"0":11,"1":6,"2":5,"3":3,"4":1,"5":4,"6":3,"7":1},"b":{"0":[2],"1":[6,5],"2":[4],"3":[2],"4":[2],"5":[2]}}
,"/home/lucashaddad/workfolder/studying/tests/adil-messenger/src/auth/decorators/public.decorator.ts": {"path":"/home/lucashaddad/workfolder/studying/tests/adil-messenger/src/auth/decorators/public.decorator.ts","statementMap":{"0":{"start":{"line":1,"column":0},"end":{"line":1,"column":45}},"1":{"start":{"line":3,"column":13},"end":{"line":3,"column":40}},"2":{"start":{"line":4,"column":22},"end":{"line":4,"column":60}},"3":{"start":{"line":4,"column":28},"end":{"line":4,"column":60}},"4":{"start":{"line":4,"column":13},"end":{"line":4,"column":22}},"5":{"start":{"line":6,"column":13},"end":{"line":6,"column":40}},"6":{"start":{"line":7,"column":24},"end":{"line":7,"column":62}},"7":{"start":{"line":7,"column":30},"end":{"line":7,"column":62}},"8":{"start":{"line":7,"column":13},"end":{"line":7,"column":24}}},"fnMap":{"0":{"name":"(anonymous_0)","decl":{"start":{"line":4,"column":22},"end":{"line":4,"column":25}},"loc":{"start":{"line":4,"column":28},"end":{"line":4,"column":60}}},"1":{"name":"(anonymous_1)","decl":{"start":{"line":7,"column":24},"end":{"line":7,"column":27}},"loc":{"start":{"line":7,"column":30},"end":{"line":7,"column":62}}}},"branchMap":{},"s":{"0":1,"1":1,"2":1,"3":3,"4":1,"5":1,"6":1,"7":3,"8":1},"f":{"0":3,"1":3},"b":{}}
,"/home/lucashaddad/workfolder/studying/tests/adil-messenger/src/auth/guards/csrf.guard.ts": {"path":"/home/lucashaddad/workfolder/studying/tests/adil-messenger/src/auth/guards/csrf.guard.ts","statementMap":{"0":{"start":{"line":1,"column":0},"end":{"line":1,"column":95}},"1":{"start":{"line":2,"column":0},"end":{"line":2,"column":41}},"2":{"start":{"line":5,"column":7},"end":{"line":40,"column":null}},"3":{"start":{"line":6,"column":22},"end":{"line":6,"column":33}},"4":{"start":{"line":9,"column":21},"end":{"line":12,"column":6}},"5":{"start":{"line":14,"column":21},"end":{"line":17,"column":6}},"6":{"start":{"line":19,"column":4},"end":{"line":21,"column":5}},"7":{"start":{"line":20,"column":6},"end":{"line":20,"column":18}},"8":{"start":{"line":23,"column":20},"end":{"line":23,"column":55}},"9":{"start":{"line":24,"column":19},"end":{"line":24,"column":33}},"10":{"start":{"line":27,"column":4},"end":{"line":29,"column":5}},"11":{"start":{"line":28,"column":6},"end":{"line":28,"column":18}},"12":{"start":{"line":31,"column":22},"end":{"line":31,"column":76}},"13":{"start":{"line":32,"column":29},"end":{"line":32,"column":55}},"14":{"start":{"line":34,"column":4},"end":{"line":36,"column":5}},"15":{"start":{"line":35,"column":6},"end":{"line":35,"column":57}},"16":{"start":{"line":38,"column":4},"end":{"line":38,"column":16}},"17":{"start":{"line":5,"column":13},"end":{"line":5,"column":22}},"18":{"start":{"line":5,"column":13},"end":{"line":40,"column":null}}},"fnMap":{"0":{"name":"(anonymous_2)","decl":{"start":{"line":6,"column":2},"end":{"line":6,"column":22}},"loc":{"start":{"line":6,"column":42},"end":{"line":6,"column":46}}},"1":{"name":"(anonymous_3)","decl":{"start":{"line":8,"column":2},"end":{"line":8,"column":13}},"loc":{"start":{"line":8,"column":39},"end":{"line":39,"column":3}}}},"branchMap":{"0":{"loc":{"start":{"line":19,"column":4},"end":{"line":21,"column":5}},"type":"if","locations":[{"start":{"line":19,"column":4},"end":{"line":21,"column":5}}]},"1":{"loc":{"start":{"line":19,"column":8},"end":{"line":19,"column":28}},"type":"binary-expr","locations":[{"start":{"line":19,"column":8},"end":{"line":19,"column":16}},{"start":{"line":19,"column":20},"end":{"line":19,"column":28}}]},"2":{"loc":{"start":{"line":27,"column":4},"end":{"line":29,"column":5}},"type":"if","locations":[{"start":{"line":27,"column":4},"end":{"line":29,"column":5}}]},"3":{"loc":{"start":{"line":31,"column":22},"end":{"line":31,"column":76}},"type":"binary-expr","locations":[{"start":{"line":31,"column":22},"end":{"line":31,"column":53}},{"start":{"line":31,"column":57},"end":{"line":31,"column":76}}]},"4":{"loc":{"start":{"line":34,"column":4},"end":{"line":36,"column":5}},"type":"if","locations":[{"start":{"line":34,"column":4},"end":{"line":36,"column":5}}]},"5":{"loc":{"start":{"line":34,"column":8},"end":{"line":34,"column":73}},"type":"binary-expr","locations":[{"start":{"line":34,"column":8},"end":{"line":34,"column":18}},{"start":{"line":34,"column":22},"end":{"line":34,"column":39}},{"start":{"line":34,"column":43},"end":{"line":34,"column":73}}]}},"s":{"0":2,"1":2,"2":2,"3":8,"4":0,"5":0,"6":0,"7":0,"8":0,"9":0,"10":0,"11":0,"12":0,"13":0,"14":0,"15":0,"16":0,"17":2,"18":2},"f":{"0":8,"1":0},"b":{"0":[0],"1":[0,0],"2":[0],"3":[0,0],"4":[0],"5":[0,0,0]}}
,"/home/lucashaddad/workfolder/studying/tests/adil-messenger/src/auth/guards/jwt-auth.guard.ts": {"path":"/home/lucashaddad/workfolder/studying/tests/adil-messenger/src/auth/guards/jwt-auth.guard.ts","statementMap":{"0":{"start":{"line":1,"column":0},"end":{"line":1,"column":62}},"1":{"start":{"line":2,"column":0},"end":{"line":2,"column":45}},"2":{"start":{"line":3,"column":0},"end":{"line":3,"column":41}},"3":{"start":{"line":6,"column":7},"end":{"line":23,"column":null}},"4":{"start":{"line":8,"column":4},"end":{"line":8,"column":12}},"5":{"start":{"line":7,"column":22},"end":{"line":7,"column":33}},"6":{"start":{"line":12,"column":21},"end":{"line":15,"column":6}},"7":{"start":{"line":17,"column":4},"end":{"line":19,"column":5}},"8":{"start":{"line":18,"column":6},"end":{"line":18,"column":18}},"9":{"start":{"line":21,"column":4},"end":{"line":21,"column":38}},"10":{"start":{"line":6,"column":13},"end":{"line":6,"column":25}},"11":{"start":{"line":6,"column":13},"end":{"line":23,"column":null}}},"fnMap":{"0":{"name":"(anonymous_2)","decl":{"start":{"line":7,"column":2},"end":{"line":7,"column":22}},"loc":{"start":{"line":7,"column":42},"end":{"line":9,"column":3}}},"1":{"name":"(anonymous_3)","decl":{"start":{"line":11,"column":2},"end":{"line":11,"column":13}},"loc":{"start":{"line":11,"column":39},"end":{"line":22,"column":3}}}},"branchMap":{"0":{"loc":{"start":{"line":17,"column":4},"end":{"line":19,"column":5}},"type":"if","locations":[{"start":{"line":17,"column":4},"end":{"line":19,"column":5}}]}},"s":{"0":2,"1":2,"2":2,"3":2,"4":8,"5":8,"6":0,"7":0,"8":0,"9":0,"10":2,"11":2},"f":{"0":8,"1":0},"b":{"0":[0]}}
,"/home/lucashaddad/workfolder/studying/tests/adil-messenger/src/auth/strategies/jwt.strategy.ts": {"path":"/home/lucashaddad/workfolder/studying/tests/adil-messenger/src/auth/strategies/jwt.strategy.ts","statementMap":{"0":{"start":{"line":1,"column":0},"end":{"line":1,"column":67}},"1":{"start":{"line":2,"column":0},"end":{"line":2,"column":52}},"2":{"start":{"line":3,"column":0},"end":{"line":3,"column":52}},"3":{"start":{"line":4,"column":0},"end":{"line":4,"column":37}},"4":{"start":{"line":5,"column":0},"end":{"line":5,"column":51}},"5":{"start":{"line":6,"column":0},"end":{"line":6,"column":46}},"6":{"start":{"line":17,"column":7},"end":{"line":45,"column":null}},"7":{"start":{"line":22,"column":4},"end":{"line":26,"column":7}},"8":{"start":{"line":20,"column":12},"end":{"line":20,"column":28}},"9":{"start":{"line":30,"column":39},"end":{"line":30,"column":46}},"10":{"start":{"line":32,"column":17},"end":{"line":37,"column":6}},"11":{"start":{"line":39,"column":4},"end":{"line":41,"column":5}},"12":{"start":{"line":40,"column":6},"end":{"line":40,"column":74}},"13":{"start":{"line":43,"column":4},"end":{"line":43,"column":16}},"14":{"start":{"line":17,"column":13},"end":{"line":17,"column":24}},"15":{"start":{"line":17,"column":13},"end":{"line":45,"column":null}}},"fnMap":{"0":{"name":"(anonymous_4)","decl":{"start":{"line":18,"column":2},"end":{"line":18,"column":null}},"loc":{"start":{"line":20,"column":44},"end":{"line":27,"column":3}}},"1":{"name":"(anonymous_5)","decl":{"start":{"line":29,"column":2},"end":{"line":29,"column":7}},"loc":{"start":{"line":29,"column":36},"end":{"line":44,"column":3}}}},"branchMap":{"0":{"loc":{"start":{"line":25,"column":19},"end":{"line":25,"column":87}},"type":"binary-expr","locations":[{"start":{"line":25,"column":19},"end":{"line":25,"column":41}},{"start":{"line":25,"column":45},"end":{"line":25,"column":87}}]},"1":{"loc":{"start":{"line":39,"column":4},"end":{"line":41,"column":5}},"type":"if","locations":[{"start":{"line":39,"column":4},"end":{"line":41,"column":5}}]}},"s":{"0":1,"1":1,"2":1,"3":1,"4":1,"5":1,"6":1,"7":3,"8":3,"9":4,"10":4,"11":4,"12":3,"13":1,"14":1,"15":1},"f":{"0":3,"1":4},"b":{"0":[3,3],"1":[3]}}
,"/home/lucashaddad/workfolder/studying/tests/adil-messenger/src/auth/strategies/local.strategy.ts": {"path":"/home/lucashaddad/workfolder/studying/tests/adil-messenger/src/auth/strategies/local.strategy.ts","statementMap":{"0":{"start":{"line":1,"column":0},"end":{"line":1,"column":67}},"1":{"start":{"line":2,"column":0},"end":{"line":2,"column":52}},"2":{"start":{"line":3,"column":0},"end":{"line":3,"column":42}},"3":{"start":{"line":4,"column":0},"end":{"line":4,"column":50}},"4":{"start":{"line":7,"column":7},"end":{"line":21,"column":null}},"5":{"start":{"line":9,"column":4},"end":{"line":11,"column":7}},"6":{"start":{"line":8,"column":22},"end":{"line":8,"column":35}},"7":{"start":{"line":15,"column":17},"end":{"line":15,"column":69}},"8":{"start":{"line":16,"column":4},"end":{"line":18,"column":5}},"9":{"start":{"line":17,"column":6},"end":{"line":17,"column":61}},"10":{"start":{"line":19,"column":4},"end":{"line":19,"column":16}},"11":{"start":{"line":7,"column":13},"end":{"line":7,"column":26}},"12":{"start":{"line":7,"column":13},"end":{"line":21,"column":null}}},"fnMap":{"0":{"name":"(anonymous_2)","decl":{"start":{"line":8,"column":2},"end":{"line":8,"column":22}},"loc":{"start":{"line":8,"column":46},"end":{"line":12,"column":3}}},"1":{"name":"(anonymous_3)","decl":{"start":{"line":14,"column":2},"end":{"line":14,"column":7}},"loc":{"start":{"line":14,"column":48},"end":{"line":20,"column":3}}}},"branchMap":{"0":{"loc":{"start":{"line":16,"column":4},"end":{"line":18,"column":5}},"type":"if","locations":[{"start":{"line":16,"column":4},"end":{"line":18,"column":5}}]}},"s":{"0":0,"1":0,"2":0,"3":0,"4":0,"5":0,"6":0,"7":0,"8":0,"9":0,"10":0,"11":0,"12":0},"f":{"0":0,"1":0},"b":{"0":[0]}}
,"/home/lucashaddad/workfolder/studying/tests/adil-messenger/src/controllers/file.controller.ts": {"path":"/home/lucashaddad/workfolder/studying/tests/adil-messenger/src/controllers/file.controller.ts","statementMap":{"0":{"start":{"line":1,"column":0},"end":{"line":1,"column":null}},"1":{"start":{"line":12,"column":0},"end":{"line":12,"column":59}},"2":{"start":{"line":13,"column":0},"end":{"line":13,"column":93}},"3":{"start":{"line":15,"column":0},"end":{"line":15,"column":60}},"4":{"start":{"line":16,"column":0},"end":{"line":16,"column":53}},"5":{"start":{"line":17,"column":0},"end":{"line":17,"column":103}},"6":{"start":{"line":18,"column":0},"end":{"line":18,"column":29}},"7":{"start":{"line":19,"column":0},"end":{"line":19,"column":25}},"8":{"start":{"line":32,"column":7},"end":{"line":136,"column":null}},"9":{"start":{"line":33,"column":22},"end":{"line":33,"column":41}},"10":{"start":{"line":56,"column":4},"end":{"line":58,"column":5}},"11":{"start":{"line":57,"column":6},"end":{"line":57,"column":56}},"12":{"start":{"line":61,"column":43},"end":{"line":66,"column":6}},"13":{"start":{"line":68,"column":19},"end":{"line":68,"column":70}},"14":{"start":{"line":70,"column":4},"end":{"line":81,"column":6}},"15":{"start":{"line":90,"column":22},"end":{"line":90,"column":33}},"16":{"start":{"line":91,"column":21},"end":{"line":91,"column":51}},"17":{"start":{"line":94,"column":4},"end":{"line":96,"column":5}},"18":{"start":{"line":95,"column":6},"end":{"line":95,"column":65}},"19":{"start":{"line":99,"column":18},"end":{"line":99,"column":39}},"20":{"start":{"line":100,"column":21},"end":{"line":100,"column":47}},"21":{"start":{"line":103,"column":4},"end":{"line":103,"column":44}},"22":{"start":{"line":104,"column":4},"end":{"line":104,"column":48}},"23":{"start":{"line":107,"column":4},"end":{"line":111,"column":5}},"24":{"start":{"line":108,"column":6},"end":{"line":108,"column":77}},"25":{"start":{"line":110,"column":6},"end":{"line":110,"column":81}},"26":{"start":{"line":114,"column":23},"end":{"line":114,"column":52}},"27":{"start":{"line":115,"column":4},"end":{"line":115,"column":25}},"28":{"start":{"line":119,"column":16},"end":{"line":119,"column":52}},"29":{"start":{"line":120,"column":49},"end":{"line":132,"column":6}},"30":{"start":{"line":134,"column":4},"end":{"line":134,"column":56}},"31":{"start":{"line":32,"column":13},"end":{"line":32,"column":27}},"32":{"start":{"line":55,"column":8},"end":{"line":82,"column":null}},"33":{"start":{"line":89,"column":8},"end":{"line":116,"column":null}},"34":{"start":{"line":32,"column":13},"end":{"line":136,"column":null}}},"fnMap":{"0":{"name":"(anonymous_4)","decl":{"start":{"line":33,"column":2},"end":{"line":33,"column":22}},"loc":{"start":{"line":33,"column":58},"end":{"line":33,"column":62}}},"1":{"name":"(anonymous_5)","decl":{"start":{"line":55,"column":2},"end":{"line":55,"column":7}},"loc":{"start":{"line":55,"column":51},"end":{"line":82,"column":3}}},"2":{"name":"(anonymous_6)","decl":{"start":{"line":89,"column":2},"end":{"line":89,"column":7}},"loc":{"start":{"line":89,"column":78},"end":{"line":116,"column":3}}},"3":{"name":"(anonymous_7)","decl":{"start":{"line":118,"column":10},"end":{"line":118,"column":21}},"loc":{"start":{"line":118,"column":38},"end":{"line":135,"column":3}}}},"branchMap":{"0":{"loc":{"start":{"line":56,"column":4},"end":{"line":58,"column":5}},"type":"if","locations":[{"start":{"line":56,"column":4},"end":{"line":58,"column":5}}]},"1":{"loc":{"start":{"line":94,"column":4},"end":{"line":96,"column":5}},"type":"if","locations":[{"start":{"line":94,"column":4},"end":{"line":96,"column":5}}]},"2":{"loc":{"start":{"line":107,"column":4},"end":{"line":111,"column":5}},"type":"if","locations":[{"start":{"line":107,"column":4},"end":{"line":111,"column":5}},{"start":{"line":109,"column":11},"end":{"line":111,"column":5}}]},"3":{"loc":{"start":{"line":134,"column":11},"end":{"line":134,"column":55}},"type":"binary-expr","locations":[{"start":{"line":134,"column":11},"end":{"line":134,"column":25}},{"start":{"line":134,"column":29},"end":{"line":134,"column":55}}]}},"s":{"0":1,"1":1,"2":1,"3":1,"4":1,"5":1,"6":1,"7":1,"8":1,"9":0,"10":0,"11":0,"12":0,"13":0,"14":0,"15":0,"16":0,"17":0,"18":0,"19":0,"20":0,"21":0,"22":0,"23":0,"24":0,"25":0,"26":0,"27":0,"28":0,"29":0,"30":0,"31":1,"32":1,"33":1,"34":1},"f":{"0":0,"1":0,"2":0,"3":0},"b":{"0":[0],"1":[0],"2":[0,0],"3":[0,0]}}
,"/home/lucashaddad/workfolder/studying/tests/adil-messenger/src/controllers/message.controller.ts": {"path":"/home/lucashaddad/workfolder/studying/tests/adil-messenger/src/controllers/message.controller.ts","statementMap":{"0":{"start":{"line":1,"column":0},"end":{"line":1,"column":null}},"1":{"start":{"line":18,"column":0},"end":{"line":18,"column":59}},"2":{"start":{"line":19,"column":0},"end":{"line":19,"column":null}},"3":{"start":{"line":30,"column":0},"end":{"line":30,"column":60}},"4":{"start":{"line":31,"column":0},"end":{"line":31,"column":103}},"5":{"start":{"line":32,"column":0},"end":{"line":32,"column":79}},"6":{"start":{"line":50,"column":7},"end":{"line":231,"column":null}},"7":{"start":{"line":52,"column":21},"end":{"line":52,"column":37}},"8":{"start":{"line":53,"column":21},"end":{"line":53,"column":40}},"9":{"start":{"line":67,"column":4},"end":{"line":67,"column":63}},"10":{"start":{"line":110,"column":21},"end":{"line":110,"column":44}},"11":{"start":{"line":113,"column":4},"end":{"line":130,"column":5}},"12":{"start":{"line":114,"column":45},"end":{"line":119,"column":8}},"13":{"start":{"line":121,"column":25},"end":{"line":121,"column":76}},"14":{"start":{"line":123,"column":6},"end":{"line":129,"column":8}},"15":{"start":{"line":132,"column":4},"end":{"line":132,"column":57}},"16":{"start":{"line":148,"column":4},"end":{"line":148,"column":56}},"17":{"start":{"line":161,"column":4},"end":{"line":161,"column":50}},"18":{"start":{"line":180,"column":4},"end":{"line":180,"column":59}},"19":{"start":{"line":193,"column":4},"end":{"line":193,"column":57}},"20":{"start":{"line":214,"column":4},"end":{"line":214,"column":77}},"21":{"start":{"line":229,"column":4},"end":{"line":229,"column":59}},"22":{"start":{"line":50,"column":13},"end":{"line":50,"column":30}},"23":{"start":{"line":66,"column":8},"end":{"line":68,"column":null}},"24":{"start":{"line":106,"column":8},"end":{"line":133,"column":null}},"25":{"start":{"line":144,"column":8},"end":{"line":149,"column":null}},"26":{"start":{"line":160,"column":8},"end":{"line":162,"column":null}},"27":{"start":{"line":175,"column":8},"end":{"line":181,"column":null}},"28":{"start":{"line":192,"column":8},"end":{"line":194,"column":null}},"29":{"start":{"line":209,"column":8},"end":{"line":215,"column":null}},"30":{"start":{"line":225,"column":8},"end":{"line":230,"column":null}},"31":{"start":{"line":50,"column":13},"end":{"line":231,"column":null}}},"fnMap":{"0":{"name":"(anonymous_4)","decl":{"start":{"line":51,"column":2},"end":{"line":51,"column":null}},"loc":{"start":{"line":53,"column":57},"end":{"line":54,"column":6}}},"1":{"name":"(anonymous_5)","decl":{"start":{"line":66,"column":2},"end":{"line":66,"column":7}},"loc":{"start":{"line":66,"column":64},"end":{"line":68,"column":3}}},"2":{"name":"(anonymous_6)","decl":{"start":{"line":106,"column":2},"end":{"line":106,"column":7}},"loc":{"start":{"line":108,"column":37},"end":{"line":133,"column":3}}},"3":{"name":"(anonymous_7)","decl":{"start":{"line":144,"column":2},"end":{"line":144,"column":7}},"loc":{"start":{"line":146,"column":76},"end":{"line":149,"column":3}}},"4":{"name":"(anonymous_8)","decl":{"start":{"line":160,"column":2},"end":{"line":160,"column":7}},"loc":{"start":{"line":160,"column":61},"end":{"line":162,"column":3}}},"5":{"name":"(anonymous_9)","decl":{"start":{"line":175,"column":2},"end":{"line":175,"column":7}},"loc":{"start":{"line":178,"column":76},"end":{"line":181,"column":3}}},"6":{"name":"(anonymous_10)","decl":{"start":{"line":192,"column":2},"end":{"line":192,"column":7}},"loc":{"start":{"line":192,"column":68},"end":{"line":194,"column":3}}},"7":{"name":"(anonymous_11)","decl":{"start":{"line":209,"column":2},"end":{"line":209,"column":7}},"loc":{"start":{"line":212,"column":54},"end":{"line":215,"column":3}}},"8":{"name":"(anonymous_12)","decl":{"start":{"line":225,"column":2},"end":{"line":225,"column":7}},"loc":{"start":{"line":227,"column":54},"end":{"line":230,"column":3}}}},"branchMap":{"0":{"loc":{"start":{"line":113,"column":4},"end":{"line":130,"column":5}},"type":"if","locations":[{"start":{"line":113,"column":4},"end":{"line":130,"column":5}}]},"1":{"loc":{"start":{"line":145,"column":57},"end":{"line":145,"column":73}},"type":"default-arg","locations":[{"start":{"line":145,"column":72},"end":{"line":145,"column":73}}]},"2":{"loc":{"start":{"line":146,"column":58},"end":{"line":146,"column":76}},"type":"default-arg","locations":[{"start":{"line":146,"column":74},"end":{"line":146,"column":76}}]},"3":{"loc":{"start":{"line":177,"column":57},"end":{"line":177,"column":73}},"type":"default-arg","locations":[{"start":{"line":177,"column":72},"end":{"line":177,"column":73}}]},"4":{"loc":{"start":{"line":178,"column":58},"end":{"line":178,"column":76}},"type":"default-arg","locations":[{"start":{"line":178,"column":74},"end":{"line":178,"column":76}}]}},"s":{"0":2,"1":2,"2":2,"3":2,"4":2,"5":2,"6":2,"7":24,"8":24,"9":3,"10":0,"11":0,"12":0,"13":0,"14":0,"15":0,"16":5,"17":3,"18":3,"19":2,"20":5,"21":3,"22":2,"23":2,"24":2,"25":2,"26":2,"27":2,"28":2,"29":2,"30":2,"31":2},"f":{"0":24,"1":3,"2":0,"3":5,"4":3,"5":3,"6":2,"7":5,"8":3},"b":{"0":[0],"1":[3],"2":[3],"3":[2],"4":[2]}}
,"/home/lucashaddad/workfolder/studying/tests/adil-messenger/src/controllers/reaction.controller.ts": {"path":"/home/lucashaddad/workfolder/studying/tests/adil-messenger/src/controllers/reaction.controller.ts","statementMap":{"0":{"start":{"line":1,"column":0},"end":{"line":1,"column":null}},"1":{"start":{"line":14,"column":0},"end":{"line":14,"column":null}},"2":{"start":{"line":24,"column":0},"end":{"line":24,"column":60}},"3":{"start":{"line":25,"column":0},"end":{"line":25,"column":53}},"4":{"start":{"line":26,"column":0},"end":{"line":26,"column":62}},"5":{"start":{"line":27,"column":0},"end":{"line":27,"column":62}},"6":{"start":{"line":28,"column":0},"end":{"line":28,"column":105}},"7":{"start":{"line":40,"column":7},"end":{"line":196,"column":null}},"8":{"start":{"line":41,"column":31},"end":{"line":41,"column":48}},"9":{"start":{"line":61,"column":24},"end":{"line":64,"column":6}},"10":{"start":{"line":65,"column":4},"end":{"line":65,"column":57}},"11":{"start":{"line":83,"column":4},"end":{"line":83,"column":70}},"12":{"start":{"line":84,"column":4},"end":{"line":84,"column":56}},"13":{"start":{"line":102,"column":4},"end":{"line":102,"column":63}},"14":{"start":{"line":121,"column":4},"end":{"line":121,"column":72}},"15":{"start":{"line":141,"column":4},"end":{"line":141,"column":75}},"16":{"start":{"line":172,"column":4},"end":{"line":172,"column":66}},"17":{"start":{"line":194,"column":4},"end":{"line":194,"column":59}},"18":{"start":{"line":40,"column":13},"end":{"line":40,"column":31}},"19":{"start":{"line":56,"column":8},"end":{"line":66,"column":null}},"20":{"start":{"line":79,"column":8},"end":{"line":85,"column":null}},"21":{"start":{"line":99,"column":8},"end":{"line":103,"column":null}},"22":{"start":{"line":117,"column":8},"end":{"line":122,"column":null}},"23":{"start":{"line":136,"column":8},"end":{"line":142,"column":null}},"24":{"start":{"line":171,"column":8},"end":{"line":173,"column":null}},"25":{"start":{"line":191,"column":8},"end":{"line":195,"column":null}},"26":{"start":{"line":40,"column":13},"end":{"line":196,"column":null}}},"fnMap":{"0":{"name":"(anonymous_4)","decl":{"start":{"line":41,"column":2},"end":{"line":41,"column":31}},"loc":{"start":{"line":41,"column":63},"end":{"line":41,"column":67}}},"1":{"name":"(anonymous_5)","decl":{"start":{"line":56,"column":2},"end":{"line":56,"column":7}},"loc":{"start":{"line":58,"column":23},"end":{"line":66,"column":3}}},"2":{"name":"(anonymous_6)","decl":{"start":{"line":79,"column":2},"end":{"line":79,"column":7}},"loc":{"start":{"line":81,"column":23},"end":{"line":85,"column":3}}},"3":{"name":"(anonymous_7)","decl":{"start":{"line":99,"column":2},"end":{"line":99,"column":7}},"loc":{"start":{"line":100,"column":56},"end":{"line":103,"column":3}}},"4":{"name":"(anonymous_8)","decl":{"start":{"line":117,"column":2},"end":{"line":117,"column":7}},"loc":{"start":{"line":119,"column":23},"end":{"line":122,"column":3}}},"5":{"name":"(anonymous_9)","decl":{"start":{"line":136,"column":2},"end":{"line":136,"column":7}},"loc":{"start":{"line":139,"column":23},"end":{"line":142,"column":3}}},"6":{"name":"(anonymous_10)","decl":{"start":{"line":171,"column":2},"end":{"line":171,"column":7}},"loc":{"start":{"line":171,"column":46},"end":{"line":173,"column":3}}},"7":{"name":"(anonymous_11)","decl":{"start":{"line":191,"column":2},"end":{"line":191,"column":7}},"loc":{"start":{"line":192,"column":73},"end":{"line":195,"column":3}}}},"branchMap":{"0":{"loc":{"start":{"line":137,"column":57},"end":{"line":137,"column":73}},"type":"default-arg","locations":[{"start":{"line":137,"column":72},"end":{"line":137,"column":73}}]},"1":{"loc":{"start":{"line":138,"column":58},"end":{"line":138,"column":76}},"type":"default-arg","locations":[{"start":{"line":138,"column":74},"end":{"line":138,"column":76}}]},"2":{"loc":{"start":{"line":192,"column":57},"end":{"line":192,"column":73}},"type":"default-arg","locations":[{"start":{"line":192,"column":72},"end":{"line":192,"column":73}}]}},"s":{"0":0,"1":0,"2":0,"3":0,"4":0,"5":0,"6":0,"7":0,"8":0,"9":0,"10":0,"11":0,"12":0,"13":0,"14":0,"15":0,"16":0,"17":0,"18":0,"19":0,"20":0,"21":0,"22":0,"23":0,"24":0,"25":0,"26":0},"f":{"0":0,"1":0,"2":0,"3":0,"4":0,"5":0,"6":0,"7":0},"b":{"0":[0],"1":[0],"2":[0]}}
,"/home/lucashaddad/workfolder/studying/tests/adil-messenger/src/controllers/user.controller.ts": {"path":"/home/lucashaddad/workfolder/studying/tests/adil-messenger/src/controllers/user.controller.ts","statementMap":{"0":{"start":{"line":1,"column":0},"end":{"line":1,"column":null}},"1":{"start":{"line":7,"column":0},"end":{"line":7,"column":null}},"2":{"start":{"line":15,"column":0},"end":{"line":15,"column":54}},"3":{"start":{"line":16,"column":0},"end":{"line":16,"column":34}},"4":{"start":{"line":26,"column":7},"end":{"line":65,"column":null}},"5":{"start":{"line":27,"column":31},"end":{"line":27,"column":44}},"6":{"start":{"line":37,"column":4},"end":{"line":37,"column":39}},"7":{"start":{"line":50,"column":4},"end":{"line":50,"column":44}},"8":{"start":{"line":63,"column":4},"end":{"line":63,"column":56}},"9":{"start":{"line":26,"column":13},"end":{"line":26,"column":27}},"10":{"start":{"line":36,"column":8},"end":{"line":38,"column":null}},"11":{"start":{"line":49,"column":8},"end":{"line":51,"column":null}},"12":{"start":{"line":62,"column":8},"end":{"line":64,"column":null}},"13":{"start":{"line":26,"column":13},"end":{"line":65,"column":null}}},"fnMap":{"0":{"name":"(anonymous_4)","decl":{"start":{"line":27,"column":2},"end":{"line":27,"column":31}},"loc":{"start":{"line":27,"column":55},"end":{"line":27,"column":59}}},"1":{"name":"(anonymous_5)","decl":{"start":{"line":36,"column":2},"end":{"line":36,"column":7}},"loc":{"start":{"line":36,"column":16},"end":{"line":38,"column":3}}},"2":{"name":"(anonymous_6)","decl":{"start":{"line":49,"column":2},"end":{"line":49,"column":7}},"loc":{"start":{"line":49,"column":58},"end":{"line":51,"column":3}}},"3":{"name":"(anonymous_7)","decl":{"start":{"line":62,"column":2},"end":{"line":62,"column":7}},"loc":{"start":{"line":62,"column":61},"end":{"line":64,"column":3}}}},"branchMap":{},"s":{"0":2,"1":2,"2":2,"3":2,"4":2,"5":15,"6":4,"7":6,"8":6,"9":2,"10":2,"11":2,"12":2,"13":2},"f":{"0":15,"1":4,"2":6,"3":6},"b":{}}
,"/home/lucashaddad/workfolder/studying/tests/adil-messenger/src/database/database.module.ts": {"path":"/home/lucashaddad/workfolder/studying/tests/adil-messenger/src/database/database.module.ts","statementMap":{"0":{"start":{"line":1,"column":0},"end":{"line":1,"column":40}},"1":{"start":{"line":2,"column":0},"end":{"line":2,"column":48}},"2":{"start":{"line":3,"column":0},"end":{"line":3,"column":61}},"3":{"start":{"line":4,"column":0},"end":{"line":4,"column":43}},"4":{"start":{"line":25,"column":7},"end":{"line":25,"column":null}},"5":{"start":{"line":25,"column":13},"end":{"line":25,"column":27}},"6":{"start":{"line":25,"column":13},"end":{"line":25,"column":null}},"7":{"start":{"line":10,"column":53},"end":{"line":20,"column":8}}},"fnMap":{"0":{"name":"(anonymous_1)","decl":{"start":{"line":10,"column":18},"end":{"line":10,"column":19}},"loc":{"start":{"line":10,"column":53},"end":{"line":20,"column":8}}}},"branchMap":{},"s":{"0":0,"1":0,"2":0,"3":0,"4":0,"5":0,"6":0,"7":0},"f":{"0":0},"b":{}}
,"/home/lucashaddad/workfolder/studying/tests/adil-messenger/src/dto/auth-response.dto.ts": {"path":"/home/lucashaddad/workfolder/studying/tests/adil-messenger/src/dto/auth-response.dto.ts","statementMap":{"0":{"start":{"line":1,"column":0},"end":{"line":1,"column":46}},"1":{"start":{"line":3,"column":0},"end":{"line":3,"column":13}},"2":{"start":{"line":8,"column":2},"end":{"line":8,"column":null}},"3":{"start":{"line":14,"column":2},"end":{"line":14,"column":null}},"4":{"start":{"line":25,"column":2},"end":{"line":30,"column":null}},"5":{"start":{"line":36,"column":2},"end":{"line":36,"column":null}},"6":{"start":{"line":42,"column":2},"end":{"line":42,"column":null}},"7":{"start":{"line":45,"column":0},"end":{"line":45,"column":13}},"8":{"start":{"line":50,"column":2},"end":{"line":50,"column":null}},"9":{"start":{"line":53,"column":0},"end":{"line":53,"column":13}},"10":{"start":{"line":58,"column":2},"end":{"line":58,"column":null}}},"fnMap":{},"branchMap":{},"s":{"0":1,"1":1,"2":1,"3":1,"4":1,"5":1,"6":1,"7":1,"8":1,"9":1,"10":1},"f":{},"b":{}}
,"/home/lucashaddad/workfolder/studying/tests/adil-messenger/src/dto/create-message.dto.ts": {"path":"/home/lucashaddad/workfolder/studying/tests/adil-messenger/src/dto/create-message.dto.ts","statementMap":{"0":{"start":{"line":1,"column":0},"end":{"line":1,"column":78}},"1":{"start":{"line":2,"column":0},"end":{"line":2,"column":46}},"2":{"start":{"line":4,"column":0},"end":{"line":4,"column":13}},"3":{"start":{"line":13,"column":2},"end":{"line":13,"column":null}},"4":{"start":{"line":21,"column":2},"end":{"line":21,"column":null}},"5":{"start":{"line":30,"column":2},"end":{"line":30,"column":null}},"6":{"start":{"line":35,"column":2},"end":{"line":35,"column":null}},"7":{"start":{"line":39,"column":2},"end":{"line":39,"column":null}},"8":{"start":{"line":43,"column":2},"end":{"line":43,"column":null}},"9":{"start":{"line":46,"column":2},"end":{"line":46,"column":null}}},"fnMap":{},"branchMap":{},"s":{"0":3,"1":3,"2":3,"3":3,"4":3,"5":3,"6":3,"7":3,"8":3,"9":3},"f":{},"b":{}}
,"/home/lucashaddad/workfolder/studying/tests/adil-messenger/src/dto/create-reaction.dto.ts": {"path":"/home/lucashaddad/workfolder/studying/tests/adil-messenger/src/dto/create-reaction.dto.ts","statementMap":{"0":{"start":{"line":1,"column":0},"end":{"line":1,"column":63}},"1":{"start":{"line":2,"column":0},"end":{"line":2,"column":46}},"2":{"start":{"line":3,"column":0},"end":{"line":3,"column":42}},"3":{"start":{"line":5,"column":0},"end":{"line":5,"column":13}},"4":{"start":{"line":12,"column":2},"end":{"line":12,"column":null}},"5":{"start":{"line":20,"column":2},"end":{"line":20,"column":null}},"6":{"start":{"line":28,"column":2},"end":{"line":28,"column":null}}},"fnMap":{},"branchMap":{},"s":{"0":0,"1":0,"2":0,"3":0,"4":0,"5":0,"6":0},"f":{},"b":{}}
,"/home/lucashaddad/workfolder/studying/tests/adil-messenger/src/dto/create-user.dto.ts": {"path":"/home/lucashaddad/workfolder/studying/tests/adil-messenger/src/dto/create-user.dto.ts","statementMap":{"0":{"start":{"line":1,"column":0},"end":{"line":1,"column":75}},"1":{"start":{"line":2,"column":0},"end":{"line":2,"column":46}},"2":{"start":{"line":4,"column":0},"end":{"line":4,"column":13}},"3":{"start":{"line":13,"column":2},"end":{"line":13,"column":null}},"4":{"start":{"line":21,"column":2},"end":{"line":21,"column":null}},"5":{"start":{"line":31,"column":2},"end":{"line":31,"column":null}}},"fnMap":{},"branchMap":{},"s":{"0":2,"1":2,"2":2,"3":2,"4":2,"5":2},"f":{},"b":{}}
,"/home/lucashaddad/workfolder/studying/tests/adil-messenger/src/dto/login.dto.ts": {"path":"/home/lucashaddad/workfolder/studying/tests/adil-messenger/src/dto/login.dto.ts","statementMap":{"0":{"start":{"line":1,"column":0},"end":{"line":1,"column":46}},"1":{"start":{"line":2,"column":0},"end":{"line":2,"column":75}},"2":{"start":{"line":4,"column":0},"end":{"line":4,"column":13}},"3":{"start":{"line":11,"column":2},"end":{"line":11,"column":null}},"4":{"start":{"line":21,"column":2},"end":{"line":21,"column":null}}},"fnMap":{},"branchMap":{},"s":{"0":1,"1":1,"2":1,"3":1,"4":1},"f":{},"b":{}}
,"/home/lucashaddad/workfolder/studying/tests/adil-messenger/src/dto/message-response.dto.ts": {"path":"/home/lucashaddad/workfolder/studying/tests/adil-messenger/src/dto/message-response.dto.ts","statementMap":{"0":{"start":{"line":1,"column":0},"end":{"line":1,"column":46}},"1":{"start":{"line":2,"column":0},"end":{"line":2,"column":46}},"2":{"start":{"line":4,"column":0},"end":{"line":4,"column":13}},"3":{"start":{"line":6,"column":2},"end":{"line":6,"column":null}},"4":{"start":{"line":9,"column":2},"end":{"line":9,"column":null}},"5":{"start":{"line":12,"column":2},"end":{"line":12,"column":null}},"6":{"start":{"line":15,"column":2},"end":{"line":15,"column":null}},"7":{"start":{"line":18,"column":2},"end":{"line":18,"column":null}},"8":{"start":{"line":21,"column":2},"end":{"line":21,"column":null}},"9":{"start":{"line":24,"column":2},"end":{"line":24,"column":null}},"10":{"start":{"line":23,"column":67},"end":{"line":23,"column":71}},"11":{"start":{"line":27,"column":2},"end":{"line":27,"column":null}},"12":{"start":{"line":30,"column":2},"end":{"line":30,"column":null}}},"fnMap":{"0":{"name":"(anonymous_2)","decl":{"start":{"line":23,"column":61},"end":{"line":23,"column":64}},"loc":{"start":{"line":23,"column":67},"end":{"line":23,"column":71}}}},"branchMap":{},"s":{"0":2,"1":2,"2":2,"3":2,"4":2,"5":2,"6":2,"7":2,"8":2,"9":2,"10":0,"11":2,"12":2},"f":{"0":0},"b":{}}
,"/home/lucashaddad/workfolder/studying/tests/adil-messenger/src/dto/reaction-response.dto.ts": {"path":"/home/lucashaddad/workfolder/studying/tests/adil-messenger/src/dto/reaction-response.dto.ts","statementMap":{"0":{"start":{"line":1,"column":0},"end":{"line":1,"column":46}},"1":{"start":{"line":2,"column":0},"end":{"line":2,"column":42}},"2":{"start":{"line":4,"column":0},"end":{"line":4,"column":13}},"3":{"start":{"line":9,"column":2},"end":{"line":9,"column":null}},"4":{"start":{"line":16,"column":2},"end":{"line":16,"column":null}},"5":{"start":{"line":22,"column":2},"end":{"line":22,"column":null}},"6":{"start":{"line":28,"column":2},"end":{"line":28,"column":null}},"7":{"start":{"line":34,"column":2},"end":{"line":34,"column":null}},"8":{"start":{"line":37,"column":0},"end":{"line":37,"column":13}},"9":{"start":{"line":43,"column":2},"end":{"line":43,"column":null}},"10":{"start":{"line":49,"column":2},"end":{"line":49,"column":null}},"11":{"start":{"line":52,"column":0},"end":{"line":52,"column":13}},"12":{"start":{"line":57,"column":2},"end":{"line":57,"column":null}},"13":{"start":{"line":63,"column":2},"end":{"line":63,"column":null}},"14":{"start":{"line":69,"column":2},"end":{"line":69,"column":null}}},"fnMap":{},"branchMap":{},"s":{"0":0,"1":0,"2":0,"3":0,"4":0,"5":0,"6":0,"7":0,"8":0,"9":0,"10":0,"11":0,"12":0,"13":0,"14":0},"f":{},"b":{}}
,"/home/lucashaddad/workfolder/studying/tests/adil-messenger/src/dto/register.dto.ts": {"path":"/home/lucashaddad/workfolder/studying/tests/adil-messenger/src/dto/register.dto.ts","statementMap":{"0":{"start":{"line":1,"column":0},"end":{"line":1,"column":46}},"1":{"start":{"line":2,"column":0},"end":{"line":2,"column":75}},"2":{"start":{"line":4,"column":0},"end":{"line":4,"column":13}},"3":{"start":{"line":11,"column":2},"end":{"line":11,"column":null}},"4":{"start":{"line":21,"column":2},"end":{"line":21,"column":null}},"5":{"start":{"line":29,"column":2},"end":{"line":29,"column":null}},"6":{"start":{"line":37,"column":2},"end":{"line":37,"column":null}}},"fnMap":{},"branchMap":{},"s":{"0":1,"1":1,"2":1,"3":1,"4":1,"5":1,"6":1},"f":{},"b":{}}
,"/home/lucashaddad/workfolder/studying/tests/adil-messenger/src/dto/update-message.dto.ts": {"path":"/home/lucashaddad/workfolder/studying/tests/adil-messenger/src/dto/update-message.dto.ts","statementMap":{"0":{"start":{"line":1,"column":0},"end":{"line":1,"column":66}},"1":{"start":{"line":2,"column":0},"end":{"line":2,"column":46}},"2":{"start":{"line":4,"column":0},"end":{"line":4,"column":13}},"3":{"start":{"line":13,"column":2},"end":{"line":13,"column":null}}},"fnMap":{},"branchMap":{},"s":{"0":2,"1":2,"2":2,"3":2},"f":{},"b":{}}
,"/home/lucashaddad/workfolder/studying/tests/adil-messenger/src/entities/message.entity.ts": {"path":"/home/lucashaddad/workfolder/studying/tests/adil-messenger/src/entities/message.entity.ts","statementMap":{"0":{"start":{"line":1,"column":0},"end":{"line":1,"column":null}},"1":{"start":{"line":11,"column":0},"end":{"line":11,"column":46}},"2":{"start":{"line":14,"column":7},"end":{"line":74,"column":null}},"3":{"start":{"line":14,"column":13},"end":{"line":14,"column":20}},"4":{"start":{"line":16,"column":2},"end":{"line":16,"column":null}},"5":{"start":{"line":19,"column":2},"end":{"line":19,"column":null}},"6":{"start":{"line":22,"column":2},"end":{"line":22,"column":null}},"7":{"start":{"line":25,"column":2},"end":{"line":25,"column":null}},"8":{"start":{"line":28,"column":2},"end":{"line":28,"column":null}},"9":{"start":{"line":32,"column":2},"end":{"line":32,"column":null}},"10":{"start":{"line":35,"column":2},"end":{"line":35,"column":null}},"11":{"start":{"line":38,"column":2},"end":{"line":38,"column":null}},"12":{"start":{"line":41,"column":2},"end":{"line":41,"column":null}},"13":{"start":{"line":44,"column":2},"end":{"line":44,"column":null}},"14":{"start":{"line":47,"column":2},"end":{"line":47,"column":null}},"15":{"start":{"line":51,"column":2},"end":{"line":51,"column":null}},"16":{"start":{"line":54,"column":2},"end":{"line":54,"column":null}},"17":{"start":{"line":59,"column":2},"end":{"line":59,"column":null}},"18":{"start":{"line":57,"column":19},"end":{"line":57,"column":23}},"19":{"start":{"line":57,"column":35},"end":{"line":57,"column":48}},"20":{"start":{"line":64,"column":2},"end":{"line":64,"column":null}},"21":{"start":{"line":62,"column":19},"end":{"line":62,"column":26}},"22":{"start":{"line":62,"column":41},"end":{"line":62,"column":56}},"23":{"start":{"line":67,"column":2},"end":{"line":67,"column":null}},"24":{"start":{"line":66,"column":19},"end":{"line":66,"column":26}},"25":{"start":{"line":66,"column":41},"end":{"line":66,"column":62}},"26":{"start":{"line":14,"column":13},"end":{"line":74,"column":null}}},"fnMap":{"0":{"name":"(anonymous_2)","decl":{"start":{"line":57,"column":13},"end":{"line":57,"column":16}},"loc":{"start":{"line":57,"column":19},"end":{"line":57,"column":23}}},"1":{"name":"(anonymous_3)","decl":{"start":{"line":57,"column":25},"end":{"line":57,"column":26}},"loc":{"start":{"line":57,"column":35},"end":{"line":57,"column":48}}},"2":{"name":"(anonymous_4)","decl":{"start":{"line":62,"column":13},"end":{"line":62,"column":16}},"loc":{"start":{"line":62,"column":19},"end":{"line":62,"column":26}}},"3":{"name":"(anonymous_5)","decl":{"start":{"line":62,"column":28},"end":{"line":62,"column":29}},"loc":{"start":{"line":62,"column":41},"end":{"line":62,"column":56}}},"4":{"name":"(anonymous_6)","decl":{"start":{"line":66,"column":13},"end":{"line":66,"column":16}},"loc":{"start":{"line":66,"column":19},"end":{"line":66,"column":26}}},"5":{"name":"(anonymous_7)","decl":{"start":{"line":66,"column":28},"end":{"line":66,"column":29}},"loc":{"start":{"line":66,"column":41},"end":{"line":66,"column":62}}}},"branchMap":{},"s":{"0":9,"1":9,"2":9,"3":9,"4":9,"5":9,"6":9,"7":9,"8":9,"9":9,"10":9,"11":9,"12":9,"13":9,"14":9,"15":9,"16":9,"17":9,"18":0,"19":0,"20":9,"21":0,"22":0,"23":9,"24":0,"25":0,"26":9},"f":{"0":0,"1":0,"2":0,"3":0,"4":0,"5":0},"b":{}}
,"/home/lucashaddad/workfolder/studying/tests/adil-messenger/src/entities/reaction.entity.ts": {"path":"/home/lucashaddad/workfolder/studying/tests/adil-messenger/src/entities/reaction.entity.ts","statementMap":{"0":{"start":{"line":1,"column":0},"end":{"line":1,"column":null}},"1":{"start":{"line":10,"column":0},"end":{"line":10,"column":46}},"2":{"start":{"line":11,"column":0},"end":{"line":11,"column":52}},"3":{"start":{"line":13,"column":0},"end":{"line":13,"column":null}},"4":{"start":{"line":14,"column":2},"end":{"line":14,"column":null}},"5":{"start":{"line":15,"column":2},"end":{"line":15,"column":null}},"6":{"start":{"line":16,"column":2},"end":{"line":16,"column":null}},"7":{"start":{"line":17,"column":2},"end":{"line":17,"column":null}},"8":{"start":{"line":18,"column":2},"end":{"line":18,"column":null}},"9":{"start":{"line":19,"column":2},"end":{"line":19,"column":null}},"10":{"start":{"line":20,"column":2},"end":{"line":20,"column":null}},"11":{"start":{"line":21,"column":2},"end":{"line":21,"column":null}},"12":{"start":{"line":22,"column":2},"end":{"line":22,"column":null}},"13":{"start":{"line":23,"column":2},"end":{"line":23,"column":null}},"14":{"start":{"line":28,"column":7},"end":{"line":57,"column":null}},"15":{"start":{"line":28,"column":13},"end":{"line":28,"column":21}},"16":{"start":{"line":30,"column":2},"end":{"line":30,"column":null}},"17":{"start":{"line":37,"column":2},"end":{"line":37,"column":null}},"18":{"start":{"line":40,"column":2},"end":{"line":40,"column":null}},"19":{"start":{"line":44,"column":2},"end":{"line":44,"column":null}},"20":{"start":{"line":47,"column":2},"end":{"line":47,"column":null}},"21":{"start":{"line":52,"column":2},"end":{"line":52,"column":null}},"22":{"start":{"line":50,"column":19},"end":{"line":50,"column":23}},"23":{"start":{"line":56,"column":2},"end":{"line":56,"column":null}},"24":{"start":{"line":54,"column":19},"end":{"line":54,"column":26}},"25":{"start":{"line":28,"column":13},"end":{"line":57,"column":null}}},"fnMap":{"0":{"name":"(anonymous_2)","decl":{"start":{"line":13,"column":0},"end":{"line":13,"column":12}},"loc":{"start":{"line":13,"column":24},"end":{"line":24,"column":1}}},"1":{"name":"(anonymous_3)","decl":{"start":{"line":50,"column":13},"end":{"line":50,"column":16}},"loc":{"start":{"line":50,"column":19},"end":{"line":50,"column":23}}},"2":{"name":"(anonymous_4)","decl":{"start":{"line":54,"column":13},"end":{"line":54,"column":16}},"loc":{"start":{"line":54,"column":19},"end":{"line":54,"column":26}}}},"branchMap":{"0":{"loc":{"start":{"line":13,"column":12},"end":{"line":13,"column":null}},"type":"binary-expr","locations":[{"start":{"line":13,"column":12},"end":{"line":13,"column":24}},{"start":{"line":13,"column":24},"end":{"line":13,"column":null}}]}},"s":{"0":6,"1":6,"2":6,"3":6,"4":6,"5":6,"6":6,"7":6,"8":6,"9":6,"10":6,"11":6,"12":6,"13":6,"14":6,"15":6,"16":6,"17":6,"18":6,"19":6,"20":6,"21":6,"22":0,"23":6,"24":0,"25":6},"f":{"0":6,"1":0,"2":0},"b":{"0":[6,6]}}
,"/home/lucashaddad/workfolder/studying/tests/adil-messenger/src/entities/user.entity.ts": {"path":"/home/lucashaddad/workfolder/studying/tests/adil-messenger/src/entities/user.entity.ts","statementMap":{"0":{"start":{"line":1,"column":0},"end":{"line":1,"column":null}},"1":{"start":{"line":11,"column":0},"end":{"line":11,"column":35}},"2":{"start":{"line":12,"column":0},"end":{"line":12,"column":52}},"3":{"start":{"line":15,"column":7},"end":{"line":62,"column":null}},"4":{"start":{"line":49,"column":4},"end":{"line":51,"column":5}},"5":{"start":{"line":50,"column":6},"end":{"line":50,"column":59}},"6":{"start":{"line":55,"column":4},"end":{"line":55,"column":51}},"7":{"start":{"line":59,"column":4},"end":{"line":59,"column":32}},"8":{"start":{"line":60,"column":4},"end":{"line":60,"column":32}},"9":{"start":{"line":15,"column":13},"end":{"line":15,"column":17}},"10":{"start":{"line":17,"column":2},"end":{"line":17,"column":null}},"11":{"start":{"line":20,"column":2},"end":{"line":20,"column":null}},"12":{"start":{"line":23,"column":2},"end":{"line":23,"column":null}},"13":{"start":{"line":26,"column":2},"end":{"line":26,"column":null}},"14":{"start":{"line":29,"column":2},"end":{"line":29,"column":null}},"15":{"start":{"line":32,"column":2},"end":{"line":32,"column":null}},"16":{"start":{"line":35,"column":2},"end":{"line":35,"column":null}},"17":{"start":{"line":38,"column":2},"end":{"line":38,"column":null}},"18":{"start":{"line":41,"column":2},"end":{"line":41,"column":null}},"19":{"start":{"line":40,"column":19},"end":{"line":40,"column":26}},"20":{"start":{"line":40,"column":41},"end":{"line":40,"column":55}},"21":{"start":{"line":48,"column":8},"end":{"line":52,"column":null}},"22":{"start":{"line":15,"column":13},"end":{"line":62,"column":null}}},"fnMap":{"0":{"name":"(anonymous_2)","decl":{"start":{"line":48,"column":2},"end":{"line":48,"column":7}},"loc":{"start":{"line":48,"column":20},"end":{"line":52,"column":3}}},"1":{"name":"(anonymous_3)","decl":{"start":{"line":54,"column":2},"end":{"line":54,"column":7}},"loc":{"start":{"line":54,"column":41},"end":{"line":56,"column":3}}},"2":{"name":"(anonymous_4)","decl":{"start":{"line":58,"column":2},"end":{"line":58,"column":null}},"loc":{"start":{"line":58,"column":2},"end":{"line":61,"column":3}}},"3":{"name":"(anonymous_5)","decl":{"start":{"line":40,"column":13},"end":{"line":40,"column":16}},"loc":{"start":{"line":40,"column":19},"end":{"line":40,"column":26}}},"4":{"name":"(anonymous_6)","decl":{"start":{"line":40,"column":28},"end":{"line":40,"column":29}},"loc":{"start":{"line":40,"column":41},"end":{"line":40,"column":55}}}},"branchMap":{"0":{"loc":{"start":{"line":49,"column":4},"end":{"line":51,"column":5}},"type":"if","locations":[{"start":{"line":49,"column":4},"end":{"line":51,"column":5}}]}},"s":{"0":9,"1":9,"2":9,"3":9,"4":0,"5":0,"6":0,"7":0,"8":0,"9":9,"10":9,"11":9,"12":9,"13":9,"14":9,"15":9,"16":9,"17":9,"18":9,"19":0,"20":0,"21":9,"22":9},"f":{"0":0,"1":0,"2":0,"3":0,"4":0},"b":{"0":[0]}}
,"/home/lucashaddad/workfolder/studying/tests/adil-messenger/src/filters/global-exception.filter.ts": {"path":"/home/lucashaddad/workfolder/studying/tests/adil-messenger/src/filters/global-exception.filter.ts","statementMap":{"0":{"start":{"line":1,"column":0},"end":{"line":1,"column":null}},"1":{"start":{"line":11,"column":7},"end":{"line":53,"column":null}},"2":{"start":{"line":13,"column":16},"end":{"line":13,"column":35}},"3":{"start":{"line":14,"column":21},"end":{"line":14,"column":48}},"4":{"start":{"line":15,"column":20},"end":{"line":15,"column":45}},"5":{"start":{"line":17,"column":17},"end":{"line":17,"column":49}},"6":{"start":{"line":18,"column":18},"end":{"line":18,"column":41}},"7":{"start":{"line":19,"column":16},"end":{"line":19,"column":39}},"8":{"start":{"line":21,"column":4},"end":{"line":35,"column":5}},"9":{"start":{"line":22,"column":6},"end":{"line":22,"column":37}},"10":{"start":{"line":23,"column":32},"end":{"line":23,"column":55}},"11":{"start":{"line":25,"column":6},"end":{"line":32,"column":7}},"12":{"start":{"line":26,"column":28},"end":{"line":26,"column":52}},"13":{"start":{"line":27,"column":8},"end":{"line":27,"column":59}},"14":{"start":{"line":28,"column":8},"end":{"line":28,"column":55}},"15":{"start":{"line":30,"column":8},"end":{"line":30,"column":46}},"16":{"start":{"line":31,"column":8},"end":{"line":31,"column":34}},"17":{"start":{"line":33,"column":11},"end":{"line":35,"column":5}},"18":{"start":{"line":34,"column":6},"end":{"line":34,"column":34}},"19":{"start":{"line":37,"column":26},"end":{"line":44,"column":6}},"20":{"start":{"line":46,"column":4},"end":{"line":49,"column":7}},"21":{"start":{"line":51,"column":4},"end":{"line":51,"column":48}},"22":{"start":{"line":11,"column":13},"end":{"line":11,"column":34}},"23":{"start":{"line":11,"column":13},"end":{"line":53,"column":null}}},"fnMap":{"0":{"name":"(anonymous_1)","decl":{"start":{"line":12,"column":2},"end":{"line":12,"column":7}},"loc":{"start":{"line":12,"column":47},"end":{"line":52,"column":3}}}},"branchMap":{"0":{"loc":{"start":{"line":21,"column":4},"end":{"line":35,"column":5}},"type":"if","locations":[{"start":{"line":21,"column":4},"end":{"line":35,"column":5}},{"start":{"line":33,"column":11},"end":{"line":35,"column":5}}]},"1":{"loc":{"start":{"line":25,"column":6},"end":{"line":32,"column":7}},"type":"if","locations":[{"start":{"line":25,"column":6},"end":{"line":32,"column":7}},{"start":{"line":29,"column":13},"end":{"line":32,"column":7}}]},"2":{"loc":{"start":{"line":25,"column":10},"end":{"line":25,"column":77}},"type":"binary-expr","locations":[{"start":{"line":25,"column":10},"end":{"line":25,"column":47}},{"start":{"line":25,"column":51},"end":{"line":25,"column":77}}]},"3":{"loc":{"start":{"line":27,"column":18},"end":{"line":27,"column":58}},"type":"binary-expr","locations":[{"start":{"line":27,"column":18},"end":{"line":27,"column":37}},{"start":{"line":27,"column":41},"end":{"line":27,"column":58}}]},"4":{"loc":{"start":{"line":28,"column":16},"end":{"line":28,"column":54}},"type":"binary-expr","locations":[{"start":{"line":28,"column":16},"end":{"line":28,"column":33}},{"start":{"line":28,"column":37},"end":{"line":28,"column":54}}]},"5":{"loc":{"start":{"line":33,"column":11},"end":{"line":35,"column":5}},"type":"if","locations":[{"start":{"line":33,"column":11},"end":{"line":35,"column":5}}]},"6":{"loc":{"start":{"line":48,"column":13},"end":{"line":48,"column":69}},"type":"cond-expr","locations":[{"start":{"line":48,"column":42},"end":{"line":48,"column":57}},{"start":{"line":48,"column":60},"end":{"line":48,"column":69}}]}},"s":{"0":1,"1":1,"2":4,"3":4,"4":4,"5":4,"6":4,"7":4,"8":4,"9":3,"10":3,"11":3,"12":3,"13":3,"14":3,"15":0,"16":0,"17":1,"18":1,"19":4,"20":4,"21":4,"22":1,"23":1},"f":{"0":4},"b":{"0":[3,1],"1":[3,0],"2":[3,3],"3":[3,0],"4":[3,0],"5":[1],"6":[4,0]}}
,"/home/lucashaddad/workfolder/studying/tests/adil-messenger/src/gateways/chat.gateway.ts": {"path":"/home/lucashaddad/workfolder/studying/tests/adil-messenger/src/gateways/chat.gateway.ts","statementMap":{"0":{"start":{"line":1,"column":0},"end":{"line":1,"column":null}},"1":{"start":{"line":11,"column":0},"end":{"line":11,"column":43}},"2":{"start":{"line":12,"column":0},"end":{"line":12,"column":51}},"3":{"start":{"line":14,"column":0},"end":{"line":14,"column":60}},"4":{"start":{"line":15,"column":0},"end":{"line":15,"column":60}},"5":{"start":{"line":29,"column":7},"end":{"line":255,"column":null}},"6":{"start":{"line":38,"column":22},"end":{"line":38,"column":38}},"7":{"start":{"line":33,"column":10},"end":{"line":33,"column":45}},"8":{"start":{"line":34,"column":10},"end":{"line":34,"column":56}},"9":{"start":{"line":35,"column":10},"end":{"line":35,"column":51}},"10":{"start":{"line":36,"column":10},"end":{"line":36,"column":55}},"11":{"start":{"line":41,"column":4},"end":{"line":41,"column":53}},"12":{"start":{"line":45,"column":4},"end":{"line":45,"column":54}},"13":{"start":{"line":48,"column":18},"end":{"line":48,"column":89}},"14":{"start":{"line":49,"column":4},"end":{"line":63,"column":5}},"15":{"start":{"line":52,"column":21},"end":{"line":52,"column":50}},"16":{"start":{"line":53,"column":6},"end":{"line":62,"column":7}},"17":{"start":{"line":54,"column":8},"end":{"line":54,"column":56}},"18":{"start":{"line":55,"column":8},"end":{"line":55,"column":31}},"19":{"start":{"line":58,"column":8},"end":{"line":58,"column":38}},"20":{"start":{"line":61,"column":8},"end":{"line":61,"column":74}},"21":{"start":{"line":67,"column":4},"end":{"line":67,"column":57}},"22":{"start":{"line":69,"column":4},"end":{"line":85,"column":5}},"23":{"start":{"line":70,"column":6},"end":{"line":70,"column":54}},"24":{"start":{"line":73,"column":26},"end":{"line":73,"column":62}},"25":{"start":{"line":74,"column":6},"end":{"line":76,"column":7}},"26":{"start":{"line":75,"column":8},"end":{"line":75,"column":90}},"27":{"start":{"line":79,"column":6},"end":{"line":84,"column":9}},"28":{"start":{"line":80,"column":8},"end":{"line":83,"column":9}},"29":{"start":{"line":81,"column":10},"end":{"line":81,"column":38}},"30":{"start":{"line":82,"column":10},"end":{"line":82,"column":86}},"31":{"start":{"line":87,"column":4},"end":{"line":87,"column":40}},"32":{"start":{"line":95,"column":4},"end":{"line":95,"column":31}},"33":{"start":{"line":95,"column":24},"end":{"line":95,"column":31}},"34":{"start":{"line":97,"column":4},"end":{"line":97,"column":29}},"35":{"start":{"line":98,"column":4},"end":{"line":98,"column":72}},"36":{"start":{"line":101,"column":4},"end":{"line":105,"column":7}},"37":{"start":{"line":113,"column":4},"end":{"line":113,"column":31}},"38":{"start":{"line":113,"column":24},"end":{"line":113,"column":31}},"39":{"start":{"line":115,"column":4},"end":{"line":115,"column":30}},"40":{"start":{"line":116,"column":4},"end":{"line":116,"column":70}},"41":{"start":{"line":119,"column":25},"end":{"line":119,"column":58}},"42":{"start":{"line":120,"column":4},"end":{"line":123,"column":5}},"43":{"start":{"line":121,"column":6},"end":{"line":121,"column":41}},"44":{"start":{"line":122,"column":6},"end":{"line":122,"column":82}},"45":{"start":{"line":126,"column":4},"end":{"line":130,"column":7}},"46":{"start":{"line":138,"column":4},"end":{"line":141,"column":5}},"47":{"start":{"line":139,"column":6},"end":{"line":139,"column":66}},"48":{"start":{"line":140,"column":6},"end":{"line":140,"column":13}},"49":{"start":{"line":143,"column":4},"end":{"line":177,"column":5}},"50":{"start":{"line":145,"column":22},"end":{"line":148,"column":8}},"51":{"start":{"line":151,"column":6},"end":{"line":158,"column":9}},"52":{"start":{"line":161,"column":6},"end":{"line":171,"column":7}},"53":{"start":{"line":162,"column":30},"end":{"line":162,"column":95}},"54":{"start":{"line":163,"column":8},"end":{"line":170,"column":9}},"55":{"start":{"line":164,"column":10},"end":{"line":169,"column":13}},"56":{"start":{"line":173,"column":6},"end":{"line":173,"column":83}},"57":{"start":{"line":175,"column":6},"end":{"line":175,"column":67}},"58":{"start":{"line":176,"column":6},"end":{"line":176,"column":66}},"59":{"start":{"line":185,"column":4},"end":{"line":185,"column":31}},"60":{"start":{"line":185,"column":24},"end":{"line":185,"column":31}},"61":{"start":{"line":187,"column":19},"end":{"line":187,"column":43}},"62":{"start":{"line":189,"column":4},"end":{"line":191,"column":5}},"63":{"start":{"line":190,"column":6},"end":{"line":190,"column":46}},"64":{"start":{"line":193,"column":25},"end":{"line":193,"column":53}},"65":{"start":{"line":195,"column":4},"end":{"line":201,"column":5}},"66":{"start":{"line":196,"column":6},"end":{"line":196,"column":38}},"67":{"start":{"line":197,"column":6},"end":{"line":197,"column":70}},"68":{"start":{"line":199,"column":6},"end":{"line":199,"column":41}},"69":{"start":{"line":200,"column":6},"end":{"line":200,"column":77}},"70":{"start":{"line":206,"column":24},"end":{"line":206,"column":60}},"71":{"start":{"line":207,"column":4},"end":{"line":207,"column":55}},"72":{"start":{"line":212,"column":4},"end":{"line":214,"column":5}},"73":{"start":{"line":213,"column":6},"end":{"line":213,"column":47}},"74":{"start":{"line":215,"column":4},"end":{"line":215,"column":48}},"75":{"start":{"line":216,"column":4},"end":{"line":216,"column":44}},"76":{"start":{"line":220,"column":24},"end":{"line":220,"column":53}},"77":{"start":{"line":221,"column":4},"end":{"line":226,"column":5}},"78":{"start":{"line":222,"column":6},"end":{"line":222,"column":35}},"79":{"start":{"line":223,"column":6},"end":{"line":225,"column":7}},"80":{"start":{"line":224,"column":8},"end":{"line":224,"column":41}},"81":{"start":{"line":230,"column":24},"end":{"line":230,"column":53}},"82":{"start":{"line":231,"column":4},"end":{"line":235,"column":5}},"83":{"start":{"line":232,"column":6},"end":{"line":234,"column":9}},"84":{"start":{"line":233,"column":8},"end":{"line":233,"column":51}},"85":{"start":{"line":240,"column":4},"end":{"line":245,"column":7}},"86":{"start":{"line":249,"column":4},"end":{"line":253,"column":7}},"87":{"start":{"line":29,"column":13},"end":{"line":29,"column":24}},"88":{"start":{"line":31,"column":2},"end":{"line":31,"column":null}},"89":{"start":{"line":91,"column":2},"end":{"line":106,"column":null}},"90":{"start":{"line":109,"column":2},"end":{"line":131,"column":null}},"91":{"start":{"line":134,"column":8},"end":{"line":178,"column":null}},"92":{"start":{"line":181,"column":2},"end":{"line":202,"column":null}},"93":{"start":{"line":205,"column":2},"end":{"line":208,"column":null}},"94":{"start":{"line":29,"column":13},"end":{"line":255,"column":null}}},"fnMap":{"0":{"name":"(anonymous_4)","decl":{"start":{"line":38,"column":2},"end":{"line":38,"column":22}},"loc":{"start":{"line":38,"column":52},"end":{"line":38,"column":56}}},"1":{"name":"(anonymous_5)","decl":{"start":{"line":40,"column":2},"end":{"line":40,"column":11}},"loc":{"start":{"line":40,"column":26},"end":{"line":42,"column":3}}},"2":{"name":"(anonymous_6)","decl":{"start":{"line":44,"column":2},"end":{"line":44,"column":18}},"loc":{"start":{"line":44,"column":62},"end":{"line":64,"column":3}}},"3":{"name":"(anonymous_7)","decl":{"start":{"line":66,"column":2},"end":{"line":66,"column":18}},"loc":{"start":{"line":66,"column":46},"end":{"line":88,"column":3}}},"4":{"name":"(anonymous_8)","decl":{"start":{"line":79,"column":31},"end":{"line":79,"column":32}},"loc":{"start":{"line":79,"column":49},"end":{"line":84,"column":7}}},"5":{"name":"(anonymous_9)","decl":{"start":{"line":91,"column":2},"end":{"line":91,"column":16}},"loc":{"start":{"line":93,"column":50},"end":{"line":106,"column":3}}},"6":{"name":"(anonymous_10)","decl":{"start":{"line":109,"column":2},"end":{"line":109,"column":17}},"loc":{"start":{"line":111,"column":50},"end":{"line":131,"column":3}}},"7":{"name":"(anonymous_11)","decl":{"start":{"line":134,"column":2},"end":{"line":134,"column":7}},"loc":{"start":{"line":136,"column":50},"end":{"line":178,"column":3}}},"8":{"name":"(anonymous_12)","decl":{"start":{"line":181,"column":2},"end":{"line":181,"column":14}},"loc":{"start":{"line":183,"column":50},"end":{"line":202,"column":3}}},"9":{"name":"(anonymous_13)","decl":{"start":{"line":205,"column":2},"end":{"line":205,"column":22}},"loc":{"start":{"line":205,"column":69},"end":{"line":208,"column":3}}},"10":{"name":"(anonymous_14)","decl":{"start":{"line":211,"column":10},"end":{"line":211,"column":33}},"loc":{"start":{"line":211,"column":66},"end":{"line":217,"column":3}}},"11":{"name":"(anonymous_15)","decl":{"start":{"line":219,"column":10},"end":{"line":219,"column":26}},"loc":{"start":{"line":219,"column":59},"end":{"line":227,"column":3}}},"12":{"name":"(anonymous_16)","decl":{"start":{"line":229,"column":10},"end":{"line":229,"column":20}},"loc":{"start":{"line":229,"column":61},"end":{"line":236,"column":3}}},"13":{"name":"(anonymous_17)","decl":{"start":{"line":232,"column":26},"end":{"line":232,"column":34}},"loc":{"start":{"line":232,"column":37},"end":{"line":234,"column":7}}},"14":{"name":"(anonymous_18)","decl":{"start":{"line":239,"column":9},"end":{"line":239,"column":31}},"loc":{"start":{"line":239,"column":84},"end":{"line":246,"column":3}}},"15":{"name":"(anonymous_19)","decl":{"start":{"line":248,"column":9},"end":{"line":248,"column":31}},"loc":{"start":{"line":248,"column":67},"end":{"line":254,"column":3}}}},"branchMap":{"0":{"loc":{"start":{"line":48,"column":18},"end":{"line":48,"column":89}},"type":"binary-expr","locations":[{"start":{"line":48,"column":18},"end":{"line":48,"column":46}},{"start":{"line":48,"column":50},"end":{"line":48,"column":89}}]},"1":{"loc":{"start":{"line":49,"column":4},"end":{"line":63,"column":5}},"type":"if","locations":[{"start":{"line":49,"column":4},"end":{"line":63,"column":5}}]},"2":{"loc":{"start":{"line":53,"column":6},"end":{"line":62,"column":7}},"type":"if","locations":[{"start":{"line":53,"column":6},"end":{"line":62,"column":7}}]},"3":{"loc":{"start":{"line":69,"column":4},"end":{"line":85,"column":5}},"type":"if","locations":[{"start":{"line":69,"column":4},"end":{"line":85,"column":5}}]},"4":{"loc":{"start":{"line":74,"column":6},"end":{"line":76,"column":7}},"type":"if","locations":[{"start":{"line":74,"column":6},"end":{"line":76,"column":7}}]},"5":{"loc":{"start":{"line":74,"column":10},"end":{"line":74,"column":48}},"type":"binary-expr","locations":[{"start":{"line":74,"column":10},"end":{"line":74,"column":22}},{"start":{"line":74,"column":26},"end":{"line":74,"column":48}}]},"6":{"loc":{"start":{"line":80,"column":8},"end":{"line":83,"column":9}},"type":"if","locations":[{"start":{"line":80,"column":8},"end":{"line":83,"column":9}}]},"7":{"loc":{"start":{"line":95,"column":4},"end":{"line":95,"column":31}},"type":"if","locations":[{"start":{"line":95,"column":4},"end":{"line":95,"column":31}}]},"8":{"loc":{"start":{"line":113,"column":4},"end":{"line":113,"column":31}},"type":"if","locations":[{"start":{"line":113,"column":4},"end":{"line":113,"column":31}}]},"9":{"loc":{"start":{"line":120,"column":4},"end":{"line":123,"column":5}},"type":"if","locations":[{"start":{"line":120,"column":4},"end":{"line":123,"column":5}}]},"10":{"loc":{"start":{"line":120,"column":8},"end":{"line":120,"column":55}},"type":"binary-expr","locations":[{"start":{"line":120,"column":8},"end":{"line":120,"column":20}},{"start":{"line":120,"column":24},"end":{"line":120,"column":55}}]},"11":{"loc":{"start":{"line":138,"column":4},"end":{"line":141,"column":5}},"type":"if","locations":[{"start":{"line":138,"column":4},"end":{"line":141,"column":5}}]},"12":{"loc":{"start":{"line":161,"column":6},"end":{"line":171,"column":7}},"type":"if","locations":[{"start":{"line":161,"column":6},"end":{"line":171,"column":7}}]},"13":{"loc":{"start":{"line":163,"column":8},"end":{"line":170,"column":9}},"type":"if","locations":[{"start":{"line":163,"column":8},"end":{"line":170,"column":9}}]},"14":{"loc":{"start":{"line":163,"column":12},"end":{"line":163,"column":69}},"type":"binary-expr","locations":[{"start":{"line":163,"column":12},"end":{"line":163,"column":25}},{"start":{"line":163,"column":29},"end":{"line":163,"column":69}}]},"15":{"loc":{"start":{"line":185,"column":4},"end":{"line":185,"column":31}},"type":"if","locations":[{"start":{"line":185,"column":4},"end":{"line":185,"column":31}}]},"16":{"loc":{"start":{"line":187,"column":19},"end":{"line":187,"column":43}},"type":"binary-expr","locations":[{"start":{"line":187,"column":19},"end":{"line":187,"column":30}},{"start":{"line":187,"column":34},"end":{"line":187,"column":43}}]},"17":{"loc":{"start":{"line":189,"column":4},"end":{"line":191,"column":5}},"type":"if","locations":[{"start":{"line":189,"column":4},"end":{"line":191,"column":5}}]},"18":{"loc":{"start":{"line":195,"column":4},"end":{"line":201,"column":5}},"type":"if","locations":[{"start":{"line":195,"column":4},"end":{"line":201,"column":5}},{"start":{"line":198,"column":11},"end":{"line":201,"column":5}}]},"19":{"loc":{"start":{"line":212,"column":4},"end":{"line":214,"column":5}},"type":"if","locations":[{"start":{"line":212,"column":4},"end":{"line":214,"column":5}}]},"20":{"loc":{"start":{"line":221,"column":4},"end":{"line":226,"column":5}},"type":"if","locations":[{"start":{"line":221,"column":4},"end":{"line":226,"column":5}}]},"21":{"loc":{"start":{"line":223,"column":6},"end":{"line":225,"column":7}},"type":"if","locations":[{"start":{"line":223,"column":6},"end":{"line":225,"column":7}}]},"22":{"loc":{"start":{"line":231,"column":4},"end":{"line":235,"column":5}},"type":"if","locations":[{"start":{"line":231,"column":4},"end":{"line":235,"column":5}}]}},"s":{"0":1,"1":1,"2":1,"3":1,"4":1,"5":1,"6":17,"7":17,"8":17,"9":17,"10":17,"11":1,"12":14,"13":14,"14":14,"15":13,"16":13,"17":13,"18":13,"19":13,"20":13,"21":1,"22":1,"23":1,"24":1,"25":1,"26":1,"27":1,"28":0,"29":0,"30":0,"31":1,"32":2,"33":1,"34":1,"35":1,"36":1,"37":1,"38":0,"39":1,"40":1,"41":1,"42":1,"43":0,"44":0,"45":1,"46":4,"47":1,"48":1,"49":3,"50":3,"51":2,"52":2,"53":1,"54":1,"55":1,"56":2,"57":1,"58":1,"59":3,"60":0,"61":3,"62":3,"63":3,"64":3,"65":3,"66":2,"67":2,"68":1,"69":1,"70":1,"71":1,"72":13,"73":13,"74":13,"75":13,"76":1,"77":1,"78":1,"79":1,"80":1,"81":1,"82":1,"83":0,"84":0,"85":1,"86":1,"87":1,"88":1,"89":1,"90":1,"91":1,"92":1,"93":1,"94":1},"f":{"0":17,"1":1,"2":14,"3":1,"4":0,"5":2,"6":1,"7":4,"8":3,"9":1,"10":13,"11":1,"12":1,"13":0,"14":1,"15":1},"b":{"0":[14,1],"1":[13],"2":[13],"3":[1],"4":[1],"5":[1,0],"6":[0],"7":[1],"8":[0],"9":[0],"10":[1,0],"11":[1],"12":[1],"13":[1],"14":[1,1],"15":[0],"16":[3,1],"17":[3],"18":[2,1],"19":[13],"20":[1],"21":[1],"22":[0]}}
,"/home/lucashaddad/workfolder/studying/tests/adil-messenger/src/modules/file.module.ts": {"path":"/home/lucashaddad/workfolder/studying/tests/adil-messenger/src/modules/file.module.ts","statementMap":{"0":{"start":{"line":1,"column":0},"end":{"line":1,"column":40}},"1":{"start":{"line":2,"column":0},"end":{"line":2,"column":63}},"2":{"start":{"line":3,"column":0},"end":{"line":3,"column":67}},"3":{"start":{"line":10,"column":7},"end":{"line":10,"column":null}},"4":{"start":{"line":10,"column":13},"end":{"line":10,"column":23}},"5":{"start":{"line":10,"column":13},"end":{"line":10,"column":null}}},"fnMap":{},"branchMap":{},"s":{"0":1,"1":1,"2":1,"3":1,"4":1,"5":1},"f":{},"b":{}}
,"/home/lucashaddad/workfolder/studying/tests/adil-messenger/src/modules/message.module.ts": {"path":"/home/lucashaddad/workfolder/studying/tests/adil-messenger/src/modules/message.module.ts","statementMap":{"0":{"start":{"line":1,"column":0},"end":{"line":1,"column":52}},"1":{"start":{"line":2,"column":0},"end":{"line":2,"column":48}},"2":{"start":{"line":3,"column":0},"end":{"line":3,"column":69}},"3":{"start":{"line":4,"column":0},"end":{"line":4,"column":60}},"4":{"start":{"line":5,"column":0},"end":{"line":5,"column":54}},"5":{"start":{"line":6,"column":0},"end":{"line":6,"column":51}},"6":{"start":{"line":7,"column":0},"end":{"line":7,"column":43}},"7":{"start":{"line":25,"column":7},"end":{"line":25,"column":null}},"8":{"start":{"line":25,"column":13},"end":{"line":25,"column":26}},"9":{"start":{"line":25,"column":13},"end":{"line":25,"column":null}},"10":{"start":{"line":20,"column":24},"end":{"line":20,"column":28}}},"fnMap":{"0":{"name":"(anonymous_1)","decl":{"start":{"line":20,"column":18},"end":{"line":20,"column":21}},"loc":{"start":{"line":20,"column":24},"end":{"line":20,"column":28}}}},"branchMap":{},"s":{"0":1,"1":1,"2":1,"3":1,"4":1,"5":1,"6":1,"7":1,"8":1,"9":1,"10":0},"f":{"0":0},"b":{}}
,"/home/lucashaddad/workfolder/studying/tests/adil-messenger/src/modules/reaction.module.ts": {"path":"/home/lucashaddad/workfolder/studying/tests/adil-messenger/src/modules/reaction.module.ts","statementMap":{"0":{"start":{"line":1,"column":0},"end":{"line":1,"column":40}},"1":{"start":{"line":2,"column":0},"end":{"line":2,"column":48}},"2":{"start":{"line":3,"column":0},"end":{"line":3,"column":71}},"3":{"start":{"line":4,"column":0},"end":{"line":4,"column":62}},"4":{"start":{"line":5,"column":0},"end":{"line":5,"column":53}},"5":{"start":{"line":13,"column":7},"end":{"line":13,"column":null}},"6":{"start":{"line":13,"column":13},"end":{"line":13,"column":27}},"7":{"start":{"line":13,"column":13},"end":{"line":13,"column":null}}},"fnMap":{},"branchMap":{},"s":{"0":0,"1":0,"2":0,"3":0,"4":0,"5":0,"6":0,"7":0},"f":{},"b":{}}
,"/home/lucashaddad/workfolder/studying/tests/adil-messenger/src/modules/user.module.ts": {"path":"/home/lucashaddad/workfolder/studying/tests/adil-messenger/src/modules/user.module.ts","statementMap":{"0":{"start":{"line":1,"column":0},"end":{"line":1,"column":40}},"1":{"start":{"line":2,"column":0},"end":{"line":2,"column":48}},"2":{"start":{"line":3,"column":0},"end":{"line":3,"column":63}},"3":{"start":{"line":4,"column":0},"end":{"line":4,"column":54}},"4":{"start":{"line":5,"column":0},"end":{"line":5,"column":34}},"5":{"start":{"line":13,"column":7},"end":{"line":13,"column":null}},"6":{"start":{"line":13,"column":13},"end":{"line":13,"column":23}},"7":{"start":{"line":13,"column":13},"end":{"line":13,"column":null}}},"fnMap":{},"branchMap":{},"s":{"0":1,"1":1,"2":1,"3":1,"4":1,"5":1,"6":1,"7":1},"f":{},"b":{}}
[...]
lumn":27},"end":{"line":171,"column":69}},"44":{"start":{"line":174,"column":4},"end":{"line":176,"column":7}},"45":{"start":{"line":179,"column":4},"end":{"line":185,"column":5}},"46":{"start":{"line":180,"column":6},"end":{"line":184,"column":8}},"47":{"start":{"line":187,"column":4},"end":{"line":187,"column":26}},"48":{"start":{"line":196,"column":20},"end":{"line":198,"column":6}},"49":{"start":{"line":200,"column":4},"end":{"line":202,"column":5}},"50":{"start":{"line":201,"column":6},"end":{"line":201,"column":55}},"51":{"start":{"line":205,"column":4},"end":{"line":207,"column":5}},"52":{"start":{"line":206,"column":6},"end":{"line":206,"column":76}},"53":{"start":{"line":210,"column":4},"end":{"line":210,"column":29}},"54":{"start":{"line":211,"column":4},"end":{"line":211,"column":35}},"55":{"start":{"line":213,"column":4},"end":{"line":213,"column":47}},"56":{"start":{"line":216,"column":4},"end":{"line":218,"column":5}},"57":{"start":{"line":217,"column":6},"end":{"line":217,"column":76}},"58":{"start":{"line":226,"column":20},"end":{"line":226,"column":56}},"59":{"start":{"line":229,"column":20},"end":{"line":233,"column":6}},"60":{"start":{"line":236,"column":4},"end":{"line":240,"column":5}},"61":{"start":{"line":237,"column":6},"end":{"line":239,"column":9}},"62":{"start":{"line":242,"column":4},"end":{"line":242,"column":30}},"63":{"start":{"line":243,"column":4},"end":{"line":243,"column":19}},"64":{"start":{"line":8,"column":13},"end":{"line":8,"column":27}},"65":{"start":{"line":8,"column":13},"end":{"line":245,"column":null}},"66":{"start":{"line":14,"column":29},"end":{"line":14,"column":42}}},"fnMap":{"0":{"name":"(anonymous_4)","decl":{"start":{"line":9,"column":2},"end":{"line":9,"column":null}},"loc":{"start":{"line":15,"column":29},"end":{"line":16,"column":6}}},"1":{"name":"(anonymous_5)","decl":{"start":{"line":22,"column":2},"end":{"line":22,"column":7}},"loc":{"start":{"line":22,"column":56},"end":{"line":52,"column":3}}},"2":{"name":"(anonymous_6)","decl":{"start":{"line":58,"column":2},"end":{"line":58,"column":7}},"loc":{"start":{"line":61,"column":28},"end":{"line":94,"column":3}}},"3":{"name":"(anonymous_7)","decl":{"start":{"line":99,"column":2},"end":{"line":99,"column":7}},"loc":{"start":{"line":99,"column":33},"end":{"line":115,"column":3}}},"4":{"name":"(anonymous_8)","decl":{"start":{"line":120,"column":2},"end":{"line":120,"column":7}},"loc":{"start":{"line":120,"column":74},"end":{"line":142,"column":3}}},"5":{"name":"(anonymous_9)","decl":{"start":{"line":148,"column":2},"end":{"line":148,"column":7}},"loc":{"start":{"line":151,"column":20},"end":{"line":188,"column":3}}},"6":{"name":"(anonymous_10)","decl":{"start":{"line":195,"column":2},"end":{"line":195,"column":7}},"loc":{"start":{"line":195,"column":50},"end":{"line":219,"column":3}}},"7":{"name":"(anonymous_11)","decl":{"start":{"line":225,"column":2},"end":{"line":225,"column":7}},"loc":{"start":{"line":225,"column":47},"end":{"line":244,"column":3}}},"8":{"name":"(anonymous_12)","decl":{"start":{"line":14,"column":23},"end":{"line":14,"column":26}},"loc":{"start":{"line":14,"column":29},"end":{"line":14,"column":42}}}},"branchMap":{"0":{"loc":{"start":{"line":27,"column":4},"end":{"line":29,"column":5}},"type":"if","locations":[{"start":{"line":27,"column":4},"end":{"line":29,"column":5}}]},"1":{"loc":{"start":{"line":32,"column":4},"end":{"line":39,"column":5}},"type":"if","locations":[{"start":{"line":32,"column":4},"end":{"line":39,"column":5}}]},"2":{"loc":{"start":{"line":36,"column":6},"end":{"line":38,"column":7}},"type":"if","locations":[{"start":{"line":36,"column":6},"end":{"line":38,"column":7}}]},"3":{"loc":{"start":{"line":59,"column":4},"end":{"line":59,"column":20}},"type":"default-arg","locations":[{"start":{"line":59,"column":19},"end":{"line":59,"column":20}}]},"4":{"loc":{"start":{"line":60,"column":4},"end":{"line":60,"column":22}},"type":"default-arg","locations":[{"start":{"line":60,"column":20},"end":{"line":60,"column":22}}]},"5":{"loc":{"start":{"line":66,"column":4},"end":{"line":71,"column":5}},"type":"if","locations":[{"start":{"line":66,"column":4},"end":{"line":71,"column":5}},{"start":{"line":68,"column":11},"end":{"line":71,"column":5}}]},"6":{"loc":{"start":{"line":105,"column":4},"end":{"line":107,"column":5}},"type":"if","locations":[{"start":{"line":105,"column":4},"end":{"line":107,"column":5}}]},"7":{"loc":{"start":{"line":120,"column":38},"end":{"line":120,"column":54}},"type":"default-arg","locations":[{"start":{"line":120,"column":53},"end":{"line":120,"column":54}}]},"8":{"loc":{"start":{"line":120,"column":56},"end":{"line":120,"column":74}},"type":"default-arg","locations":[{"start":{"line":120,"column":72},"end":{"line":120,"column":74}}]},"9":{"loc":{"start":{"line":131,"column":4},"end":{"line":133,"column":5}},"type":"if","locations":[{"start":{"line":131,"column":4},"end":{"line":133,"column":5}}]},"10":{"loc":{"start":{"line":158,"column":4},"end":{"line":160,"column":5}},"type":"if","locations":[{"start":{"line":158,"column":4},"end":{"line":160,"column":5}}]},"11":{"loc":{"start":{"line":163,"column":4},"end":{"line":165,"column":5}},"type":"if","locations":[{"start":{"line":163,"column":4},"end":{"line":165,"column":5}}]},"12":{"loc":{"start":{"line":179,"column":4},"end":{"line":185,"column":5}},"type":"if","locations":[{"start":{"line":179,"column":4},"end":{"line":185,"column":5}}]},"13":{"loc":{"start":{"line":200,"column":4},"end":{"line":202,"column":5}},"type":"if","locations":[{"start":{"line":200,"column":4},"end":{"line":202,"column":5}}]},"14":{"loc":{"start":{"line":205,"column":4},"end":{"line":207,"column":5}},"type":"if","locations":[{"start":{"line":205,"column":4},"end":{"line":207,"column":5}}]},"15":{"loc":{"start":{"line":216,"column":4},"end":{"line":218,"column":5}},"type":"if","locations":[{"start":{"line":216,"column":4},"end":{"line":218,"column":5}}]}},"s":{"0":4,"1":4,"2":4,"3":4,"4":4,"5":29,"6":29,"7":29,"8":7,"9":7,"10":7,"11":1,"12":6,"13":3,"14":3,"15":2,"16":4,"17":4,"18":7,"19":7,"20":2,"21":5,"22":7,"23":6,"24":3,"25":6,"26":7,"27":7,"28":5,"29":2,"30":2,"31":2,"32":2,"33":1,"34":1,"35":1,"36":5,"37":5,"38":1,"39":4,"40":1,"41":3,"42":3,"43":3,"44":1,"45":1,"46":1,"47":1,"48":3,"49":3,"50":1,"51":2,"52":1,"53":1,"54":1,"55":1,"56":1,"57":1,"58":2,"59":1,"60":1,"61":1,"62":1,"63":1,"64":4,"65":4,"66":29},"f":{"0":29,"1":7,"2":7,"3":7,"4":2,"5":5,"6":3,"7":2,"8":29},"b":{"0":[1],"1":[3],"2":[2],"3":[2],"4":[2],"5":[2,5],"6":[5],"7":[1],"8":[1],"9":[1],"10":[1],"11":[1],"12":[1],"13":[1],"14":[1],"15":[1]}}
,"/home/lucashaddad/workfolder/studying/tests/adil-messenger/src/services/reaction.service.ts": {"path":"/home/lucashaddad/workfolder/studying/tests/adil-messenger/src/services/reaction.service.ts","statementMap":{"0":{"start":{"line":1,"column":0},"end":{"line":1,"column":102}},"1":{"start":{"line":2,"column":0},"end":{"line":2,"column":51}},"2":{"start":{"line":3,"column":0},"end":{"line":3,"column":37}},"3":{"start":{"line":4,"column":0},"end":{"line":4,"column":67}},"4":{"start":{"line":9,"column":7},"end":{"line":214,"column":null}},"5":{"start":{"line":12,"column":12},"end":{"line":12,"column":32}},"6":{"start":{"line":14,"column":12},"end":{"line":14,"column":31}},"7":{"start":{"line":16,"column":12},"end":{"line":16,"column":28}},"8":{"start":{"line":24,"column":40},"end":{"line":24,"column":57}},"9":{"start":{"line":27,"column":17},"end":{"line":27,"column":77}},"10":{"start":{"line":28,"column":4},"end":{"line":30,"column":5}},"11":{"start":{"line":29,"column":6},"end":{"line":29,"column":52}},"12":{"start":{"line":33,"column":20},"end":{"line":35,"column":6}},"13":{"start":{"line":36,"column":4},"end":{"line":38,"column":5}},"14":{"start":{"line":37,"column":6},"end":{"line":37,"column":75}},"15":{"start":{"line":41,"column":29},"end":{"line":43,"column":6}},"16":{"start":{"line":45,"column":4},"end":{"line":57,"column":5}},"17":{"start":{"line":47,"column":6},"end":{"line":47,"column":35}},"18":{"start":{"line":48,"column":6},"end":{"line":48,"column":60}},"19":{"start":{"line":51,"column":23},"end":{"line":55,"column":8}},"20":{"start":{"line":56,"column":6},"end":{"line":56,"column":52}},"21":{"start":{"line":64,"column":21},"end":{"line":66,"column":6}},"22":{"start":{"line":68,"column":4},"end":{"line":70,"column":5}},"23":{"start":{"line":69,"column":6},"end":{"line":69,"column":56}},"24":{"start":{"line":72,"column":4},"end":{"line":72,"column":51}},"25":{"start":{"line":80,"column":20},"end":{"line":82,"column":6}},"26":{"start":{"line":83,"column":4},"end":{"line":85,"column":5}},"27":{"start":{"line":84,"column":6},"end":{"line":84,"column":75}},"28":{"start":{"line":88,"column":27},"end":{"line":94,"column":19}},"29":{"start":{"line":96,"column":42},"end":{"line":99,"column":7}},"30":{"start":{"line":96,"column":70},"end":{"line":99,"column":6}},"31":{"start":{"line":101,"column":27},"end":{"line":101,"column":87}},"32":{"start":{"line":101,"column":63},"end":{"line":101,"column":83}},"33":{"start":{"line":103,"column":4},"end":{"line":107,"column":6}},"34":{"start":{"line":114,"column":4},"end":{"line":117,"column":7}},"35":{"start":{"line":128,"column":31},"end":{"line":134,"column":6}},"36":{"start":{"line":136,"column":4},"end":{"line":141,"column":6}},"37":{"start":{"line":153,"column":27},"end":{"line":159,"column":19}},"38":{"start":{"line":162,"column":30},"end":{"line":169,"column":19}},"39":{"start":{"line":172,"column":21},"end":{"line":172,"column":48}},"40":{"start":{"line":173,"column":28},"end":{"line":181,"column":6}},"41":{"start":{"line":174,"column":20},"end":{"line":174,"column":73}},"42":{"start":{"line":174,"column":45},"end":{"line":174,"column":60}},"43":{"start":{"line":175,"column":23},"end":{"line":175,"column":79}},"44":{"start":{"line":175,"column":51},"end":{"line":175,"column":66}},"45":{"start":{"line":176,"column":6},"end":{"line":180,"column":8}},"46":{"start":{"line":183,"column":32},"end":{"line":183,"column":97}},"47":{"start":{"line":183,"column":66},"end":{"line":183,"column":93}},"48":{"start":{"line":184,"column":35},"end":{"line":184,"column":103}},"49":{"start":{"line":184,"column":72},"end":{"line":184,"column":99}},"50":{"start":{"line":186,"column":4},"end":{"line":190,"column":6}},"51":{"start":{"line":197,"column":17},"end":{"line":197,"column":27}},"52":{"start":{"line":198,"column":4},"end":{"line":198,"column":40}},"53":{"start":{"line":200,"column":30},"end":{"line":207,"column":19}},"54":{"start":{"line":209,"column":4},"end":{"line":212,"column":8}},"55":{"start":{"line":209,"column":42},"end":{"line":212,"column":6}},"56":{"start":{"line":9,"column":13},"end":{"line":9,"column":28}},"57":{"start":{"line":9,"column":13},"end":{"line":214,"column":null}}},"fnMap":{"0":{"name":"(anonymous_4)","decl":{"start":{"line":10,"column":2},"end":{"line":10,"column":null}},"loc":{"start":{"line":16,"column":44},"end":{"line":17,"column":6}}},"1":{"name":"(anonymous_5)","decl":{"start":{"line":23,"column":2},"end":{"line":23,"column":7}},"loc":{"start":{"line":23,"column":56},"end":{"line":58,"column":3}}},"2":{"name":"(anonymous_6)","decl":{"start":{"line":63,"column":2},"end":{"line":63,"column":7}},"loc":{"start":{"line":63,"column":56},"end":{"line":73,"column":3}}},"3":{"name":"(anonymous_7)","decl":{"start":{"line":78,"column":2},"end":{"line":78,"column":7}},"loc":{"start":{"line":78,"column":45},"end":{"line":108,"column":3}}},"4":{"name":"(anonymous_8)","decl":{"start":{"line":96,"column":61},"end":{"line":96,"column":65}},"loc":{"start":{"line":96,"column":70},"end":{"line":99,"column":6}}},"5":{"name":"(anonymous_9)","decl":{"start":{"line":101,"column":44},"end":{"line":101,"column":45}},"loc":{"start":{"line":101,"column":63},"end":{"line":101,"column":83}}},"6":{"name":"(anonymous_10)","decl":{"start":{"line":113,"column":2},"end":{"line":113,"column":7}},"loc":{"start":{"line":113,"column":57},"end":{"line":118,"column":3}}},"7":{"name":"(anonymous_11)","decl":{"start":{"line":123,"column":2},"end":{"line":123,"column":7}},"loc":{"start":{"line":126,"column":22},"end":{"line":142,"column":3}}},"8":{"name":"(anonymous_12)","decl":{"start":{"line":147,"column":2},"end":{"line":147,"column":7}},"loc":{"start":{"line":147,"column":43},"end":{"line":191,"column":3}}},"9":{"name":"(anonymous_13)","decl":{"start":{"line":173,"column":41},"end":{"line":173,"column":45}},"loc":{"start":{"line":173,"column":48},"end":{"line":181,"column":5}}},"10":{"name":"(anonymous_14)","decl":{"start":{"line":174,"column":40},"end":{"line":174,"column":41}},"loc":{"start":{"line":174,"column":45},"end":{"line":174,"column":60}}},"11":{"name":"(anonymous_15)","decl":{"start":{"line":175,"column":46},"end":{"line":175,"column":47}},"loc":{"start":{"line":175,"column":51},"end":{"line":175,"column":66}}},"12":{"name":"(anonymous_16)","decl":{"start":{"line":183,"column":54},"end":{"line":183,"column":55}},"loc":{"start":{"line":183,"column":66},"end":{"line":183,"column":93}}},"13":{"name":"(anonymous_17)","decl":{"start":{"line":184,"column":60},"end":{"line":184,"column":61}},"loc":{"start":{"line":184,"column":72},"end":{"line":184,"column":99}}},"14":{"name":"(anonymous_18)","decl":{"start":{"line":196,"column":2},"end":{"line":196,"column":7}},"loc":{"start":{"line":196,"column":45},"end":{"line":213,"column":3}}},"15":{"name":"(anonymous_19)","decl":{"start":{"line":209,"column":33},"end":{"line":209,"column":37}},"loc":{"start":{"line":209,"column":42},"end":{"line":212,"column":6}}}},"branchMap":{"0":{"loc":{"start":{"line":28,"column":4},"end":{"line":30,"column":5}},"type":"if","locations":[{"start":{"line":28,"column":4},"end":{"line":30,"column":5}}]},"1":{"loc":{"start":{"line":36,"column":4},"end":{"line":38,"column":5}},"type":"if","locations":[{"start":{"line":36,"column":4},"end":{"line":38,"column":5}}]},"2":{"loc":{"start":{"line":45,"column":4},"end":{"line":57,"column":5}},"type":"if","locations":[{"start":{"line":45,"column":4},"end":{"line":57,"column":5}},{"start":{"line":49,"column":11},"end":{"line":57,"column":5}}]},"3":{"loc":{"start":{"line":68,"column":4},"end":{"line":70,"column":5}},"type":"if","locations":[{"start":{"line":68,"column":4},"end":{"line":70,"column":5}}]},"4":{"loc":{"start":{"line":83,"column":4},"end":{"line":85,"column":5}},"type":"if","locations":[{"start":{"line":83,"column":4},"end":{"line":85,"column":5}}]},"5":{"loc":{"start":{"line":125,"column":4},"end":{"line":125,"column":20}},"type":"default-arg","locations":[{"start":{"line":125,"column":19},"end":{"line":125,"column":20}}]},"6":{"loc":{"start":{"line":126,"column":4},"end":{"line":126,"column":22}},"type":"default-arg","locations":[{"start":{"line":126,"column":20},"end":{"line":126,"column":22}}]},"7":{"loc":{"start":{"line":174,"column":20},"end":{"line":174,"column":73}},"type":"binary-expr","locations":[{"start":{"line":174,"column":20},"end":{"line":174,"column":68}},{"start":{"line":174,"column":72},"end":{"line":174,"column":73}}]},"8":{"loc":{"start":{"line":175,"column":23},"end":{"line":175,"column":79}},"type":"binary-expr","locations":[{"start":{"line":175,"column":23},"end":{"line":175,"column":74}},{"start":{"line":175,"column":78},"end":{"line":175,"column":79}}]},"9":{"loc":{"start":{"line":196,"column":29},"end":{"line":196,"column":45}},"type":"default-arg","locations":[{"start":{"line":196,"column":44},"end":{"line":196,"column":45}}]}},"s":{"0":0,"1":0,"2":0,"3":0,"4":0,"5":0,"6":0,"7":0,"8":0,"9":0,"10":0,"11":0,"12":0,"13":0,"14":0,"15":0,"16":0,"17":0,"18":0,"19":0,"20":0,"21":0,"22":0,"23":0,"24":0,"25":0,"26":0,"27":0,"28":0,"29":0,"30":0,"31":0,"32":0,"33":0,"34":0,"35":0,"36":0,"37":0,"38":0,"39":0,"40":0,"41":0,"42":0,"43":0,"44":0,"45":0,"46":0,"47":0,"48":0,"49":0,"50":0,"51":0,"52":0,"53":0,"54":0,"55":0,"56":0,"57":0},"f":{"0":0,"1":0,"2":0,"3":0,"4":0,"5":0,"6":0,"7":0,"8":0,"9":0,"10":0,"11":0,"12":0,"13":0,"14":0,"15":0},"b":{"0":[0],"1":[0],"2":[0,0],"3":[0],"4":[0],"5":[0],"6":[0],"7":[0,0],"8":[0,0],"9":[0]}}
,"/home/lucashaddad/workfolder/studying/tests/adil-messenger/src/services/user.service.ts": {"path":"/home/lucashaddad/workfolder/studying/tests/adil-messenger/src/services/user.service.ts","statementMap":{"0":{"start":{"line":1,"column":0},"end":{"line":1,"column":82}},"1":{"start":{"line":2,"column":0},"end":{"line":2,"column":51}},"2":{"start":{"line":3,"column":0},"end":{"line":3,"column":37}},"3":{"start":{"line":4,"column":0},"end":{"line":4,"column":34}},"4":{"start":{"line":8,"column":7},"end":{"line":77,"column":null}},"5":{"start":{"line":11,"column":12},"end":{"line":11,"column":28}},"6":{"start":{"line":18,"column":42},"end":{"line":18,"column":55}},"7":{"start":{"line":21,"column":25},"end":{"line":23,"column":6}},"8":{"start":{"line":25,"column":4},"end":{"line":32,"column":5}},"9":{"start":{"line":26,"column":6},"end":{"line":28,"column":7}},"10":{"start":{"line":27,"column":8},"end":{"line":27,"column":63}},"11":{"start":{"line":29,"column":6},"end":{"line":31,"column":7}},"12":{"start":{"line":30,"column":8},"end":{"line":30,"column":60}},"13":{"start":{"line":34,"column":17},"end":{"line":38,"column":6}},"14":{"start":{"line":40,"column":4},"end":{"line":40,"column":42}},"15":{"start":{"line":47,"column":4},"end":{"line":49,"column":7}},"16":{"start":{"line":56,"column":17},"end":{"line":56,"column":69}},"17":{"start":{"line":58,"column":4},"end":{"line":60,"column":5}},"18":{"start":{"line":59,"column":6},"end":{"line":59,"column":52}},"19":{"start":{"line":62,"column":4},"end":{"line":62,"column":16}},"20":{"start":{"line":69,"column":17},"end":{"line":69,"column":75}},"21":{"start":{"line":71,"column":4},"end":{"line":73,"column":5}},"22":{"start":{"line":72,"column":6},"end":{"line":72,"column":52}},"23":{"start":{"line":75,"column":4},"end":{"line":75,"column":16}},"24":{"start":{"line":8,"column":13},"end":{"line":8,"column":24}},"25":{"start":{"line":8,"column":13},"end":{"line":77,"column":null}}},"fnMap":{"0":{"name":"(anonymous_4)","decl":{"start":{"line":9,"column":2},"end":{"line":9,"column":null}},"loc":{"start":{"line":11,"column":44},"end":{"line":12,"column":6}}},"1":{"name":"(anonymous_5)","decl":{"start":{"line":17,"column":2},"end":{"line":17,"column":7}},"loc":{"start":{"line":17,"column":47},"end":{"line":41,"column":3}}},"2":{"name":"(anonymous_6)","decl":{"start":{"line":46,"column":2},"end":{"line":46,"column":7}},"loc":{"start":{"line":46,"column":16},"end":{"line":50,"column":3}}},"3":{"name":"(anonymous_7)","decl":{"start":{"line":55,"column":2},"end":{"line":55,"column":7}},"loc":{"start":{"line":55,"column":30},"end":{"line":63,"column":3}}},"4":{"name":"(anonymous_8)","decl":{"start":{"line":68,"column":2},"end":{"line":68,"column":7}},"loc":{"start":{"line":68,"column":42},"end":{"line":76,"column":3}}}},"branchMap":{"0":{"loc":{"start":{"line":25,"column":4},"end":{"line":32,"column":5}},"type":"if","locations":[{"start":{"line":25,"column":4},"end":{"line":32,"column":5}}]},"1":{"loc":{"start":{"line":26,"column":6},"end":{"line":28,"column":7}},"type":"if","locations":[{"start":{"line":26,"column":6},"end":{"line":28,"column":7}}]},"2":{"loc":{"start":{"line":29,"column":6},"end":{"line":31,"column":7}},"type":"if","locations":[{"start":{"line":29,"column":6},"end":{"line":31,"column":7}}]},"3":{"loc":{"start":{"line":58,"column":4},"end":{"line":60,"column":5}},"type":"if","locations":[{"start":{"line":58,"column":4},"end":{"line":60,"column":5}}]},"4":{"loc":{"start":{"line":71,"column":4},"end":{"line":73,"column":5}},"type":"if","locations":[{"start":{"line":71,"column":4},"end":{"line":73,"column":5}}]}},"s":{"0":3,"1":3,"2":3,"3":3,"4":3,"5":19,"6":6,"7":6,"8":6,"9":2,"10":1,"11":1,"12":1,"13":4,"14":3,"15":3,"16":5,"17":4,"18":3,"19":1,"20":5,"21":4,"22":2,"23":2,"24":3,"25":3},"f":{"0":19,"1":6,"2":3,"3":5,"4":5},"b":{"0":[2],"1":[1],"2":[1],"3":[3],"4":[2]}}
}
