{"/home/lucashaddad/workfolder/studying/tests/adil-messenger/src/app.module.ts": {"path":"/home/lucashaddad/workfolder/studying/tests/adil-messenger/src/app.module.ts","statementMap":{"0":{"start":{"line":1,"column":0},"end":{"line":1,"column":40}},"1":{"start":{"line":2,"column":0},"end":{"line":2,"column":46}},"2":{"start":{"line":3,"column":0},"end":{"line":3,"column":60}},"3":{"start":{"line":4,"column":0},"end":{"line":4,"column":57}},"4":{"start":{"line":5,"column":0},"end":{"line":5,"column":51}},"5":{"start":{"line":17,"column":7},"end":{"line":17,"column":null}},"6":{"start":{"line":17,"column":13},"end":{"line":17,"column":22}},"7":{"start":{"line":17,"column":13},"end":{"line":17,"column":null}}},"fnMap":{},"branchMap":{},"s":{"0":0,"1":0,"2":0,"3":0,"4":0,"5":0,"6":0,"7":0},"f":{},"b":{}}
,"/home/lucashaddad/workfolder/studying/tests/adil-messenger/src/controllers/message.controller.ts": {"path":"/home/lucashaddad/workfolder/studying/tests/adil-messenger/src/controllers/message.controller.ts","statementMap":{"0":{"start":{"line":1,"column":0},"end":{"line":1,"column":null}},"1":{"start":{"line":15,"column":0},"end":{"line":15,"column":null}},"2":{"start":{"line":23,"column":0},"end":{"line":23,"column":60}},"3":{"start":{"line":24,"column":0},"end":{"line":24,"column":79}},"4":{"start":{"line":29,"column":7},"end":{"line":142,"column":null}},"5":{"start":{"line":30,"column":31},"end":{"line":30,"column":47}},"6":{"start":{"line":43,"column":4},"end":{"line":43,"column":63}},"7":{"start":{"line":59,"column":4},"end":{"line":59,"column":56}},"8":{"start":{"line":72,"column":4},"end":{"line":72,"column":50}},"9":{"start":{"line":91,"column":4},"end":{"line":91,"column":59}},"10":{"start":{"line":104,"column":4},"end":{"line":104,"column":57}},"11":{"start":{"line":125,"column":4},"end":{"line":125,"column":77}},"12":{"start":{"line":140,"column":4},"end":{"line":140,"column":59}},"13":{"start":{"line":29,"column":13},"end":{"line":29,"column":30}},"14":{"start":{"line":42,"column":8},"end":{"line":44,"column":null}},"15":{"start":{"line":55,"column":8},"end":{"line":60,"column":null}},"16":{"start":{"line":71,"column":8},"end":{"line":73,"column":null}},"17":{"start":{"line":86,"column":8},"end":{"line":92,"column":null}},"18":{"start":{"line":103,"column":8},"end":{"line":105,"column":null}},"19":{"start":{"line":120,"column":8},"end":{"line":126,"column":null}},"20":{"start":{"line":136,"column":8},"end":{"line":141,"column":null}},"21":{"start":{"line":29,"column":13},"end":{"line":142,"column":null}}},"fnMap":{"0":{"name":"(anonymous_4)","decl":{"start":{"line":30,"column":2},"end":{"line":30,"column":31}},"loc":{"start":{"line":30,"column":61},"end":{"line":30,"column":65}}},"1":{"name":"(anonymous_5)","decl":{"start":{"line":42,"column":2},"end":{"line":42,"column":7}},"loc":{"start":{"line":42,"column":64},"end":{"line":44,"column":3}}},"2":{"name":"(anonymous_6)","decl":{"start":{"line":55,"column":2},"end":{"line":55,"column":7}},"loc":{"start":{"line":57,"column":76},"end":{"line":60,"column":3}}},"3":{"name":"(anonymous_7)","decl":{"start":{"line":71,"column":2},"end":{"line":71,"column":7}},"loc":{"start":{"line":71,"column":61},"end":{"line":73,"column":3}}},"4":{"name":"(anonymous_8)","decl":{"start":{"line":86,"column":2},"end":{"line":86,"column":7}},"loc":{"start":{"line":89,"column":76},"end":{"line":92,"column":3}}},"5":{"name":"(anonymous_9)","decl":{"start":{"line":103,"column":2},"end":{"line":103,"column":7}},"loc":{"start":{"line":103,"column":68},"end":{"line":105,"column":3}}},"6":{"name":"(anonymous_10)","decl":{"start":{"line":120,"column":2},"end":{"line":120,"column":7}},"loc":{"start":{"line":123,"column":54},"end":{"line":126,"column":3}}},"7":{"name":"(anonymous_11)","decl":{"start":{"line":136,"column":2},"end":{"line":136,"column":7}},"loc":{"start":{"line":138,"column":54},"end":{"line":141,"column":3}}}},"branchMap":{"0":{"loc":{"start":{"line":56,"column":57},"end":{"line":56,"column":73}},"type":"default-arg","locations":[{"start":{"line":56,"column":72},"end":{"line":56,"column":73}}]},"1":{"loc":{"start":{"line":57,"column":58},"end":{"line":57,"column":76}},"type":"default-arg","locations":[{"start":{"line":57,"column":74},"end":{"line":57,"column":76}}]},"2":{"loc":{"start":{"line":88,"column":57},"end":{"line":88,"column":73}},"type":"default-arg","locations":[{"start":{"line":88,"column":72},"end":{"line":88,"column":73}}]},"3":{"loc":{"start":{"line":89,"column":58},"end":{"line":89,"column":76}},"type":"default-arg","locations":[{"start":{"line":89,"column":74},"end":{"line":89,"column":76}}]}},"s":{"0":2,"1":2,"2":2,"3":2,"4":2,"5":24,"6":3,"7":5,"8":3,"9":3,"10":2,"11":5,"12":3,"13":2,"14":2,"15":2,"16":2,"17":2,"18":2,"19":2,"20":2,"21":2},"f":{"0":24,"1":3,"2":5,"3":3,"4":3,"5":2,"6":5,"7":3},"b":{"0":[3],"1":[3],"2":[2],"3":[2]}}
,"/home/lucashaddad/workfolder/studying/tests/adil-messenger/src/controllers/user.controller.ts": {"path":"/home/lucashaddad/workfolder/studying/tests/adil-messenger/src/controllers/user.controller.ts","statementMap":{"0":{"start":{"line":1,"column":0},"end":{"line":1,"column":null}},"1":{"start":{"line":9,"column":0},"end":{"line":9,"column":null}},"2":{"start":{"line":16,"column":0},"end":{"line":16,"column":54}},"3":{"start":{"line":17,"column":0},"end":{"line":17,"column":38}},"4":{"start":{"line":18,"column":0},"end":{"line":18,"column":34}},"5":{"start":{"line":22,"column":7},"end":{"line":75,"column":null}},"6":{"start":{"line":23,"column":31},"end":{"line":23,"column":44}},"7":{"start":{"line":36,"column":4},"end":{"line":36,"column":54}},"8":{"start":{"line":47,"column":4},"end":{"line":47,"column":39}},"9":{"start":{"line":60,"column":4},"end":{"line":60,"column":44}},"10":{"start":{"line":73,"column":4},"end":{"line":73,"column":56}},"11":{"start":{"line":22,"column":13},"end":{"line":22,"column":27}},"12":{"start":{"line":35,"column":8},"end":{"line":37,"column":null}},"13":{"start":{"line":46,"column":8},"end":{"line":48,"column":null}},"14":{"start":{"line":59,"column":8},"end":{"line":61,"column":null}},"15":{"start":{"line":72,"column":8},"end":{"line":74,"column":null}},"16":{"start":{"line":22,"column":13},"end":{"line":75,"column":null}}},"fnMap":{"0":{"name":"(anonymous_4)","decl":{"start":{"line":23,"column":2},"end":{"line":23,"column":31}},"loc":{"start":{"line":23,"column":55},"end":{"line":23,"column":59}}},"1":{"name":"(anonymous_5)","decl":{"start":{"line":35,"column":2},"end":{"line":35,"column":7}},"loc":{"start":{"line":35,"column":55},"end":{"line":37,"column":3}}},"2":{"name":"(anonymous_6)","decl":{"start":{"line":46,"column":2},"end":{"line":46,"column":7}},"loc":{"start":{"line":46,"column":16},"end":{"line":48,"column":3}}},"3":{"name":"(anonymous_7)","decl":{"start":{"line":59,"column":2},"end":{"line":59,"column":7}},"loc":{"start":{"line":59,"column":58},"end":{"line":61,"column":3}}},"4":{"name":"(anonymous_8)","decl":{"start":{"line":72,"column":2},"end":{"line":72,"column":7}},"loc":{"start":{"line":72,"column":61},"end":{"line":74,"column":3}}}},"branchMap":{},"s":{"0":2,"1":2,"2":2,"3":2,"4":2,"5":2,"6":22,"7":7,"8":4,"9":6,"10":6,"11":2,"12":2,"13":2,"14":2,"15":2,"16":2},"f":{"0":22,"1":7,"2":4,"3":6,"4":6},"b":{}}
,"/home/lucashaddad/workfolder/studying/tests/adil-messenger/src/database/database.module.ts": {"path":"/home/lucashaddad/workfolder/studying/tests/adil-messenger/src/database/database.module.ts","statementMap":{"0":{"start":{"line":1,"column":0},"end":{"line":1,"column":40}},"1":{"start":{"line":2,"column":0},"end":{"line":2,"column":48}},"2":{"start":{"line":3,"column":0},"end":{"line":3,"column":61}},"3":{"start":{"line":4,"column":0},"end":{"line":4,"column":43}},"4":{"start":{"line":25,"column":7},"end":{"line":25,"column":null}},"5":{"start":{"line":25,"column":13},"end":{"line":25,"column":27}},"6":{"start":{"line":25,"column":13},"end":{"line":25,"column":null}},"7":{"start":{"line":10,"column":53},"end":{"line":20,"column":8}}},"fnMap":{"0":{"name":"(anonymous_1)","decl":{"start":{"line":10,"column":18},"end":{"line":10,"column":19}},"loc":{"start":{"line":10,"column":53},"end":{"line":20,"column":8}}}},"branchMap":{},"s":{"0":0,"1":0,"2":0,"3":0,"4":0,"5":0,"6":0,"7":0},"f":{"0":0},"b":{}}
,"/home/lucashaddad/workfolder/studying/tests/adil-messenger/src/dto/create-message.dto.ts": {"path":"/home/lucashaddad/workfolder/studying/tests/adil-messenger/src/dto/create-message.dto.ts","statementMap":{"0":{"start":{"line":1,"column":0},"end":{"line":1,"column":78}},"1":{"start":{"line":2,"column":0},"end":{"line":2,"column":46}},"2":{"start":{"line":4,"column":0},"end":{"line":4,"column":13}},"3":{"start":{"line":13,"column":2},"end":{"line":13,"column":null}},"4":{"start":{"line":21,"column":2},"end":{"line":21,"column":null}},"5":{"start":{"line":30,"column":2},"end":{"line":30,"column":null}}},"fnMap":{},"branchMap":{},"s":{"0":3,"1":3,"2":3,"3":3,"4":3,"5":3},"f":{},"b":{}}
,"/home/lucashaddad/workfolder/studying/tests/adil-messenger/src/dto/create-user.dto.ts": {"path":"/home/lucashaddad/workfolder/studying/tests/adil-messenger/src/dto/create-user.dto.ts","statementMap":{"0":{"start":{"line":1,"column":0},"end":{"line":1,"column":75}},"1":{"start":{"line":2,"column":0},"end":{"line":2,"column":46}},"2":{"start":{"line":4,"column":0},"end":{"line":4,"column":13}},"3":{"start":{"line":13,"column":2},"end":{"line":13,"column":null}},"4":{"start":{"line":21,"column":2},"end":{"line":21,"column":null}},"5":{"start":{"line":31,"column":2},"end":{"line":31,"column":null}}},"fnMap":{},"branchMap":{},"s":{"0":3,"1":3,"2":3,"3":3,"4":3,"5":3},"f":{},"b":{}}
,"/home/lucashaddad/workfolder/studying/tests/adil-messenger/src/dto/message-response.dto.ts": {"path":"/home/lucashaddad/workfolder/studying/tests/adil-messenger/src/dto/message-response.dto.ts","statementMap":{"0":{"start":{"line":1,"column":0},"end":{"line":1,"column":46}},"1":{"start":{"line":2,"column":0},"end":{"line":2,"column":46}},"2":{"start":{"line":4,"column":0},"end":{"line":4,"column":13}},"3":{"start":{"line":6,"column":2},"end":{"line":6,"column":null}},"4":{"start":{"line":9,"column":2},"end":{"line":9,"column":null}},"5":{"start":{"line":12,"column":2},"end":{"line":12,"column":null}},"6":{"start":{"line":15,"column":2},"end":{"line":15,"column":null}},"7":{"start":{"line":18,"column":2},"end":{"line":18,"column":null}},"8":{"start":{"line":21,"column":2},"end":{"line":21,"column":null}},"9":{"start":{"line":24,"column":2},"end":{"line":24,"column":null}},"10":{"start":{"line":23,"column":67},"end":{"line":23,"column":71}},"11":{"start":{"line":27,"column":2},"end":{"line":27,"column":null}},"12":{"start":{"line":30,"column":2},"end":{"line":30,"column":null}}},"fnMap":{"0":{"name":"(anonymous_2)","decl":{"start":{"line":23,"column":61},"end":{"line":23,"column":64}},"loc":{"start":{"line":23,"column":67},"end":{"line":23,"column":71}}}},"branchMap":{},"s":{"0":3,"1":3,"2":3,"3":3,"4":3,"5":3,"6":3,"7":3,"8":3,"9":3,"10":0,"11":3,"12":3},"f":{"0":0},"b":{}}
,"/home/lucashaddad/workfolder/studying/tests/adil-messenger/src/dto/update-message.dto.ts": {"path":"/home/lucashaddad/workfolder/studying/tests/adil-messenger/src/dto/update-message.dto.ts","statementMap":{"0":{"start":{"line":1,"column":0},"end":{"line":1,"column":66}},"1":{"start":{"line":2,"column":0},"end":{"line":2,"column":46}},"2":{"start":{"line":4,"column":0},"end":{"line":4,"column":13}},"3":{"start":{"line":13,"column":2},"end":{"line":13,"column":null}}},"fnMap":{},"branchMap":{},"s":{"0":3,"1":3,"2":3,"3":3},"f":{},"b":{}}
,"/home/lucashaddad/workfolder/studying/tests/adil-messenger/src/entities/message.entity.ts": {"path":"/home/lucashaddad/workfolder/studying/tests/adil-messenger/src/entities/message.entity.ts","statementMap":{"0":{"start":{"line":1,"column":0},"end":{"line":1,"column":null}},"1":{"start":{"line":11,"column":0},"end":{"line":11,"column":46}},"2":{"start":{"line":14,"column":7},"end":{"line":58,"column":null}},"3":{"start":{"line":14,"column":13},"end":{"line":14,"column":20}},"4":{"start":{"line":16,"column":2},"end":{"line":16,"column":null}},"5":{"start":{"line":19,"column":2},"end":{"line":19,"column":null}},"6":{"start":{"line":22,"column":2},"end":{"line":22,"column":null}},"7":{"start":{"line":25,"column":2},"end":{"line":25,"column":null}},"8":{"start":{"line":28,"column":2},"end":{"line":28,"column":null}},"9":{"start":{"line":31,"column":2},"end":{"line":31,"column":null}},"10":{"start":{"line":34,"column":2},"end":{"line":34,"column":null}},"11":{"start":{"line":38,"column":2},"end":{"line":38,"column":null}},"12":{"start":{"line":41,"column":2},"end":{"line":41,"column":null}},"13":{"start":{"line":46,"column":2},"end":{"line":46,"column":null}},"14":{"start":{"line":44,"column":19},"end":{"line":44,"column":23}},"15":{"start":{"line":44,"column":35},"end":{"line":44,"column":48}},"16":{"start":{"line":51,"column":2},"end":{"line":51,"column":null}},"17":{"start":{"line":49,"column":19},"end":{"line":49,"column":26}},"18":{"start":{"line":49,"column":41},"end":{"line":49,"column":56}},"19":{"start":{"line":54,"column":2},"end":{"line":54,"column":null}},"20":{"start":{"line":53,"column":19},"end":{"line":53,"column":26}},"21":{"start":{"line":53,"column":41},"end":{"line":53,"column":62}},"22":{"start":{"line":14,"column":13},"end":{"line":58,"column":null}}},"fnMap":{"0":{"name":"(anonymous_2)","decl":{"start":{"line":44,"column":13},"end":{"line":44,"column":16}},"loc":{"start":{"line":44,"column":19},"end":{"line":44,"column":23}}},"1":{"name":"(anonymous_3)","decl":{"start":{"line":44,"column":25},"end":{"line":44,"column":26}},"loc":{"start":{"line":44,"column":35},"end":{"line":44,"column":48}}},"2":{"name":"(anonymous_4)","decl":{"start":{"line":49,"column":13},"end":{"line":49,"column":16}},"loc":{"start":{"line":49,"column":19},"end":{"line":49,"column":26}}},"3":{"name":"(anonymous_5)","decl":{"start":{"line":49,"column":28},"end":{"line":49,"column":29}},"loc":{"start":{"line":49,"column":41},"end":{"line":49,"column":56}}},"4":{"name":"(anonymous_6)","decl":{"start":{"line":53,"column":13},"end":{"line":53,"column":16}},"loc":{"start":{"line":53,"column":19},"end":{"line":53,"column":26}}},"5":{"name":"(anonymous_7)","decl":{"start":{"line":53,"column":28},"end":{"line":53,"column":29}},"loc":{"start":{"line":53,"column":41},"end":{"line":53,"column":62}}}},"branchMap":{},"s":{"0":5,"1":5,"2":5,"3":5,"4":5,"5":5,"6":5,"7":5,"8":5,"9":5,"10":5,"11":5,"12":5,"13":5,"14":0,"15":0,"16":5,"17":0,"18":0,"19":5,"20":0,"21":0,"22":5},"f":{"0":0,"1":0,"2":0,"3":0,"4":0,"5":0},"b":{}}
,"/home/lucashaddad/workfolder/studying/tests/adil-messenger/src/entities/user.entity.ts": {"path":"/home/lucashaddad/workfolder/studying/tests/adil-messenger/src/entities/user.entity.ts","statementMap":{"0":{"start":{"line":1,"column":0},"end":{"line":1,"column":null}},"1":{"start":{"line":9,"column":0},"end":{"line":9,"column":52}},"2":{"start":{"line":12,"column":7},"end":{"line":37,"column":null}},"3":{"start":{"line":12,"column":13},"end":{"line":12,"column":17}},"4":{"start":{"line":14,"column":2},"end":{"line":14,"column":null}},"5":{"start":{"line":17,"column":2},"end":{"line":17,"column":null}},"6":{"start":{"line":20,"column":2},"end":{"line":20,"column":null}},"7":{"start":{"line":23,"column":2},"end":{"line":23,"column":null}},"8":{"start":{"line":26,"column":2},"end":{"line":26,"column":null}},"9":{"start":{"line":29,"column":2},"end":{"line":29,"column":null}},"10":{"start":{"line":32,"column":2},"end":{"line":32,"column":null}},"11":{"start":{"line":36,"column":2},"end":{"line":36,"column":null}},"12":{"start":{"line":35,"column":19},"end":{"line":35,"column":26}},"13":{"start":{"line":35,"column":41},"end":{"line":35,"column":55}},"14":{"start":{"line":12,"column":13},"end":{"line":37,"column":null}}},"fnMap":{"0":{"name":"(anonymous_2)","decl":{"start":{"line":35,"column":13},"end":{"line":35,"column":16}},"loc":{"start":{"line":35,"column":19},"end":{"line":35,"column":26}}},"1":{"name":"(anonymous_3)","decl":{"start":{"line":35,"column":28},"end":{"line":35,"column":29}},"loc":{"start":{"line":35,"column":41},"end":{"line":35,"column":55}}}},"branchMap":{},"s":{"0":5,"1":5,"2":5,"3":5,"4":5,"5":5,"6":5,"7":5,"8":5,"9":5,"10":5,"11":5,"12":0,"13":0,"14":5},"f":{"0":0,"1":0},"b":{}}
,"/home/lucashaddad/workfolder/studying/tests/adil-messenger/src/filters/global-exception.filter.ts": {"path":"/home/lucashaddad/workfolder/studying/tests/adil-messenger/src/filters/global-exception.filter.ts","statementMap":{"0":{"start":{"line":1,"column":0},"end":{"line":1,"column":null}},"1":{"start":{"line":11,"column":7},"end":{"line":53,"column":null}},"2":{"start":{"line":13,"column":16},"end":{"line":13,"column":35}},"3":{"start":{"line":14,"column":21},"end":{"line":14,"column":48}},"4":{"start":{"line":15,"column":20},"end":{"line":15,"column":45}},"5":{"start":{"line":17,"column":17},"end":{"line":17,"column":49}},"6":{"start":{"line":18,"column":18},"end":{"line":18,"column":41}},"7":{"start":{"line":19,"column":16},"end":{"line":19,"column":39}},"8":{"start":{"line":21,"column":4},"end":{"line":35,"column":5}},"9":{"start":{"line":22,"column":6},"end":{"line":22,"column":37}},"10":{"start":{"line":23,"column":32},"end":{"line":23,"column":55}},"11":{"start":{"line":25,"column":6},"end":{"line":32,"column":7}},"12":{"start":{"line":26,"column":28},"end":{"line":26,"column":52}},"13":{"start":{"line":27,"column":8},"end":{"line":27,"column":59}},"14":{"start":{"line":28,"column":8},"end":{"line":28,"column":55}},"15":{"start":{"line":30,"column":8},"end":{"line":30,"column":46}},"16":{"start":{"line":31,"column":8},"end":{"line":31,"column":34}},"17":{"start":{"line":33,"column":11},"end":{"line":35,"column":5}},"18":{"start":{"line":34,"column":6},"end":{"line":34,"column":34}},"19":{"start":{"line":37,"column":26},"end":{"line":44,"column":6}},"20":{"start":{"line":46,"column":4},"end":{"line":49,"column":7}},"21":{"start":{"line":51,"column":4},"end":{"line":51,"column":48}},"22":{"start":{"line":11,"column":13},"end":{"line":11,"column":34}},"23":{"start":{"line":11,"column":13},"end":{"line":53,"column":null}}},"fnMap":{"0":{"name":"(anonymous_1)","decl":{"start":{"line":12,"column":2},"end":{"line":12,"column":7}},"loc":{"start":{"line":12,"column":47},"end":{"line":52,"column":3}}}},"branchMap":{"0":{"loc":{"start":{"line":21,"column":4},"end":{"line":35,"column":5}},"type":"if","locations":[{"start":{"line":21,"column":4},"end":{"line":35,"column":5}},{"start":{"line":33,"column":11},"end":{"line":35,"column":5}}]},"1":{"loc":{"start":{"line":25,"column":6},"end":{"line":32,"column":7}},"type":"if","locations":[{"start":{"line":25,"column":6},"end":{"line":32,"column":7}},{"start":{"line":29,"column":13},"end":{"line":32,"column":7}}]},"2":{"loc":{"start":{"line":25,"column":10},"end":{"line":25,"column":77}},"type":"binary-expr","locations":[{"start":{"line":25,"column":10},"end":{"line":25,"column":47}},{"start":{"line":25,"column":51},"end":{"line":25,"column":77}}]},"3":{"loc":{"start":{"line":27,"column":18},"end":{"line":27,"column":58}},"type":"binary-expr","locations":[{"start":{"line":27,"column":18},"end":{"line":27,"column":37}},{"start":{"line":27,"column":41},"end":{"line":27,"column":58}}]},"4":{"loc":{"start":{"line":28,"column":16},"end":{"line":28,"column":54}},"type":"binary-expr","locations":[{"start":{"line":28,"column":16},"end":{"line":28,"column":33}},{"start":{"line":28,"column":37},"end":{"line":28,"column":54}}]},"5":{"loc":{"start":{"line":33,"column":11},"end":{"line":35,"column":5}},"type":"if","locations":[{"start":{"line":33,"column":11},"end":{"line":35,"column":5}}]},"6":{"loc":{"start":{"line":48,"column":13},"end":{"line":48,"column":69}},"type":"cond-expr","locations":[{"start":{"line":48,"column":42},"end":{"line":48,"column":57}},{"start":{"line":48,"column":60},"end":{"line":48,"column":69}}]}},"s":{"0":1,"1":1,"2":4,"3":4,"4":4,"5":4,"6":4,"7":4,"8":4,"9":3,"10":3,"11":3,"12":3,"13":3,"14":3,"15":0,"16":0,"17":1,"18":1,"19":4,"20":4,"21":4,"22":1,"23":1},"f":{"0":4},"b":{"0":[3,1],"1":[3,0],"2":[3,3],"3":[3,0],"4":[3,0],"5":[1],"6":[4,0]}}
,"/home/lucashaddad/workfolder/studying/tests/adil-messenger/src/modules/message.module.ts": {"path":"/home/lucashaddad/workfolder/studying/tests/adil-messenger/src/modules/message.module.ts","statementMap":{"0":{"start":{"line":1,"column":0},"end":{"line":1,"column":40}},"1":{"start":{"line":2,"column":0},"end":{"line":2,"column":48}},"2":{"start":{"line":3,"column":0},"end":{"line":3,"column":69}},"3":{"start":{"line":4,"column":0},"end":{"line":4,"column":60}},"4":{"start":{"line":5,"column":0},"end":{"line":5,"column":54}},"5":{"start":{"line":6,"column":0},"end":{"line":6,"column":43}},"6":{"start":{"line":14,"column":7},"end":{"line":14,"column":null}},"7":{"start":{"line":14,"column":13},"end":{"line":14,"column":26}},"8":{"start":{"line":14,"column":13},"end":{"line":14,"column":null}}},"fnMap":{},"branchMap":{},"s":{"0":1,"1":1,"2":1,"3":1,"4":1,"5":1,"6":1,"7":1,"8":1},"f":{},"b":{}}
,"/home/lucashaddad/workfolder/studying/tests/adil-messenger/src/modules/user.module.ts": {"path":"/home/lucashaddad/workfolder/studying/tests/adil-messenger/src/modules/user.module.ts","statementMap":{"0":{"start":{"line":1,"column":0},"end":{"line":1,"column":40}},"1":{"start":{"line":2,"column":0},"end":{"line":2,"column":48}},"2":{"start":{"line":3,"column":0},"end":{"line":3,"column":63}},"3":{"start":{"line":4,"column":0},"end":{"line":4,"column":54}},"4":{"start":{"line":5,"column":0},"end":{"line":5,"column":34}},"5":{"start":{"line":13,"column":7},"end":{"line":13,"column":null}},"6":{"start":{"line":13,"column":13},"end":{"line":13,"column":23}},"7":{"start":{"line":13,"column":13},"end":{"line":13,"column":null}}},"fnMap":{},"branchMap":{},"s":{"0":1,"1":1,"2":1,"3":1,"4":1,"5":1,"6":1,"7":1},"f":{},"b":{}}
,"/home/lucashaddad/workfolder/studying/tests/adil-messenger/src/pipes/validation.pipe.ts": {"path":"/home/lucashaddad/workfolder/studying/tests/adil-messenger/src/pipes/validation.pipe.ts","statementMap":{"0":{"start":{"line":1,"column":0},"end":{"line":1,"column":null}},"1":{"start":{"line":7,"column":0},"end":{"line":7,"column":43}},"2":{"start":{"line":8,"column":0},"end":{"line":8,"column":52}},"3":{"start":{"line":11,"column":7},"end":{"line":38,"column":null}},"4":{"start":{"line":13,"column":4},"end":{"line":15,"column":5}},"5":{"start":{"line":14,"column":6},"end":{"line":14,"column":19}},"6":{"start":{"line":17,"column":19},"end":{"line":17,"column":51}},"7":{"start":{"line":18,"column":19},"end":{"line":18,"column":41}},"8":{"start":{"line":20,"column":4},"end":{"line":29,"column":5}},"9":{"start":{"line":21,"column":27},"end":{"line":23,"column":19}},"10":{"start":{"line":22,"column":24},"end":{"line":22,"column":73}},"11":{"start":{"line":25,"column":6},"end":{"line":28,"column":9}},"12":{"start":{"line":31,"column":4},"end":{"line":31,"column":17}},"13":{"start":{"line":35,"column":30},"end":{"line":35,"column":70}},"14":{"start":{"line":36,"column":4},"end":{"line":36,"column":37}},"15":{"start":{"line":11,"column":13},"end":{"line":11,"column":27}},"16":{"start":{"line":11,"column":13},"end":{"line":38,"column":null}}},"fnMap":{"0":{"name":"(anonymous_1)","decl":{"start":{"line":12,"column":2},"end":{"line":12,"column":7}},"loc":{"start":{"line":12,"column":60},"end":{"line":32,"column":3}}},"1":{"name":"(anonymous_2)","decl":{"start":{"line":22,"column":13},"end":{"line":22,"column":14}},"loc":{"start":{"line":22,"column":24},"end":{"line":22,"column":73}}},"2":{"name":"(anonymous_3)","decl":{"start":{"line":34,"column":10},"end":{"line":34,"column":20}},"loc":{"start":{"line":34,"column":39},"end":{"line":37,"column":3}}}},"branchMap":{"0":{"loc":{"start":{"line":13,"column":4},"end":{"line":15,"column":5}},"type":"if","locations":[{"start":{"line":13,"column":4},"end":{"line":15,"column":5}}]},"1":{"loc":{"start":{"line":13,"column":8},"end":{"line":13,"column":47}},"type":"binary-expr","locations":[{"start":{"line":13,"column":8},"end":{"line":13,"column":17}},{"start":{"line":13,"column":21},"end":{"line":13,"column":47}}]},"2":{"loc":{"start":{"line":20,"column":4},"end":{"line":29,"column":5}},"type":"if","locations":[{"start":{"line":20,"column":4},"end":{"line":29,"column":5}}]},"3":{"loc":{"start":{"line":22,"column":38},"end":{"line":22,"column":61}},"type":"binary-expr","locations":[{"start":{"line":22,"column":38},"end":{"line":22,"column":55}},{"start":{"line":22,"column":59},"end":{"line":22,"column":61}}]}},"s":{"0":0,"1":0,"2":0,"3":0,"4":0,"5":0,"6":0,"7":0,"8":0,"9":0,"10":0,"11":0,"12":0,"13":0,"14":0,"15":0,"16":0},"f":{"0":0,"1":0,"2":0},"b":{"0":[0],"1":[0,0],"2":[0],"3":[0,0]}}
,"/home/lucashaddad/workfolder/studying/tests/adil-messenger/src/services/message.service.ts": {"path":"/home/lucashaddad/workfolder/studying/tests/adil-messenger/src/services/message.service.ts","statementMap":{"0":{"start":{"line":1,"column":0},"end":{"line":1,"column":104}},"1":{"start":{"line":2,"column":0},"end":{"line":2,"column":51}},"2":{"start":{"line":3,"column":0},"end":{"line":3,"column":37}},"3":{"start":{"line":4,"column":0},"end":{"line":4,"column":43}},"4":{"start":{"line":8,"column":7},"end":{"line":225,"column":null}},"5":{"start":{"line":11,"column":12},"end":{"line":11,"column":31}},"6":{"start":{"line":13,"column":12},"end":{"line":13,"column":28}},"7":{"start":{"line":21,"column":51},"end":{"line":21,"column":67}},"8":{"start":{"line":24,"column":19},"end":{"line":24,"column":81}},"9":{"start":{"line":25,"column":4},"end":{"line":27,"column":5}},"10":{"start":{"line":26,"column":6},"end":{"line":26,"column":54}},"11":{"start":{"line":30,"column":4},"end":{"line":37,"column":5}},"12":{"start":{"line":31,"column":28},"end":{"line":33,"column":8}},"13":{"start":{"line":34,"column":6},"end":{"line":36,"column":7}},"14":{"start":{"line":35,"column":8},"end":{"line":35,"column":84}},"15":{"start":{"line":39,"column":20},"end":{"line":43,"column":6}},"16":{"start":{"line":45,"column":4},"end":{"line":45,"column":48}},"17":{"start":{"line":57,"column":29},"end":{"line":57,"column":49}},"18":{"start":{"line":60,"column":4},"end":{"line":65,"column":5}},"19":{"start":{"line":61,"column":6},"end":{"line":61,"column":52}},"20":{"start":{"line":64,"column":6},"end":{"line":64,"column":41}},"21":{"start":{"line":67,"column":30},"end":{"line":73,"column":6}},"22":{"start":{"line":76,"column":4},"end":{"line":80,"column":5}},"23":{"start":{"line":77,"column":6},"end":{"line":79,"column":9}},"24":{"start":{"line":82,"column":4},"end":{"line":87,"column":6}},"25":{"start":{"line":94,"column":20},"end":{"line":97,"column":6}},"26":{"start":{"line":99,"column":4},"end":{"line":101,"column":5}},"27":{"start":{"line":100,"column":6},"end":{"line":100,"column":55}},"28":{"start":{"line":104,"column":4},"end":{"line":106,"column":7}},"29":{"start":{"line":108,"column":4},"end":{"line":108,"column":19}},"30":{"start":{"line":121,"column":26},"end":{"line":123,"column":6}},"31":{"start":{"line":125,"column":4},"end":{"line":127,"column":5}},"32":{"start":{"line":126,"column":6},"end":{"line":126,"column":62}},"33":{"start":{"line":129,"column":19},"end":{"line":129,"column":65}},"34":{"start":{"line":130,"column":4},"end":{"line":135,"column":6}},"35":{"start":{"line":147,"column":20},"end":{"line":150,"column":6}},"36":{"start":{"line":152,"column":4},"end":{"line":154,"column":5}},"37":{"start":{"line":153,"column":6},"end":{"line":153,"column":55}},"38":{"start":{"line":157,"column":4},"end":{"line":159,"column":5}},"39":{"start":{"line":158,"column":6},"end":{"line":158,"column":74}},"40":{"start":{"line":162,"column":4},"end":{"line":162,"column":47}},"41":{"start":{"line":163,"column":4},"end":{"line":163,"column":28}},"42":{"start":{"line":165,"column":27},"end":{"line":165,"column":69}},"43":{"start":{"line":168,"column":4},"end":{"line":170,"column":7}},"44":{"start":{"line":172,"column":4},"end":{"line":172,"column":26}},"45":{"start":{"line":181,"column":20},"end":{"line":183,"column":6}},"46":{"start":{"line":185,"column":4},"end":{"line":187,"column":5}},"47":{"start":{"line":186,"column":6},"end":{"line":186,"column":55}},"48":{"start":{"line":190,"column":4},"end":{"line":192,"column":5}},"49":{"start":{"line":191,"column":6},"end":{"line":191,"column":76}},"50":{"start":{"line":195,"column":4},"end":{"line":195,"column":29}},"51":{"start":{"line":196,"column":4},"end":{"line":196,"column":35}},"52":{"start":{"line":198,"column":4},"end":{"line":198,"column":47}},"53":{"start":{"line":206,"column":20},"end":{"line":206,"column":56}},"54":{"start":{"line":209,"column":20},"end":{"line":213,"column":6}},"55":{"start":{"line":216,"column":4},"end":{"line":220,"column":5}},"56":{"start":{"line":217,"column":6},"end":{"line":219,"column":9}},"57":{"start":{"line":222,"column":4},"end":{"line":222,"column":30}},"58":{"start":{"line":223,"column":4},"end":{"line":223,"column":19}},"59":{"start":{"line":8,"column":13},"end":{"line":8,"column":27}},"60":{"start":{"line":8,"column":13},"end":{"line":225,"column":null}}},"fnMap":{"0":{"name":"(anonymous_4)","decl":{"start":{"line":9,"column":2},"end":{"line":9,"column":null}},"loc":{"start":{"line":13,"column":44},"end":{"line":14,"column":6}}},"1":{"name":"(anonymous_5)","decl":{"start":{"line":20,"column":2},"end":{"line":20,"column":7}},"loc":{"start":{"line":20,"column":56},"end":{"line":46,"column":3}}},"2":{"name":"(anonymous_6)","decl":{"start":{"line":52,"column":2},"end":{"line":52,"column":7}},"loc":{"start":{"line":55,"column":28},"end":{"line":88,"column":3}}},"3":{"name":"(anonymous_7)","decl":{"start":{"line":93,"column":2},"end":{"line":93,"column":7}},"loc":{"start":{"line":93,"column":33},"end":{"line":109,"column":3}}},"4":{"name":"(anonymous_8)","decl":{"start":{"line":114,"column":2},"end":{"line":114,"column":7}},"loc":{"start":{"line":114,"column":74},"end":{"line":136,"column":3}}},"5":{"name":"(anonymous_9)","decl":{"start":{"line":142,"column":2},"end":{"line":142,"column":7}},"loc":{"start":{"line":145,"column":20},"end":{"line":173,"column":3}}},"6":{"name":"(anonymous_10)","decl":{"start":{"line":180,"column":2},"end":{"line":180,"column":7}},"loc":{"start":{"line":180,"column":50},"end":{"line":199,"column":3}}},"7":{"name":"(anonymous_11)","decl":{"start":{"line":205,"column":2},"end":{"line":205,"column":7}},"loc":{"start":{"line":205,"column":47},"end":{"line":224,"column":3}}}},"branchMap":{"0":{"loc":{"start":{"line":25,"column":4},"end":{"line":27,"column":5}},"type":"if","locations":[{"start":{"line":25,"column":4},"end":{"line":27,"column":5}}]},"1":{"loc":{"start":{"line":30,"column":4},"end":{"line":37,"column":5}},"type":"if","locations":[{"start":{"line":30,"column":4},"end":{"line":37,"column":5}}]},"2":{"loc":{"start":{"line":34,"column":6},"end":{"line":36,"column":7}},"type":"if","locations":[{"start":{"line":34,"column":6},"end":{"line":36,"column":7}}]},"3":{"loc":{"start":{"line":53,"column":4},"end":{"line":53,"column":20}},"type":"default-arg","locations":[{"start":{"line":53,"column":19},"end":{"line":53,"column":20}}]},"4":{"loc":{"start":{"line":54,"column":4},"end":{"line":54,"column":22}},"type":"default-arg","locations":[{"start":{"line":54,"column":20},"end":{"line":54,"column":22}}]},"5":{"loc":{"start":{"line":60,"column":4},"end":{"line":65,"column":5}},"type":"if","locations":[{"start":{"line":60,"column":4},"end":{"line":65,"column":5}},{"start":{"line":62,"column":11},"end":{"line":65,"column":5}}]},"6":{"loc":{"start":{"line":99,"column":4},"end":{"line":101,"column":5}},"type":"if","locations":[{"start":{"line":99,"column":4},"end":{"line":101,"column":5}}]},"7":{"loc":{"start":{"line":114,"column":38},"end":{"line":114,"column":54}},"type":"default-arg","locations":[{"start":{"line":114,"column":53},"end":{"line":114,"column":54}}]},"8":{"loc":{"start":{"line":114,"column":56},"end":{"line":114,"column":74}},"type":"default-arg","locations":[{"start":{"line":114,"column":72},"end":{"line":114,"column":74}}]},"9":{"loc":{"start":{"line":125,"column":4},"end":{"line":127,"column":5}},"type":"if","locations":[{"start":{"line":125,"column":4},"end":{"line":127,"column":5}}]},"10":{"loc":{"start":{"line":152,"column":4},"end":{"line":154,"column":5}},"type":"if","locations":[{"start":{"line":152,"column":4},"end":{"line":154,"column":5}}]},"11":{"loc":{"start":{"line":157,"column":4},"end":{"line":159,"column":5}},"type":"if","locations":[{"start":{"line":157,"column":4},"end":{"line":159,"column":5}}]},"12":{"loc":{"start":{"line":185,"column":4},"end":{"line":187,"column":5}},"type":"if","locations":[{"start":{"line":185,"column":4},"end":{"line":187,"column":5}}]},"13":{"loc":{"start":{"line":190,"column":4},"end":{"line":192,"column":5}},"type":"if","locations":[{"start":{"line":190,"column":4},"end":{"line":192,"column":5}}]}},"s":{"0":3,"1":3,"2":3,"3":3,"4":3,"5":29,"6":29,"7":7,"8":7,"9":7,"10":1,"11":6,"12":3,"13":3,"14":2,"15":4,"16":4,"17":7,"18":7,"19":2,"20":5,"21":7,"22":6,"23":3,"24":6,"25":7,"26":7,"27":5,"28":2,"29":2,"30":2,"31":2,"32":1,"33":1,"34":1,"35":5,"36":5,"37":1,"38":4,"39":1,"40":3,"41":3,"42":3,"43":1,"44":1,"45":3,"46":3,"47":1,"48":2,"49":1,"50":1,"51":1,"52":1,"53":2,"54":1,"55":1,"56":1,"57":1,"58":1,"59":3,"60":3},"f":{"0":29,"1":7,"2":7,"3":7,"4":2,"5":5,"6":3,"7":2},"b":{"0":[1],"1":[3],"2":[2],"3":[2],"4":[2],"5":[2,5],"6":[5],"7":[1],"8":[1],"9":[1],"10":[1],"11":[1],"12":[1],"13":[1]}}
,"/home/lucashaddad/workfolder/studying/tests/adil-messenger/src/services/user.service.ts": {"path":"/home/lucashaddad/workfolder/studying/tests/adil-messenger/src/services/user.service.ts","statementMap":{"0":{"start":{"line":1,"column":0},"end":{"line":1,"column":82}},"1":{"start":{"line":2,"column":0},"end":{"line":2,"column":51}},"2":{"start":{"line":3,"column":0},"end":{"line":3,"column":37}},"3":{"start":{"line":4,"column":0},"end":{"line":4,"column":34}},"4":{"start":{"line":8,"column":7},"end":{"line":77,"column":null}},"5":{"start":{"line":11,"column":12},"end":{"line":11,"column":28}},"6":{"start":{"line":18,"column":42},"end":{"line":18,"column":55}},"7":{"start":{"line":21,"column":25},"end":{"line":23,"column":6}},"8":{"start":{"line":25,"column":4},"end":{"line":32,"column":5}},"9":{"start":{"line":26,"column":6},"end":{"line":28,"column":7}},"10":{"start":{"line":27,"column":8},"end":{"line":27,"column":63}},"11":{"start":{"line":29,"column":6},"end":{"line":31,"column":7}},"12":{"start":{"line":30,"column":8},"end":{"line":30,"column":60}},"13":{"start":{"line":34,"column":17},"end":{"line":38,"column":6}},"14":{"start":{"line":40,"column":4},"end":{"line":40,"column":42}},"15":{"start":{"line":47,"column":4},"end":{"line":49,"column":7}},"16":{"start":{"line":56,"column":17},"end":{"line":56,"column":69}},"17":{"start":{"line":58,"column":4},"end":{"line":60,"column":5}},"18":{"start":{"line":59,"column":6},"end":{"line":59,"column":52}},"19":{"start":{"line":62,"column":4},"end":{"line":62,"column":16}},"20":{"start":{"line":69,"column":17},"end":{"line":69,"column":75}},"21":{"start":{"line":71,"column":4},"end":{"line":73,"column":5}},"22":{"start":{"line":72,"column":6},"end":{"line":72,"column":52}},"23":{"start":{"line":75,"column":4},"end":{"line":75,"column":16}},"24":{"start":{"line":8,"column":13},"end":{"line":8,"column":24}},"25":{"start":{"line":8,"column":13},"end":{"line":77,"column":null}}},"fnMap":{"0":{"name":"(anonymous_4)","decl":{"start":{"line":9,"column":2},"end":{"line":9,"column":null}},"loc":{"start":{"line":11,"column":44},"end":{"line":12,"column":6}}},"1":{"name":"(anonymous_5)","decl":{"start":{"line":17,"column":2},"end":{"line":17,"column":7}},"loc":{"start":{"line":17,"column":47},"end":{"line":41,"column":3}}},"2":{"name":"(anonymous_6)","decl":{"start":{"line":46,"column":2},"end":{"line":46,"column":7}},"loc":{"start":{"line":46,"column":16},"end":{"line":50,"column":3}}},"3":{"name":"(anonymous_7)","decl":{"start":{"line":55,"column":2},"end":{"line":55,"column":7}},"loc":{"start":{"line":55,"column":30},"end":{"line":63,"column":3}}},"4":{"name":"(anonymous_8)","decl":{"start":{"line":68,"column":2},"end":{"line":68,"column":7}},"loc":{"start":{"line":68,"column":42},"end":{"line":76,"column":3}}}},"branchMap":{"0":{"loc":{"start":{"line":25,"column":4},"end":{"line":32,"column":5}},"type":"if","locations":[{"start":{"line":25,"column":4},"end":{"line":32,"column":5}}]},"1":{"loc":{"start":{"line":26,"column":6},"end":{"line":28,"column":7}},"type":"if","locations":[{"start":{"line":26,"column":6},"end":{"line":28,"column":7}}]},"2":{"loc":{"start":{"line":29,"column":6},"end":{"line":31,"column":7}},"type":"if","locations":[{"start":{"line":29,"column":6},"end":{"line":31,"column":7}}]},"3":{"loc":{"start":{"line":58,"column":4},"end":{"line":60,"column":5}},"type":"if","locations":[{"start":{"line":58,"column":4},"end":{"line":60,"column":5}}]},"4":{"loc":{"start":{"line":71,"column":4},"end":{"line":73,"column":5}},"type":"if","locations":[{"start":{"line":71,"column":4},"end":{"line":73,"column":5}}]}},"s":{"0":3,"1":3,"2":3,"3":3,"4":3,"5":19,"6":6,"7":6,"8":6,"9":2,"10":1,"11":1,"12":1,"13":4,"14":3,"15":3,"16":5,"17":4,"18":3,"19":1,"20":5,"21":4,"22":2,"23":2,"24":3,"25":3},"f":{"0":19,"1":6,"2":3,"3":5,"4":5},"b":{"0":[2],"1":[1],"2":[1],"3":[3],"4":[2]}}
}
