TN:
SF:src/app.module.ts
FNF:0
FNH:0
DA:1,0
DA:2,0
DA:3,0
DA:4,0
DA:5,0
DA:6,0
DA:7,0
DA:8,0
DA:9,0
DA:10,0
DA:11,0
DA:12,0
DA:38,0
LF:13
LH:0
BRF:0
BRH:0
end_of_record
TN:
SF:src/auth/auth.controller.ts
FN:31,(anonymous_4)
FN:47,(anonymous_5)
FN:70,(anonymous_6)
FN:94,(anonymous_7)
FN:111,(anonymous_8)
FN:125,(anonymous_9)
FN:144,(anonymous_10)
FNF:7
FNH:7
FNDA:8,(anonymous_4)
FNDA:2,(anonymous_5)
FNDA:2,(anonymous_6)
FNDA:1,(anonymous_7)
FNDA:1,(anonymous_8)
FNDA:1,(anonymous_9)
FNDA:1,(anonymous_10)
DA:1,1
DA:12,1
DA:19,1
DA:20,1
DA:21,1
DA:22,1
DA:23,1
DA:24,1
DA:25,1
DA:30,1
DA:31,8
DA:47,1
DA:51,2
DA:52,1
DA:53,1
DA:70,1
DA:74,2
DA:75,1
DA:76,1
DA:94,1
DA:98,1
DA:99,1
DA:111,1
DA:112,1
DA:113,1
DA:114,1
DA:125,1
DA:126,1
DA:127,1
DA:144,1
DA:148,1
DA:149,1
DA:150,1
LF:33
LH:33
BRF:0
BRH:0
end_of_record
TN:
SF:src/auth/auth.module.ts
FN:19,(anonymous_1)
FNF:1
FNH:0
FNDA:0,(anonymous_1)
DA:1,0
DA:2,0
DA:3,0
DA:4,0
DA:5,0
DA:6,0
DA:7,0
DA:8,0
DA:9,0
DA:10,0
DA:19,0
DA:32,0
LF:12
LH:0
BRDA:20,0,0,0
BRDA:20,0,1,0
BRF:2
BRH:0
end_of_record
TN:
SF:src/auth/auth.service.ts
FN:14,(anonymous_4)
FN:20,(anonymous_5)
FN:30,(anonymous_6)
FN:61,(anonymous_7)
FN:73,(anonymous_8)
FN:78,(anonymous_9)
FN:82,(anonymous_10)
FN:111,(anonymous_11)
FNF:8
FNH:8
FNDA:11,(anonymous_4)
FNDA:6,(anonymous_5)
FNDA:5,(anonymous_6)
FNDA:3,(anonymous_7)
FNDA:1,(anonymous_8)
FNDA:4,(anonymous_9)
FNDA:3,(anonymous_10)
FNDA:1,(anonymous_11)
DA:1,2
DA:2,2
DA:3,2
DA:4,2
DA:5,2
DA:6,2
DA:13,2
DA:16,11
DA:17,11
DA:21,6
DA:23,6
DA:24,2
DA:27,4
DA:31,5
DA:34,5
DA:38,5
DA:39,4
DA:40,2
DA:42,2
DA:43,2
DA:48,1
DA:55,1
DA:58,1
DA:62,3
DA:64,3
DA:66,3
DA:67,2
DA:70,1
DA:74,1
DA:75,1
DA:79,4
DA:83,3
DA:84,3
DA:87,3
DA:89,3
DA:95,3
DA:97,3
DA:112,1
LF:38
LH:38
BRDA:23,0,0,2
BRDA:23,1,0,6
BRDA:23,1,1,5
BRDA:38,2,0,4
BRDA:39,3,0,2
BRDA:42,4,0,2
BRDA:66,5,0,2
BRF:7
BRH:7
end_of_record
TN:
SF:src/auth/decorators/public.decorator.ts
FN:4,(anonymous_0)
FN:7,(anonymous_1)
FNF:2
FNH:2
FNDA:3,(anonymous_0)
FNDA:3,(anonymous_1)
DA:1,1
DA:3,1
DA:4,3
DA:6,1
DA:7,3
LF:5
LH:5
BRF:0
BRH:0
end_of_record
TN:
SF:src/auth/guards/csrf.guard.ts
FN:6,(anonymous_2)
FN:8,(anonymous_3)
FNF:2
FNH:1
FNDA:8,(anonymous_2)
FNDA:0,(anonymous_3)
DA:1,2
DA:2,2
DA:5,2
DA:6,8
DA:9,0
DA:14,0
DA:19,0
DA:20,0
DA:23,0
DA:24,0
DA:27,0
DA:28,0
DA:31,0
DA:32,0
DA:34,0
DA:35,0
DA:38,0
LF:17
LH:4
BRDA:19,0,0,0
BRDA:19,1,0,0
BRDA:19,1,1,0
BRDA:27,2,0,0
BRDA:31,3,0,0
BRDA:31,3,1,0
BRDA:34,4,0,0
BRDA:34,5,0,0
BRDA:34,5,1,0
BRDA:34,5,2,0
BRF:10
BRH:0
end_of_record
TN:
SF:src/auth/guards/jwt-auth.guard.ts
FN:7,(anonymous_2)
FN:11,(anonymous_3)
FNF:2
FNH:1
FNDA:8,(anonymous_2)
FNDA:0,(anonymous_3)
DA:1,2
DA:2,2
DA:3,2
DA:6,2
DA:7,8
DA:8,8
DA:12,0
DA:17,0
DA:18,0
DA:21,0
LF:10
LH:6
BRDA:17,0,0,0
BRF:1
BRH:0
end_of_record
TN:
SF:src/auth/strategies/jwt.strategy.ts
FN:18,(anonymous_4)
FN:29,(anonymous_5)
FNF:2
FNH:2
FNDA:3,(anonymous_4)
FNDA:4,(anonymous_5)
DA:1,1
DA:2,1
DA:3,1
DA:4,1
DA:5,1
DA:6,1
DA:17,1
DA:20,3
DA:22,3
DA:30,4
DA:32,4
DA:39,4
DA:40,3
DA:43,1
LF:14
LH:14
BRDA:25,0,0,3
BRDA:25,0,1,3
BRDA:39,1,0,3
BRF:3
BRH:3
end_of_record
TN:
SF:src/auth/strategies/local.strategy.ts
FN:8,(anonymous_2)
FN:14,(anonymous_3)
FNF:2
FNH:0
FNDA:0,(anonymous_2)
FNDA:0,(anonymous_3)
DA:1,0
DA:2,0
DA:3,0
DA:4,0
DA:7,0
DA:8,0
DA:9,0
DA:15,0
DA:16,0
DA:17,0
DA:19,0
LF:11
LH:0
BRDA:16,0,0,0
BRF:1
BRH:0
end_of_record
TN:
SF:src/controllers/file.controller.ts
FN:33,(anonymous_4)
FN:55,(anonymous_5)
FN:89,(anonymous_6)
FN:118,(anonymous_7)
FNF:4
FNH:0
FNDA:0,(anonymous_4)
FNDA:0,(anonymous_5)
FNDA:0,(anonymous_6)
FNDA:0,(anonymous_7)
DA:1,1
DA:12,1
DA:13,1
DA:15,1
DA:16,1
DA:17,1
DA:18,1
DA:19,1
DA:32,1
DA:33,0
DA:55,1
DA:56,0
DA:57,0
DA:61,0
DA:68,0
DA:70,0
DA:89,1
DA:90,0
DA:91,0
DA:94,0
DA:95,0
DA:99,0
DA:100,0
DA:103,0
DA:104,0
DA:107,0
DA:108,0
DA:110,0
DA:114,0
DA:115,0
DA:119,0
DA:120,0
DA:134,0
LF:33
LH:11
BRDA:56,0,0,0
BRDA:94,1,0,0
BRDA:107,2,0,0
BRDA:107,2,1,0
BRDA:134,3,0,0
BRDA:134,3,1,0
BRF:6
BRH:0
end_of_record
TN:
SF:src/controllers/message.controller.ts
FN:51,(anonymous_4)
FN:66,(anonymous_5)
FN:106,(anonymous_6)
FN:144,(anonymous_7)
FN:160,(anonymous_8)
FN:175,(anonymous_9)
FN:192,(anonymous_10)
FN:209,(anonymous_11)
FN:225,(anonymous_12)
FNF:9
FNH:8
FNDA:24,(anonymous_4)
FNDA:3,(anonymous_5)
FNDA:0,(anonymous_6)
FNDA:5,(anonymous_7)
FNDA:3,(anonymous_8)
FNDA:3,(anonymous_9)
FNDA:2,(anonymous_10)
FNDA:5,(anonymous_11)
FNDA:3,(anonymous_12)
DA:1,2
DA:18,2
DA:19,2
DA:30,2
DA:31,2
DA:32,2
DA:50,2
DA:52,24
DA:53,24
DA:66,2
DA:67,3
DA:106,2
DA:110,0
DA:113,0
DA:114,0
DA:121,0
DA:123,0
DA:132,0
DA:144,2
DA:148,5
DA:160,2
DA:161,3
DA:175,2
DA:180,3
DA:192,2
DA:193,2
DA:209,2
DA:214,5
DA:225,2
DA:229,3
LF:30
LH:24
BRDA:113,0,0,0
BRDA:145,1,0,3
BRDA:146,2,0,3
BRDA:177,3,0,2
BRDA:178,4,0,2
BRF:5
BRH:4
end_of_record
TN:
SF:src/controllers/reaction.controller.ts
FN:41,(anonymous_4)
FN:56,(anonymous_5)
FN:79,(anonymous_6)
FN:99,(anonymous_7)
FN:117,(anonymous_8)
FN:136,(anonymous_9)
FN:171,(anonymous_10)
FN:191,(anonymous_11)
FNF:8
FNH:0
FNDA:0,(anonymous_4)
FNDA:0,(anonymous_5)
FNDA:0,(anonymous_6)
FNDA:0,(anonymous_7)
FNDA:0,(anonymous_8)
FNDA:0,(anonymous_9)
FNDA:0,(anonymous_10)
FNDA:0,(anonymous_11)
DA:1,0
DA:14,0
DA:24,0
DA:25,0
DA:26,0
DA:27,0
DA:28,0
DA:40,0
DA:41,0
DA:56,0
DA:61,0
DA:65,0
DA:79,0
DA:83,0
DA:84,0
DA:99,0
DA:102,0
DA:117,0
DA:121,0
DA:136,0
DA:141,0
DA:171,0
DA:172,0
DA:191,0
DA:194,0
LF:25
LH:0
BRDA:137,0,0,0
BRDA:138,1,0,0
BRDA:192,2,0,0
BRF:3
BRH:0
end_of_record
TN:
SF:src/controllers/user.controller.ts
FN:27,(anonymous_4)
FN:36,(anonymous_5)
FN:49,(anonymous_6)
FN:62,(anonymous_7)
FNF:4
FNH:4
FNDA:15,(anonymous_4)
FNDA:4,(anonymous_5)
FNDA:6,(anonymous_6)
FNDA:6,(anonymous_7)
DA:1,2
DA:7,2
DA:15,2
DA:16,2
DA:26,2
DA:27,15
DA:36,2
DA:37,4
DA:49,2
DA:50,6
DA:62,2
DA:63,6
LF:12
LH:12
BRF:0
BRH:0
end_of_record
TN:
SF:src/database/database.module.ts
FN:10,(anonymous_1)
FNF:1
FNH:0
FNDA:0,(anonymous_1)
DA:1,0
DA:2,0
DA:3,0
DA:4,0
DA:10,0
DA:25,0
LF:6
LH:0
BRF:0
BRH:0
end_of_record
TN:
SF:src/dto/auth-response.dto.ts
FNF:0
FNH:0
DA:1,1
DA:3,1
DA:8,1
DA:14,1
DA:25,1
DA:36,1
DA:42,1
DA:45,1
DA:50,1
DA:53,1
DA:58,1
LF:11
LH:11
BRF:0
BRH:0
end_of_record
TN:
SF:src/dto/create-message.dto.ts
FNF:0
FNH:0
DA:1,3
DA:2,3
DA:4,3
DA:13,3
DA:21,3
DA:30,3
DA:35,3
DA:39,3
DA:43,3
DA:46,3
LF:10
LH:10
BRF:0
BRH:0
end_of_record
TN:
SF:src/dto/create-reaction.dto.ts
FNF:0
FNH:0
DA:1,0
DA:2,0
DA:3,0
DA:5,0
DA:12,0
DA:20,0
DA:28,0
LF:7
LH:0
BRF:0
BRH:0
end_of_record
TN:
SF:src/dto/create-user.dto.ts
FNF:0
FNH:0
DA:1,2
DA:2,2
DA:4,2
DA:13,2
DA:21,2
DA:31,2
LF:6
LH:6
BRF:0
BRH:0
end_of_record
TN:
SF:src/dto/login.dto.ts
FNF:0
FNH:0
DA:1,1
DA:2,1
DA:4,1
DA:11,1
DA:21,1
LF:5
LH:5
BRF:0
BRH:0
end_of_record
TN:
SF:src/dto/message-response.dto.ts
FN:23,(anonymous_2)
FNF:1
FNH:0
FNDA:0,(anonymous_2)
DA:1,2
DA:2,2
DA:4,2
DA:6,2
DA:9,2
DA:12,2
DA:15,2
DA:18,2
DA:21,2
DA:23,0
DA:24,2
DA:27,2
DA:30,2
LF:13
LH:12
BRF:0
BRH:0
end_of_record
TN:
SF:src/dto/reaction-response.dto.ts
FNF:0
FNH:0
DA:1,0
DA:2,0
DA:4,0
DA:9,0
DA:16,0
DA:22,0
DA:28,0
DA:34,0
DA:37,0
DA:43,0
DA:49,0
DA:52,0
DA:57,0
DA:63,0
DA:69,0
LF:15
LH:0
BRF:0
BRH:0
end_of_record
TN:
SF:src/dto/register.dto.ts
FNF:0
FNH:0
DA:1,1
DA:2,1
DA:4,1
DA:11,1
DA:21,1
DA:29,1
DA:37,1
LF:7
LH:7
BRF:0
BRH:0
end_of_record
TN:
SF:src/dto/update-message.dto.ts
FNF:0
FNH:0
DA:1,2
DA:2,2
DA:4,2
DA:13,2
LF:4
LH:4
BRF:0
BRH:0
end_of_record
TN:
SF:src/entities/message.entity.ts
FN:57,(anonymous_2)
FN:57,(anonymous_3)
FN:62,(anonymous_4)
FN:62,(anonymous_5)
FN:66,(anonymous_6)
FN:66,(anonymous_7)
FNF:6
FNH:0
FNDA:0,(anonymous_2)
FNDA:0,(anonymous_3)
FNDA:0,(anonymous_4)
FNDA:0,(anonymous_5)
FNDA:0,(anonymous_6)
FNDA:0,(anonymous_7)
DA:1,9
DA:11,9
DA:14,9
DA:16,9
DA:19,9
DA:22,9
DA:25,9
DA:28,9
DA:32,9
DA:35,9
DA:38,9
DA:41,9
DA:44,9
DA:47,9
DA:51,9
DA:54,9
DA:57,0
DA:59,9
DA:62,0
DA:64,9
DA:66,0
DA:67,9
LF:22
LH:19
BRF:0
BRH:0
end_of_record
TN:
SF:src/entities/reaction.entity.ts
FN:13,(anonymous_2)
FN:50,(anonymous_3)
FN:54,(anonymous_4)
FNF:3
FNH:1
FNDA:6,(anonymous_2)
FNDA:0,(anonymous_3)
FNDA:0,(anonymous_4)
DA:1,6
DA:10,6
DA:11,6
DA:13,6
DA:14,6
DA:15,6
DA:16,6
DA:17,6
DA:18,6
DA:19,6
DA:20,6
DA:21,6
DA:22,6
DA:23,6
DA:28,6
DA:30,6
DA:37,6
DA:40,6
DA:44,6
DA:47,6
DA:50,0
DA:52,6
DA:54,0
DA:56,6
LF:24
LH:22
BRDA:13,0,0,6
BRDA:13,0,1,6
BRF:2
BRH:2
end_of_record
TN:
SF:src/entities/user.entity.ts
FN:48,(anonymous_2)
FN:54,(anonymous_3)
FN:58,(anonymous_4)
FN:40,(anonymous_5)
FN:40,(anonymous_6)
FNF:5
FNH:0
FNDA:0,(anonymous_2)
FNDA:0,(anonymous_3)
FNDA:0,(anonymous_4)
FNDA:0,(anonymous_5)
FNDA:0,(anonymous_6)
DA:1,9
DA:11,9
DA:12,9
DA:15,9
DA:17,9
DA:20,9
DA:23,9
DA:26,9
DA:29,9
DA:32,9
DA:35,9
DA:38,9
DA:40,0
DA:41,9
DA:48,9
DA:49,0
DA:50,0
DA:55,0
DA:59,0
DA:60,0
LF:20
LH:14
BRDA:49,0,0,0
BRF:1
BRH:0
end_of_record
TN:
SF:src/filters/global-exception.filter.ts
FN:12,(anonymous_1)
FNF:1
FNH:1
FNDA:4,(anonymous_1)
DA:1,1
DA:11,1
DA:13,4
DA:14,4
DA:15,4
DA:17,4
DA:18,4
DA:19,4
DA:21,4
DA:22,3
DA:23,3
DA:25,3
DA:26,3
DA:27,3
DA:28,3
DA:30,0
DA:31,0
DA:33,1
DA:34,1
DA:37,4
DA:46,4
DA:51,4
LF:22
LH:20
BRDA:21,0,0,3
BRDA:21,0,1,1
BRDA:25,1,0,3
BRDA:25,1,1,0
BRDA:25,2,0,3
BRDA:25,2,1,3
BRDA:27,3,0,3
BRDA:27,3,1,0
BRDA:28,4,0,3
BRDA:28,4,1,0
BRDA:33,5,0,1
BRDA:48,6,0,4
BRDA:48,6,1,0
BRF:13
BRH:9
end_of_record
TN:
SF:src/gateways/chat.gateway.ts
FN:38,(anonymous_4)
FN:40,(anonymous_5)
FN:44,(anonymous_6)
FN:66,(anonymous_7)
FN:79,(anonymous_8)
FN:91,(anonymous_9)
FN:109,(anonymous_10)
FN:134,(anonymous_11)
FN:181,(anonymous_12)
FN:205,(anonymous_13)
FN:211,(anonymous_14)
FN:219,(anonymous_15)
FN:229,(anonymous_16)
FN:232,(anonymous_17)
FN:239,(anonymous_18)
FN:248,(anonymous_19)
FNF:16
FNH:14
FNDA:17,(anonymous_4)
FNDA:1,(anonymous_5)
FNDA:14,(anonymous_6)
FNDA:1,(anonymous_7)
FNDA:0,(anonymous_8)
FNDA:2,(anonymous_9)
FNDA:1,(anonymous_10)
FNDA:4,(anonymous_11)
FNDA:3,(anonymous_12)
FNDA:1,(anonymous_13)
FNDA:13,(anonymous_14)
FNDA:1,(anonymous_15)
FNDA:1,(anonymous_16)
FNDA:0,(anonymous_17)
FNDA:1,(anonymous_18)
FNDA:1,(anonymous_19)
DA:1,1
DA:11,1
DA:12,1
DA:14,1
DA:15,1
DA:29,1
DA:31,1
DA:33,17
DA:34,17
DA:35,17
DA:36,17
DA:38,17
DA:41,1
DA:45,14
DA:48,14
DA:49,14
DA:52,13
DA:53,13
DA:54,13
DA:55,13
DA:58,13
DA:61,13
DA:67,1
DA:69,1
DA:70,1
DA:73,1
DA:74,1
DA:75,1
DA:79,1
DA:80,0
DA:81,0
DA:82,0
DA:87,1
DA:91,1
DA:95,2
DA:97,1
DA:98,1
DA:101,1
DA:109,1
DA:113,1
DA:115,1
DA:116,1
DA:119,1
DA:120,1
DA:121,0
DA:122,0
DA:126,1
DA:134,1
DA:138,4
DA:139,1
DA:140,1
DA:143,3
DA:145,3
DA:151,2
DA:161,2
DA:162,1
DA:163,1
DA:164,1
DA:173,2
DA:175,1
DA:176,1
DA:181,1
DA:185,3
DA:187,3
DA:189,3
DA:190,3
DA:193,3
DA:195,3
DA:196,2
DA:197,2
DA:199,1
DA:200,1
DA:205,1
DA:206,1
DA:207,1
DA:212,13
DA:213,13
DA:215,13
DA:216,13
DA:220,1
DA:221,1
DA:222,1
DA:223,1
DA:224,1
DA:230,1
DA:231,1
DA:232,0
DA:233,0
DA:240,1
DA:249,1
LF:90
LH:83
BRDA:48,0,0,14
BRDA:48,0,1,1
BRDA:49,1,0,13
BRDA:53,2,0,13
BRDA:69,3,0,1
BRDA:74,4,0,1
BRDA:74,5,0,1
BRDA:74,5,1,0
BRDA:80,6,0,0
BRDA:95,7,0,1
BRDA:113,8,0,0
BRDA:120,9,0,0
BRDA:120,10,0,1
BRDA:120,10,1,0
BRDA:138,11,0,1
BRDA:161,12,0,1
BRDA:163,13,0,1
BRDA:163,14,0,1
BRDA:163,14,1,1
BRDA:185,15,0,0
BRDA:187,16,0,3
BRDA:187,16,1,1
BRDA:189,17,0,3
BRDA:195,18,0,2
BRDA:195,18,1,1
BRDA:212,19,0,13
BRDA:221,20,0,1
BRDA:223,21,0,1
BRDA:231,22,0,0
BRF:29
BRH:22
end_of_record
TN:
SF:src/modules/file.module.ts
FNF:0
FNH:0
DA:1,1
DA:2,1
DA:3,1
DA:10,1
LF:4
LH:4
BRF:0
BRH:0
end_of_record
TN:
SF:src/modules/message.module.ts
FN:20,(anonymous_1)
FNF:1
FNH:0
FNDA:0,(anonymous_1)
DA:1,1
DA:2,1
DA:3,1
DA:4,1
DA:5,1
DA:6,1
DA:7,1
DA:20,0
DA:25,1
LF:9
LH:8
BRF:0
BRH:0
end_of_record
TN:
SF:src/modules/reaction.module.ts
FNF:0
FNH:0
DA:1,0
DA:2,0
DA:3,0
DA:4,0
DA:5,0
DA:13,0
LF:6
LH:0
BRF:0
BRH:0
end_of_record
TN:
SF:src/modules/user.module.ts
FNF:0
FNH:0
DA:1,1
DA:2,1
DA:3,1
DA:4,1
DA:5,1
DA:13,1
LF:6
LH:6
BRF:0
BRH:0
end_of_record
TN:
SF:src/modules/websocket.module.ts
FN:6,(anonymous_1)
FNF:1
FNH:0
FNDA:0,(anonymous_1)
DA:1,0
DA:2,0
DA:3,0
DA:6,0
DA:10,0
LF:5
LH:0
BRF:0
BRH:0
end_of_record
TN:
SF:src/pipes/validation.pipe.ts
FN:12,(anonymous_1)
FN:22,(anonymous_2)
FN:34,(anonymous_3)
FNF:3
FNH:0
FNDA:0,(anonymous_1)
FNDA:0,(anonymous_2)
FNDA:0,(anonymous_3)
DA:1,0
DA:7,0
DA:8,0
DA:11,0
DA:13,0
DA:14,0
DA:17,0
DA:18,0
DA:20,0
DA:21,0
DA:22,0
DA:25,0
DA:31,0
DA:35,0
DA:36,0
LF:15
LH:0
BRDA:13,0,0,0
BRDA:13,1,0,0
BRDA:13,1,1,0
BRDA:20,2,0,0
BRDA:22,3,0,0
BRDA:22,3,1,0
BRF:6
BRH:0
end_of_record
TN:
SF:src/services/file-upload.service.ts
FN:39,(anonymous_2)
FN:44,(anonymous_3)
FN:52,(anonymous_4)
FN:89,(anonymous_5)
FN:100,(anonymous_6)
FN:118,(anonymous_7)
FN:122,(anonymous_8)
FN:126,(anonymous_9)
FNF:8
FNH:8
FNDA:13,(anonymous_2)
FNDA:13,(anonymous_3)
FNDA:4,(anonymous_4)
FNDA:2,(anonymous_5)
FNDA:4,(anonymous_6)
FNDA:1,(anonymous_7)
FNDA:3,(anonymous_8)
FNDA:4,(anonymous_9)
DA:1,3
DA:2,3
DA:3,3
DA:4,3
DA:5,3
DA:23,3
DA:25,13
DA:26,13
DA:39,13
DA:40,13
DA:41,13
DA:45,13
DA:46,13
DA:48,0
DA:54,4
DA:55,1
DA:61,3
DA:62,1
DA:68,2
DA:69,2
DA:70,2
DA:72,2
DA:74,2
DA:77,1
DA:85,1
DA:90,2
DA:92,2
DA:93,2
DA:96,1
DA:101,4
DA:102,1
DA:105,3
DA:106,1
DA:111,2
DA:112,1
DA:119,1
DA:123,3
DA:127,4
DA:128,4
DA:129,4
DA:131,4
DA:132,6
DA:133,6
DA:136,4
LF:44
LH:43
BRDA:54,0,0,1
BRDA:61,1,0,1
BRDA:101,2,0,1
BRDA:105,3,0,1
BRDA:111,4,0,1
BRDA:131,5,0,10
BRDA:131,5,1,6
BRF:7
BRH:7
end_of_record
TN:
SF:src/services/message.service.ts
FN:9,(anonymous_4)
FN:22,(anonymous_5)
FN:58,(anonymous_6)
FN:99,(anonymous_7)
FN:120,(anonymous_8)
FN:148,(anonymous_9)
FN:195,(anonymous_10)
FN:225,(anonymous_11)
FN:14,(anonymous_12)
FNF:9
FNH:9
FNDA:29,(anonymous_4)
FNDA:7,(anonymous_5)
FNDA:7,(anonymous_6)
FNDA:7,(anonymous_7)
FNDA:2,(anonymous_8)
FNDA:5,(anonymous_9)
FNDA:3,(anonymous_10)
FNDA:2,(anonymous_11)
FNDA:29,(anonymous_12)
DA:1,4
DA:2,4
DA:3,4
DA:4,4
DA:8,4
DA:11,29
DA:13,29
DA:14,29
DA:15,29
DA:23,7
DA:26,7
DA:27,7
DA:28,1
DA:32,6
DA:33,3
DA:36,3
DA:37,2
DA:41,4
DA:51,4
DA:63,7
DA:66,7
DA:67,2
DA:70,5
DA:73,7
DA:82,6
DA:83,3
DA:88,6
DA:100,7
DA:105,7
DA:106,5
DA:110,2
DA:114,2
DA:127,2
DA:131,2
DA:132,1
DA:135,1
DA:136,1
DA:153,5
DA:158,5
DA:159,1
DA:163,4
DA:164,1
DA:168,3
DA:169,3
DA:171,3
DA:174,1
DA:179,1
DA:180,1
DA:187,1
DA:196,3
DA:200,3
DA:201,1
DA:205,2
DA:206,1
DA:210,1
DA:211,1
DA:213,1
DA:216,1
DA:217,1
DA:226,2
DA:229,1
DA:236,1
DA:237,1
DA:242,1
DA:243,1
LF:65
LH:65
BRDA:27,0,0,1
BRDA:32,1,0,3
BRDA:36,2,0,2
BRDA:59,3,0,2
BRDA:60,4,0,2
BRDA:66,5,0,2
BRDA:66,5,1,5
BRDA:105,6,0,5
BRDA:120,7,0,1
BRDA:120,8,0,1
BRDA:131,9,0,1
BRDA:158,10,0,1
BRDA:163,11,0,1
BRDA:179,12,0,1
BRDA:200,13,0,1
BRDA:205,14,0,1
BRDA:216,15,0,1
BRF:17
BRH:17
end_of_record
TN:
SF:src/services/reaction.service.ts
FN:10,(anonymous_4)
FN:23,(anonymous_5)
FN:63,(anonymous_6)
FN:78,(anonymous_7)
FN:96,(anonymous_8)
FN:101,(anonymous_9)
FN:113,(anonymous_10)
FN:123,(anonymous_11)
FN:147,(anonymous_12)
FN:173,(anonymous_13)
FN:174,(anonymous_14)
FN:175,(anonymous_15)
FN:183,(anonymous_16)
FN:184,(anonymous_17)
FN:196,(anonymous_18)
FN:209,(anonymous_19)
FNF:16
FNH:0
FNDA:0,(anonymous_4)
FNDA:0,(anonymous_5)
FNDA:0,(anonymous_6)
FNDA:0,(anonymous_7)
FNDA:0,(anonymous_8)
FNDA:0,(anonymous_9)
FNDA:0,(anonymous_10)
FNDA:0,(anonymous_11)
FNDA:0,(anonymous_12)
FNDA:0,(anonymous_13)
FNDA:0,(anonymous_14)
FNDA:0,(anonymous_15)
FNDA:0,(anonymous_16)
FNDA:0,(anonymous_17)
FNDA:0,(anonymous_18)
FNDA:0,(anonymous_19)
DA:1,0
DA:2,0
DA:3,0
DA:4,0
DA:9,0
DA:12,0
DA:14,0
DA:16,0
DA:24,0
DA:27,0
DA:28,0
DA:29,0
DA:33,0
DA:36,0
DA:37,0
DA:41,0
DA:45,0
DA:47,0
DA:48,0
DA:51,0
DA:56,0
DA:64,0
DA:68,0
DA:69,0
DA:72,0
DA:80,0
DA:83,0
DA:84,0
DA:88,0
DA:96,0
DA:101,0
DA:103,0
DA:114,0
DA:128,0
DA:136,0
DA:153,0
DA:162,0
DA:172,0
DA:173,0
DA:174,0
DA:175,0
DA:176,0
DA:183,0
DA:184,0
DA:186,0
DA:197,0
DA:198,0
DA:200,0
DA:209,0
LF:49
LH:0
BRDA:28,0,0,0
BRDA:36,1,0,0
BRDA:45,2,0,0
BRDA:45,2,1,0
BRDA:68,3,0,0
BRDA:83,4,0,0
BRDA:125,5,0,0
BRDA:126,6,0,0
BRDA:174,7,0,0
BRDA:174,7,1,0
BRDA:175,8,0,0
BRDA:175,8,1,0
BRDA:196,9,0,0
BRF:13
BRH:0
end_of_record
TN:
SF:src/services/user.service.ts
FN:9,(anonymous_4)
FN:17,(anonymous_5)
FN:46,(anonymous_6)
FN:55,(anonymous_7)
FN:68,(anonymous_8)
FNF:5
FNH:5
FNDA:19,(anonymous_4)
FNDA:6,(anonymous_5)
FNDA:3,(anonymous_6)
FNDA:5,(anonymous_7)
FNDA:5,(anonymous_8)
DA:1,3
DA:2,3
DA:3,3
DA:4,3
DA:8,3
DA:11,19
DA:18,6
DA:21,6
DA:25,6
DA:26,2
DA:27,1
DA:29,1
DA:30,1
DA:34,4
DA:40,3
DA:47,3
DA:56,5
DA:58,4
DA:59,3
DA:62,1
DA:69,5
DA:71,4
DA:72,2
DA:75,2
LF:24
LH:24
BRDA:25,0,0,2
BRDA:26,1,0,1
BRDA:29,2,0,1
BRDA:58,3,0,3
BRDA:71,4,0,2
BRF:5
BRH:5
end_of_record
