TN:
SF:src/app.module.ts
FNF:0
FNH:0
DA:1,0
DA:2,0
DA:3,0
DA:4,0
DA:5,0
DA:17,0
LF:6
LH:0
BRF:0
BRH:0
end_of_record
TN:
SF:src/controllers/message.controller.ts
FN:30,(anonymous_4)
FN:42,(anonymous_5)
FN:55,(anonymous_6)
FN:71,(anonymous_7)
FN:86,(anonymous_8)
FN:103,(anonymous_9)
FN:120,(anonymous_10)
FN:136,(anonymous_11)
FNF:8
FNH:8
FNDA:24,(anonymous_4)
FNDA:3,(anonymous_5)
FNDA:5,(anonymous_6)
FNDA:3,(anonymous_7)
FNDA:3,(anonymous_8)
FNDA:2,(anonymous_9)
FNDA:5,(anonymous_10)
FNDA:3,(anonymous_11)
DA:1,2
DA:15,2
DA:23,2
DA:24,2
DA:29,2
DA:30,24
DA:42,2
DA:43,3
DA:55,2
DA:59,5
DA:71,2
DA:72,3
DA:86,2
DA:91,3
DA:103,2
DA:104,2
DA:120,2
DA:125,5
DA:136,2
DA:140,3
LF:20
LH:20
BRDA:56,0,0,3
BRDA:57,1,0,3
BRDA:88,2,0,2
BRDA:89,3,0,2
BRF:4
BRH:4
end_of_record
TN:
SF:src/controllers/user.controller.ts
FN:23,(anonymous_4)
FN:35,(anonymous_5)
FN:46,(anonymous_6)
FN:59,(anonymous_7)
FN:72,(anonymous_8)
FNF:5
FNH:5
FNDA:22,(anonymous_4)
FNDA:7,(anonymous_5)
FNDA:4,(anonymous_6)
FNDA:6,(anonymous_7)
FNDA:6,(anonymous_8)
DA:1,2
DA:9,2
DA:16,2
DA:17,2
DA:18,2
DA:22,2
DA:23,22
DA:35,2
DA:36,7
DA:46,2
DA:47,4
DA:59,2
DA:60,6
DA:72,2
DA:73,6
LF:15
LH:15
BRF:0
BRH:0
end_of_record
TN:
SF:src/database/database.module.ts
FN:10,(anonymous_1)
FNF:1
FNH:0
FNDA:0,(anonymous_1)
DA:1,0
DA:2,0
DA:3,0
DA:4,0
DA:10,0
DA:25,0
LF:6
LH:0
BRF:0
BRH:0
end_of_record
TN:
SF:src/dto/create-message.dto.ts
FNF:0
FNH:0
DA:1,3
DA:2,3
DA:4,3
DA:13,3
DA:21,3
DA:30,3
LF:6
LH:6
BRF:0
BRH:0
end_of_record
TN:
SF:src/dto/create-user.dto.ts
FNF:0
FNH:0
DA:1,3
DA:2,3
DA:4,3
DA:13,3
DA:21,3
DA:31,3
LF:6
LH:6
BRF:0
BRH:0
end_of_record
TN:
SF:src/dto/message-response.dto.ts
FN:23,(anonymous_2)
FNF:1
FNH:0
FNDA:0,(anonymous_2)
DA:1,3
DA:2,3
DA:4,3
DA:6,3
DA:9,3
DA:12,3
DA:15,3
DA:18,3
DA:21,3
DA:23,0
DA:24,3
DA:27,3
DA:30,3
LF:13
LH:12
BRF:0
BRH:0
end_of_record
TN:
SF:src/dto/update-message.dto.ts
FNF:0
FNH:0
DA:1,3
DA:2,3
DA:4,3
DA:13,3
LF:4
LH:4
BRF:0
BRH:0
end_of_record
TN:
SF:src/entities/message.entity.ts
FN:44,(anonymous_2)
FN:44,(anonymous_3)
FN:49,(anonymous_4)
FN:49,(anonymous_5)
FN:53,(anonymous_6)
FN:53,(anonymous_7)
FNF:6
FNH:0
FNDA:0,(anonymous_2)
FNDA:0,(anonymous_3)
FNDA:0,(anonymous_4)
FNDA:0,(anonymous_5)
FNDA:0,(anonymous_6)
FNDA:0,(anonymous_7)
DA:1,5
DA:11,5
DA:14,5
DA:16,5
DA:19,5
DA:22,5
DA:25,5
DA:28,5
DA:31,5
DA:34,5
DA:38,5
DA:41,5
DA:44,0
DA:46,5
DA:49,0
DA:51,5
DA:53,0
DA:54,5
LF:18
LH:15
BRF:0
BRH:0
end_of_record
TN:
SF:src/entities/user.entity.ts
FN:35,(anonymous_2)
FN:35,(anonymous_3)
FNF:2
FNH:0
FNDA:0,(anonymous_2)
FNDA:0,(anonymous_3)
DA:1,5
DA:9,5
DA:12,5
DA:14,5
DA:17,5
DA:20,5
DA:23,5
DA:26,5
DA:29,5
DA:32,5
DA:35,0
DA:36,5
LF:12
LH:11
BRF:0
BRH:0
end_of_record
TN:
SF:src/filters/global-exception.filter.ts
FN:12,(anonymous_1)
FNF:1
FNH:1
FNDA:4,(anonymous_1)
DA:1,1
DA:11,1
DA:13,4
DA:14,4
DA:15,4
DA:17,4
DA:18,4
DA:19,4
DA:21,4
DA:22,3
DA:23,3
DA:25,3
DA:26,3
DA:27,3
DA:28,3
DA:30,0
DA:31,0
DA:33,1
DA:34,1
DA:37,4
DA:46,4
DA:51,4
LF:22
LH:20
BRDA:21,0,0,3
BRDA:21,0,1,1
BRDA:25,1,0,3
BRDA:25,1,1,0
BRDA:25,2,0,3
BRDA:25,2,1,3
BRDA:27,3,0,3
BRDA:27,3,1,0
BRDA:28,4,0,3
BRDA:28,4,1,0
BRDA:33,5,0,1
BRDA:48,6,0,4
BRDA:48,6,1,0
BRF:13
BRH:9
end_of_record
TN:
SF:src/modules/message.module.ts
FNF:0
FNH:0
DA:1,1
DA:2,1
DA:3,1
DA:4,1
DA:5,1
DA:6,1
DA:14,1
LF:7
LH:7
BRF:0
BRH:0
end_of_record
TN:
SF:src/modules/user.module.ts
FNF:0
FNH:0
DA:1,1
DA:2,1
DA:3,1
DA:4,1
DA:5,1
DA:13,1
LF:6
LH:6
BRF:0
BRH:0
end_of_record
TN:
SF:src/pipes/validation.pipe.ts
FN:12,(anonymous_1)
FN:22,(anonymous_2)
FN:34,(anonymous_3)
FNF:3
FNH:0
FNDA:0,(anonymous_1)
FNDA:0,(anonymous_2)
FNDA:0,(anonymous_3)
DA:1,0
DA:7,0
DA:8,0
DA:11,0
DA:13,0
DA:14,0
DA:17,0
DA:18,0
DA:20,0
DA:21,0
DA:22,0
DA:25,0
DA:31,0
DA:35,0
DA:36,0
LF:15
LH:0
BRDA:13,0,0,0
BRDA:13,1,0,0
BRDA:13,1,1,0
BRDA:20,2,0,0
BRDA:22,3,0,0
BRDA:22,3,1,0
BRF:6
BRH:0
end_of_record
TN:
SF:src/services/message.service.ts
FN:9,(anonymous_4)
FN:20,(anonymous_5)
FN:52,(anonymous_6)
FN:93,(anonymous_7)
FN:114,(anonymous_8)
FN:142,(anonymous_9)
FN:180,(anonymous_10)
FN:205,(anonymous_11)
FNF:8
FNH:8
FNDA:29,(anonymous_4)
FNDA:7,(anonymous_5)
FNDA:7,(anonymous_6)
FNDA:7,(anonymous_7)
FNDA:2,(anonymous_8)
FNDA:5,(anonymous_9)
FNDA:3,(anonymous_10)
FNDA:2,(anonymous_11)
DA:1,3
DA:2,3
DA:3,3
DA:4,3
DA:8,3
DA:11,29
DA:13,29
DA:21,7
DA:24,7
DA:25,7
DA:26,1
DA:30,6
DA:31,3
DA:34,3
DA:35,2
DA:39,4
DA:45,4
DA:57,7
DA:60,7
DA:61,2
DA:64,5
DA:67,7
DA:76,6
DA:77,3
DA:82,6
DA:94,7
DA:99,7
DA:100,5
DA:104,2
DA:108,2
DA:121,2
DA:125,2
DA:126,1
DA:129,1
DA:130,1
DA:147,5
DA:152,5
DA:153,1
DA:157,4
DA:158,1
DA:162,3
DA:163,3
DA:165,3
DA:168,1
DA:172,1
DA:181,3
DA:185,3
DA:186,1
DA:190,2
DA:191,1
DA:195,1
DA:196,1
DA:198,1
DA:206,2
DA:209,1
DA:216,1
DA:217,1
DA:222,1
DA:223,1
LF:59
LH:59
BRDA:25,0,0,1
BRDA:30,1,0,3
BRDA:34,2,0,2
BRDA:53,3,0,2
BRDA:54,4,0,2
BRDA:60,5,0,2
BRDA:60,5,1,5
BRDA:99,6,0,5
BRDA:114,7,0,1
BRDA:114,8,0,1
BRDA:125,9,0,1
BRDA:152,10,0,1
BRDA:157,11,0,1
BRDA:185,12,0,1
BRDA:190,13,0,1
BRF:15
BRH:15
end_of_record
TN:
SF:src/services/user.service.ts
FN:9,(anonymous_4)
FN:17,(anonymous_5)
FN:46,(anonymous_6)
FN:55,(anonymous_7)
FN:68,(anonymous_8)
FNF:5
FNH:5
FNDA:19,(anonymous_4)
FNDA:6,(anonymous_5)
FNDA:3,(anonymous_6)
FNDA:5,(anonymous_7)
FNDA:5,(anonymous_8)
DA:1,3
DA:2,3
DA:3,3
DA:4,3
DA:8,3
DA:11,19
DA:18,6
DA:21,6
DA:25,6
DA:26,2
DA:27,1
DA:29,1
DA:30,1
DA:34,4
DA:40,3
DA:47,3
DA:56,5
DA:58,4
DA:59,3
DA:62,1
DA:69,5
DA:71,4
DA:72,2
DA:75,2
LF:24
LH:24
BRDA:25,0,0,2
BRDA:26,1,0,1
BRDA:29,2,0,1
BRDA:58,3,0,3
BRDA:71,4,0,2
BRF:5
BRH:5
end_of_record
